process_radtags -p /home/burke/Documents/dls/crowRAD/DLS001C/ -i gzfastq -o /home/burke/Documents/dls/crowRAD/stacks/DLS001C/ -b /home/burke/Documents/dls/crowRAD/barcodes_stacks/barcodesDLS001C.txt -e sbfI --inline_null -r -c -q -D /home/burke/Documents/dls/crowRAD/stacks/discarded_reads/DLS001C
process_radtags version 1.42 executed 2016-10-03 19:35:05

File	Retained Reads	Low Quality	Ambiguous Barcodes	Ambiguous RAD-Tag	Total
DLS001C_index3_TTAGGC_L007_R1_001re.fastq.gz	3760489	157138	34477	47896	4000000
DLS001C_index3_TTAGGC_L007_R1_002re.fastq.gz	3702226	174837	74962	47975	4000000
DLS001C_index3_TTAGGC_L007_R1_003re.fastq.gz	1255647	70042	30376	16515	1372580
DLS001C_index3_TTAGGC_L008_R1_001.fastq.gz	3127089	466182	350744	55985	4000000
DLS001C_index3_TTAGGC_L008_R1_002.fastq.gz	2930397	569736	439269	60598	4000000
DLS001C_index3_TTAGGC_L008_R1_003.fastq.gz	2979955	479952	485113	54980	4000000
DLS001C_index3_TTAGGC_L008_R1_004.fastq.gz	2242623	504568	504622	50470	3302283

Total Sequences	24674863
Ambiguous Barcodes	1919563
Low Quality	2422455
Ambiguous RAD-Tag	334419
Retained Reads	19998426

Barcode	Filename	Total	No RadTag	Low Quality	Retained
TGCAT	ca02	2237686	16291	205434	2015961
AAGGA	ghc01	2164694	25809	188839	1950046
GCATG	ghc02	2834588	90463	359977	2384148
AACCA	ghc03	2716274	21624	278499	2416151
CAACC	ghc04	3913828	92159	425046	3396623
TCGAT	sea01	2938267	25084	269510	2643673
CGATC	sea02	3027706	29810	355424	2642472
GGTTG	sea04	2922257	33179	339726	2549352

Sequences not recorded
Barcode	Total
GCGTT	124535
GGCTT	90341
GAATC	88909
GACTA	57225
TCAAG	55337
TGTGG	48740
TGTAG	43243
TCAGG	41954
GAGTA	34621
TCACG	34608
TGATG	32097
TCATT	24923
TGTCG	24609
TGAAC	22004
TGTTT	21234
TGGTT	18761
TGATT	16725
CCACG	16502
TAATC	15808
AACAT	15511
TAAAC	15272
TGCTG	14755
AAGAT	14519
TGGTG	14386
GCGCT	14333
GGGTT	12780
AGCTA	12373
TACAA	11643
TACTA	10765
GGCCT	10332
TCTTG	9944
CAATG	9944
GAATA	9740
GCTTT	9667
TCGTG	9309
ACACG	8552
GATTA	8285
AGGTA	8180
TCATC	7771
GAGTG	7740
TGTTC	7446
GACTG	7139
GCGAG	6977
GGATT	6928
AGGAT	6893
TGACC	6839
CGCTT	6726
AATTA	6397
ACAGG	6388
GATTC	6306
TTTTG	6150
GGCAG	6081
TACCC	5979
GGCTA	5885
GGATA	5826
GAACG	5804
AAGTG	5780
CAATA	5683
TAACA	5664
CCGTT	5428
GGTAT	5426
CCGCT	5318
CGCCT	5251
ACGCT	5225
TAAAT	5115
ACCAT	5115
TGGAG	5022
TAGTA	5007
TGAAG	4991
TCTTT	4987
TGCTC	4942
ACGTT	4941
CGTCG	4934
TGGTC	4932
TCAAC	4883
GGCTC	4858
AACTC	4854
GTTGT	4718
TAGGT	4706
CATTC	4704
GGTGT	4684
AACTG	4658
GAACA	4593
TACCT	4547
GACTC	4440
GCTAT	4435
TAGAA	4425
AGTGG	4406
CCAAC	4393
AGCTC	4368
TGCCA	4342
AGCTT	4321
TCTAG	4314
AGCCT	4296
GGGTA	4210
TCATA	4206
GACTT	4200
AGGTG	4156
TGGGG	4115
TAGGC	4039
AAATA	4005
GGCCG	3992
TGAGC	3946
AGGTC	3894
GACCC	3884
AGTCG	3864
GAGGG	3847
GCAGT	3827
CACCT	3696
CGACG	3672
TGCCG	3632
TGTTA	3592
CTATA	3586
TAACT	3480
CTAGC	3372
AGATG	3370
TGACG	3294
TGTGT	3276
AGCTG	3250
GACCG	3248
AAGTC	3243
GAGTC	3204
TGTCT	3172
TGATA	3161
GCGCG	3133
GGGTC	3110
AGTTA	3075
GATCG	3053
AATGC	3016
TCAGT	3016
GCGTA	2925
TGGGA	2911
CGCCC	2896
GCCAT	2870
GCCTT	2852
GATCC	2836
CGGTT	2831
TAATG	2793
TGAGG	2777
CGCAC	2757
CGTTA	2752
AGGGG	2747
TTTGG	2741
AATCC	2725
CCAGG	2688
CCATA	2653
CATCA	2647
TCTCT	2625
CGAAT	2625
GATCA	2623
GGGGG	2596
AGGTT	2591
GAGGC	2585
TGCTA	2576
GCTAG	2539
CGACA	2529
GTCAT	2522
TCGCC	2504
AGATA	2502
TCACT	2488
AAATG	2485
TCACC	2432
TACTT	2423
GTCTT	2415
GAGTT	2412
TAACG	2406
ACATA	2384
GACAT	2370
TATTG	2369
ACGAA	2364
CATCG	2312
CGTCT	2296
CCAGC	2259
TATCC	2230
GGACC	2205
CGACT	2204
GCTGT	2143
CGTGG	2124
TCGTC	2113
GCAAT	2112
TACAC	2099
AGCCG	2095
TGCCC	2089
TAGTT	2063
GAATT	2055
CGGTG	2047
GGTCT	2000
AAGTT	1987
CGCTG	1981
GTATC	1980
GGACG	1977
CCGAC	1948
GCTCG	1938
GCGTC	1927
GATGA	1919
GCGAA	1913
CTAAC	1909
GGAAG	1869
TGTAC	1861
TGGTA	1841
CCATT	1831
TAGGG	1819
TATCA	1818
CGTCC	1811
GGAGC	1810
AATCG	1802
CCAAG	1783
GGGAG	1782
TCCTT	1771
CGAAA	1753
TTTAG	1741
TCAAA	1737
AGCCC	1716
AACTT	1698
CGTTT	1678
TAATT	1668
CGAGA	1664
AATGG	1659
TAAAA	1653
AATTG	1651
CGAGG	1645
GATGT	1641
TTCAA	1636
GCACC	1622
GCGAC	1621
CATGT	1612
CCGCC	1604
TATCG	1599
TTTGT	1587
GGAAC	1568
AGGGC	1557
TCGCG	1549
GATGG	1536
GGGAT	1506
CGTGC	1474
TATAA	1473
TCCTG	1461
TAATA	1455
TCTGG	1439
CACAT	1437
TGGGT	1434
TGACT	1426
AAACG	1398
AGTTC	1392
TATAT	1388
AAAGG	1387
CATTG	1385
GCGCC	1365
ACGCA	1351
TCGCA	1346
TCCAG	1325
CGGAT	1324
TCTCG	1305
GCTCT	1292
TCCCT	1291
CAATT	1274
CTCAT	1270
TACCG	1240
GACCT	1232
TATAC	1225
ACACA	1220
AAATC	1215
TCGTA	1203
CGTAC	1202
CATCT	1191
ACGTA	1187
CGGAG	1168
AGCAA	1168
TATTA	1166
GCTGG	1136
TTTCG	1122
TACTC	1117
TTTTA	1107
GGAGG	1104
TATCT	1101
TAGAC	1079
CGGGG	1063
TGGAC	1060
TGAAA	1056
TATTC	1055
TATGG	1050
CAAAA	1046
TCACA	1039
TGGCT	1030
CGGCT	1019
GGCAA	1000
ACAAG	989
GCTTC	984
TCAGC	983
TATAG	981
GATCT	980
TAGTG	966
GCCTA	961
CTTTG	956
TATGA	948
CAAGA	944
CGGCA	941
TACTG	925
CGAAG	924
GGCCC	923
GCACT	922
CGGGA	916
CGGGC	913
GGCAC	909
ATCAT	893
CACTC	890
CCACA	879
TGTGC	858
GATTT	857
GCTTA	850
ACATC	846
ACGAC	846
TTCAC	837
CAAAT	830
TGTAA	822
TTAAC	816
TCAGA	814
TCTGT	803
CATGC	800
TTATC	799
CGGTA	798
AACAC	792
TCGGA	781
TAGCT	780
GGCCA	779
GCAAC	777
ACGTG	774
GTGTG	773
TAGTC	761
CCGAA	761
TAAAG	756
GGAAT	752
GCGCA	749
ACATT	749
TTGCA	746
CTATG	743
CGGCC	735
GCCCT	733
AGTTT	729
TCCAA	728
TGGAA	727
GGTCC	725
GTTGG	716
CCGTC	716
CGTAG	711
TCCCG	707
ACGCC	704
ACAGA	702
AATTC	699
CGCTA	697
ACCCG	697
CCAAT	690
GATAG	689
TCTAC	686
GCCCG	686
AAAGC	675
TATGT	673
GAACT	670
CAGGC	665
GTTTT	664
TTCTT	663
CCACT	658
TTTAT	658
ACTTG	651
AAGCT	649
TCCAC	636
GAGGT	627
TATTT	618
TGGCG	611
CCTTG	609
AGTGA	603
GCACA	602
TTTTT	601
GTTAG	598
CCAAA	589
CGCAA	582
AAGCC	578
CTAGA	575
GGGCG	575
TGGGC	574
CGGAC	570
CGCCG	568
TAAGC	568
ACGAG	568
CTACA	564
CGGGT	561
TGTCC	559
CAGTC	556
TGTCA	555
TTTGC	552
TGAGT	551
ACCTG	548
TCTAA	546
ATGCA	544
TAGCA	542
CCCAT	539
GTCTG	532
TAGCC	530
ACGGG	530
ACGGT	525
GGGGA	525
GACAA	524
TGACA	523
CGCCA	517
GAGAT	512
AGTCA	511
TTATG	510
TAAGG	508
TGTGA	499
GGTGC	498
GAAAC	495
CGAGT	491
TGCGG	490
CGGAA	488
TCTTC	485
GGGCT	484
TTGTG	484
CAGCA	484
CGTAT	483
AGCAG	480
TGGCA	477
TCCCA	475
GGTCA	469
TTTTC	466
TCGGG	466
TCTTA	463
ATTGG	460
GTTCG	459
CCGAG	458
ATTTG	456
TACAG	447
GCGGG	446
ACCTA	446
CGCAG	443
CCGTG	438
GCCAG	436
CCTCT	431
CTTCG	431
CGGCG	423
GGTAC	422
GATGC	414
GAAGG	414
AGCAC	412
AGACG	397
CCAGA	389
AGGGT	389
AGTAG	381
TTAGC	379
TAGAG	375
NAATC	371
CACAC	369
CCGCA	368
CACCG	367
GCCTC	367
ACCTT	366
CCTTC	365
GCAGC	363
AGTCT	361
ACACC	361
AAGAC	360
CACTA	360
ACTCT	358
TTCAG	358
GTTTC	354
TCCGA	353
TATGC	350
GAAAG	349
TCTGC	348
CATTA	348
TTCCT	346
TAAGA	345
CTTGG	344
TCCCC	341
GTTTA	340
GTATT	336
GGTGA	335
NCGTT	334
ACCCT	333
CTAAA	332
TGAGA	331
ATTCG	330
GCAGA	329
GGGGT	326
AAAAA	323
TTTGA	322
TCCGG	319
CATAC	317
CCTAT	308
CACTG	307
AGGCT	306
TTTCA	304
GCAAA	304
TCCTA	302
TTAAT	296
CACTT	295
ACGTC	290
GAGCG	287
TTACC	287
AATCT	286
GAAGC	286
AATAA	283
GCCCA	281
GACAG	279
CTTTA	275
TTTAC	275
TTGGG	274
CTTTC	272
CAGCT	270
AGTAT	268
GTATA	264
NGCTT	263
TTTAA	263
AGGAG	263
GCGGA	260
GAAGA	257
CCCCC	254
CAAAG	253
TCTCC	248
GTCCT	247
GTGCA	247
ACACT	244
AGAGG	240
TGGCC	240
TCTCA	239
TTCGA	239
CTATT	237
CGCGC	236
GGACT	235
GGGGC	235
AGTGT	234
CCTCC	230
ACTAT	229
NACTA	225
ACAGT	225
CAGTA	224
AAGCG	223
CAGAC	223
TTTCC	222
GCTAC	222
ACAGC	221
CCTTT	221
CCTGC	219
CGTCA	218
AAGAG	216
CTGCA	215
AGATT	209
GACAC	208
AGACC	208
GAGCC	207
GCTCC	206
CCCTG	206
ACAAA	205
CCGCG	204
ACGCG	204
GCGGT	203
CCAGT	202
GAGCA	202
ACGGC	198
ATGTG	198
AACAG	197
TTCTG	197
TTGAG	192
GCCCC	191
AATGT	191
GGCGG	190
GCTCA	187
CAGAT	187
ACCCC	187
CATGG	185
ACAAT	184
CCTCG	184
GAGAG	183
AGACA	182
CATTT	182
ACTCG	182
GGTAA	178
TCGGC	175
GAAAT	174
TTAGG	173
GGACA	173
GCTGC	171
NGATG	170
TTTCT	169
AGGCG	167
GATAT	164
CATGA	163
AATAT	163
ACTGG	158
CCCCT	158
AGTGC	153
CAAGG	153
CTAGG	148
CACAA	148
GCCAC	148
ACTTA	147
TTAAG	147
AGTCC	145
AATTT	145
TTGTT	144
TACGA	144
GGGAC	144
TCCTC	143
ATTGC	141
ACTCA	141
AACGC	140
CTCTG	140
ACTTT	140
CGTGT	139
GTGTT	133
ACAAC	132
AGGAA	132
TTCCC	132
CTACG	131
ACCAA	131
GAAAA	130
CGTGA	129
CCTAC	127
AAAAC	126
AGGCA	126
GTCTA	125
GAGCT	125
AAAAG	124
GAGAA	123
GGGCC	122
TTAAA	121
AAACT	120
CCCAC	120
TNATG	119
CGCGG	119
TTATT	118
CCGTA	118
TCTGA	117
CAGTG	116
GATAA	115
TTACG	115
TTGGA	112
AGGCC	112
TTCCA	112
TTGTA	112
NGAAC	110
GGAGT	110
ATGGG	109
AGAGC	107
CGTAA	107
CTAAT	107
TAGCG	107
CAGTT	105
GTGTA	104
TTGGT	104
GGCGT	104
TNTTG	103
GATAC	103
GCTAA	102
NGGTG	100
TAAGT	100
TGTNG	98
CTTGT	97
CCCCG	97
CCCTC	97
CAGCG	97
NGACC	97
ATTGT	96
GGGCA	96
NAGTA	95
GGGAA	95
AGGAC	94
CCTAG	94
CTCAC	93
CAAGT	92
GCCAA	92
NCACG	92
CCTTA	92
CACGC	91
AATAG	91
GGAGA	91
GTTAT	90
GTCTC	89
CCTGG	88
TTATA	87
CTTAG	87
NGAGC	86
ACTGA	86
GTCAG	86
NAACA	86
TTCCG	84
TTCTA	84
AAATT	83
TCANG	82
CCCTT	82
ACTTC	82
GGAAA	81
NGTTT	79
CTCCC	79
NGCTG	78
TTGAA	77
ACCAG	77
CTCCT	75
CTTCC	75
ATCTG	75
CTTGC	74
ACCTC	74
CCCCA	74
AGAGA	73
GCTGA	73
AGAAG	73
AATAC	72
CCTGT	72
ACCAC	71
NCAAG	71
CTCCA	71
NGTGG	71
GTGGT	70
NCAGG	69
CTGTG	69
AACGG	69
ATGAT	68
CACGA	67
CATAA	67
AGCGG	67
TACGT	66
NGTAG	66
CAGGG	66
CTAAG	65
AAAAT	65
CTCTA	64
ATTCA	64
CATAT	63
GTGGG	63
CCCAG	63
CAGGT	63
CATAG	63
ACTAG	62
CAANN	62
AGTAA	62
ATTGA	62
CCGGC	61
GTGAT	61
CTCTC	61
GCGGC	61
AACGT	60
TGCGA	60
ATCAA	60
GAGAC	60
AGAAT	60
CCCGC	59
NAATG	58
GTCCC	58
CAGAA	58
ATGTA	58
GTTAC	57
GTTGC	57
NCATC	56
NCATT	56
TTGGC	53
CCCTA	53
ACTGT	53
TCCGT	52
NGTCG	52
AGCGA	52
ACCGG	51
CTTCA	51
GTGTC	51
GTCCG	50
CCGGT	50
ACTGC	49
CANCN	49
TTAGT	49
NAACG	49
ATTAG	48
GCCGG	48
CACAG	48
GCGNT	48
TGCGC	48
CTAGT	47
NGATT	46
GGCNT	46
CTACT	46
CTNTC	45
NGTTC	45
ATTTA	45
CCCAA	45
TGNTG	44
CCGGA	44
GTTGA	44
AAAGT	44
AACNN	44
AANTA	43
TTCTC	43
ATCCG	43
TTGCC	43
TTGCG	43
CTTTT	43
GTAGT	42
CTCTT	41
NAACN	41
NACCC	41
TTGAC	41
CCTCA	41
CNACN	40
ACTCC	40
TTCGT	39
GAAGT	39
NTATC	39
CGCGA	39
CCGGG	39
NCGTG	38
NACAT	38
AGAAC	38
GTCAC	38
GTAAG	38
TTAGA	38
GACGA	37
GTTCT	37
GACGG	37
NTCAT	37
GTAGG	37
AGACT	37
GTGAG	36
CTTGA	36
TTGCT	35
GCANT	35
NTTTG	34
NGCAG	33
CCCGG	33
NCGAG	33
CTGGA	33
ATATG	33
CCTGA	33
TTGTC	32
AANCN	32
TNGTT	32
GTCCA	32
ANCCN	32
NACCN	32
TACGG	31
GCCGA	31
CCTAA	31
ATGGC	31
CAGAG	31
AGCGT	31
TTCGG	30
TGTNT	30
TTNAT	29
TCANN	29
GCCGT	29
GTAAC	29
TCNTG	29
NCGAN	29
CTTAC	29
GCNTT	28
GGCGC	28
CGANN	28
ATCCC	28
ATCTA	28
CTGAG	28
CTTCT	27
NGTTN	27
ATTTC	27
TTACA	27
CTGGG	27
CTCAA	27
GNATC	27
GTTCC	27
CTTAA	27
CTGTC	26
TNCAN	26
NCTTG	26
TCANT	26
CTGAT	25
GTTCA	25
AATNA	25
CTCGC	25
TACGC	25
GGNTT	25
NGGTT	25
CGCGT	24
NAGGT	24
NAGGG	24
TCNAN	24
GGTNT	24
ATGGT	24
AAGNN	24
GTCGA	24
CTCCG	24
ACTAC	24
GTCAA	24
ACTAA	23
GCANN	23
AGAAA	23
ATATC	23
AGTAC	23
GTCGT	23
CNAAC	23
NACTG	23
GCNAT	22
TGNTT	22
ACCGA	22
TCCGC	22
TCNTT	22
CNATG	22
CTCAG	21
TNCTT	21
CTGGC	21
NAGGC	21
CTGGT	21
CGNTN	20
GNCAT	20
GNCTT	20
NCGCT	20
TCTNT	20
NAGGN	20
ATGTT	20
CCCGA	20
ATCCT	20
GTACG	20
GTAGC	20
GTGGC	19
ATACG	19
GTGGA	19
NACAA	19
NCATN	19
NATTA	19
GNGTT	19
GTACC	19
NATCC	19
ATTTT	19
GNGAT	19
CTNTN	19
TCTNN	19
TTCNN	19
NGATN	19
CNATN	18
CTGAC	18
CTGCC	18
GTNTT	18
NACCG	18
NGATA	18
GCNTN	18
NCAAT	17
CTCGA	17
GTAAT	17
CTANN	17
CTGTA	17
TCATN	17
GACGT	17
GTCGG	16
ATTCC	16
ANCTA	16
CTGTT	16
NAAAC	16
AGAGT	16
NAGAT	16
NGGGG	16
GTGCC	16
TCTAN	16
ATCAC	16
AANCC	16
CACGG	16
ACCGT	15
AGCGC	15
NCATA	15
CACGT	15
NAATA	15
TTCGC	15
ATCAG	15
ATCTT	15
NATGA	15
TNTGG	15
GNATT	15
CAANA	15
NGGAT	15
NACCT	15
GTGCG	14
NCTTT	14
NGCCT	14
ATAGG	14
NAACT	14
TNGAN	14
GTAAA	14
TGTTN	14
TNACC	14
GGTNN	14
GNATN	14
AATTN	14
CNAGC	14
TCGNN	14
GNTTN	14
TGCNN	14
GGCGA	13
TGTNN	13
TCGNG	13
AANTN	13
NGAAT	13
NGACG	13
NCACT	13
CTANC	13
NATTG	13
CTGAA	13
TTNTT	13
NGTAT	13
CAANG	13
NGCTA	13
GTTAA	12
ATATA	12
ATCGT	12
ACCGC	12
CTCGG	12
TCAAN	12
NCGAA	12
TTNTG	12
TTACT	12
TNTAN	12
NGCTC	12
CANCA	12
ANCCC	12
NCCAT	12
CCCGT	12
GACGC	12
GCCGC	11
NCACC	11
AACNG	11
CAATN	11
AANGN	11
NGGAG	11
GGNAT	11
GTGCT	11
ATACC	11
AATNN	11
TNAGG	11
TNATN	11
TNATT	11
ATGAG	11
GTNTG	11
GNTTT	11
CTGCG	11
GNTGT	10
ANGAT	10
TNAAT	10
NCGTA	10
NACTT	10
TNGGA	10
ATGCC	10
TAANC	10
TNATC	10
NGCAN	10
NGTTA	10
GGNTN	10
CNATT	10
NAGTG	10
CNACT	9
CNACG	9
ATGAA	9
NGAGG	9
GNCTG	9
CANTC	9
NTCTT	9
CCANC	9
ANCAT	9
TAGNA	9
AGTNG	9
GAATN	9
TCNAG	9
ATGAC	9
GTGAC	9
TTCNT	8
GNGTG	8
GNGTA	8
TTTNN	8
NATTC	8
NTTAG	8
NCCTG	8
NATCG	8
NGCCG	8
NATCA	8
NAGTT	8
NGTCT	8
NGTGT	8
NTAAC	8
GTGAA	8
TACNT	8
NAATT	8
TANAT	8
TCNTN	8
TGANC	8
TGATN	8
ACANG	8
ATAGC	8
CTATN	8
GCANC	8
GGATN	8
GGCNG	8
GNCTA	8
GGCAN	8
NNCAT	7
TTCAN	7
AACNC	7
CGANG	7
ATACA	7
ATCTC	7
ATGTC	7
AANGC	7
NTATA	7
ATGCG	7
AATGN	7
TNTAG	7
TNTTN	7
GNACC	7
CCANN	7
ANGTN	7
GCTTN	7
GGANC	7
NGCCA	7
GCTNT	7
NTTGG	7
ACGNT	7
NGGTA	7
CANTN	7
TGNTN	6
TAANA	6
CGANT	6
ANGGT	6
NCCTT	6
GGNTA	6
TNAAG	6
NCAGT	6
ANCCT	6
GANTG	6
GGCNN	6
GANTA	6
CTTAT	6
ANATG	6
GTTNT	6
ATAAG	6
ANACA	6
GTTTN	6
TANCC	6
NAGTC	6
NAAGC	6
NACAC	6
NACTC	6
GTCGC	6
TNTAT	6
GNGTN	6
NTAGC	6
NGAAG	6
TNCCA	6
GCGAN	6
NCTGT	6
CNACA	6
AACNT	6
AACTN	6
NCTAT	6
GATTN	5
ANATN	5
CNATA	5
NCAAC	5
ANTTN	5
AAGNC	5
ACNAN	5
ACNAT	5
TTANN	5
ACNTG	5
GNTAG	5
GCTNN	5
GACTN	5
CGNCC	5
NAGAA	5
CCGNT	5
ATTCT	5
TTTNG	5
GGANG	5
CGNTG	5
GANCC	5
NAATN	5
ANTTG	5
ATTAT	5
TTNAN	5
TCGNC	5
ATTAA	5
TTNAG	5
AGNTG	5
CTANA	5
AANGG	5
TGGNT	5
NNCCA	5
ATATT	5
TGNAG	5
NTATG	5
TGNTC	5
CNTCT	5
CTGCT	5
ATAGT	5
ANGTA	5
GCGNG	5
AAGTN	5
NTTCG	5
TNACG	5
TNAAN	5
ANTGN	5
CGANA	5
AANTG	5
GGCTN	5
TGCNG	5
TACNN	5
TNTTT	5
GTAGA	5
NNATC	5
NAGCT	4
NGCAC	4
TAGGN	4
TCAGN	4
NNAAC	4
NNACC	4
TCANA	4
TCANC	4
ANCCG	4
GAGTN	4
GCANA	4
CAANT	4
NGGGA	4
ANGGN	4
GCTNG	4
ANGGC	4
NGCAA	4
NGGGT	4
TACCN	4
NNCCG	4
TACAN	4
TNCTG	4
TGAAN	4
TGANT	4
AATNG	4
GTNTN	4
TGGTN	4
TGNAN	4
GGNAG	4
TGNGG	4
GGNTC	4
ATCGG	4
AAGNT	4
AAGNG	4
ANTTA	4
TNGTG	4
TNGTN	4
GNAGG	4
GNATA	4
GNTTC	4
GNTTA	4
GNTCG	4
TTGNN	4
CGNAC	4
AAANC	4
AAANA	4
GAANA	4
CCNAT	4
NACTN	4
GTTNG	4
NACAN	4
GAACN	4
GAANC	4
ATAAA	4
TCGNA	4
TCCNT	4
TCGTN	4
CNAGN	3
NNGCT	3
CNCCC	3
AGGNA	3
TNTCG	3
NNATG	3
GAANG	3
TNGTC	3
NNCTA	3
NNGAT	3
NTATT	3
TCACN	3
NGTGC	3
NGTCC	3
CNAAN	3
NGTCA	3
CANTA	3
CGTNG	3
GAGNA	3
GACNA	3
CANGN	3
CGNAN	3
CGNTA	3
GACNC	3
CANCG	3
TTTTN	3
GNGAG	3
ANGCA	3
ACGAN	3
ANACN	3
ANACC	3
TACTN	3
ACANT	3
GANTC	3
ACANA	3
TCTTN	3
TACNC	3
TACNA	3
TGCTN	3
CGAGN	3
AANGT	3
GANGG	3
CCANG	3
TNGAG	3
TANCN	3
TAANT	3
TAANN	3
GANCG	3
TGNTA	3
CCNTG	3
CTAGN	3
NTTTA	3
NTTGT	3
AGNAT	3
TNACN	3
NTCAC	3
CNTTC	3
TNCAG	3
ATCGA	3
CAAGN	3
GNCTC	3
GGGTN	3
ATCGC	3
NCAAA	3
GGCNC	3
GCNTC	3
NCTAG	3
NCACA	3
GGGGN	3
CACCN	3
NCGGT	3
GCNAN	3
NAGCA	3
NCGCG	3
NCGAC	3
GNACG	3
GTATN	3
GNGGA	3
NAGTN	3
CNTTG	2
NCCCC	2
ANGGG	2
TGANG	2
GCNAG	2
NAGCC	2
TNAGN	2
GTNTA	2
TAATN	2
GTNTC	2
TNACT	2
GGTNA	2
TNACA	2
NCAGN	2
GGTGN	2
TGTNC	2
NCAGC	2
AGCNA	2
AGCNN	2
GANCA	2
GNAAG	2
GNAAN	2
CCACN	2
TNGTA	2
CTNGN	2
CNGGG	2
TATNT	2
TNGCT	2
CCAGN	2
AGCCN	2
TGGAN	2
TGANA	2
CNGTT	2
TATNN	2
ANGTG	2
TNCTN	2
ANGTC	2
TAACN	2
CTNAT	2
TNCCT	2
CGACN	2
ANAGN	2
ANAGG	2
TGNAC	2
TAGNG	2
GGGNT	2
TAGNT	2
ANACG	2
ATAGA	2
NATGG	2
GCTAN	2
ANATA	2
TANAN	2
GGGNG	2
TANCA	2
TANTN	2
AGGGN	2
TANCT	2
TGGNA	2
TANGN	2
TANTC	2
AGTNC	2
TANTG	2
GANTT	2
GANTN	2
CTCGT	2
AANAA	2
AANAT	2
GTNAN	2
AGTNA	2
GCNTA	2
TGTCN	2
NATAC	2
AGTNT	2
AANTC	2
AANCG	2
CTANG	2
TGNGT	2
GGNAN	2
GANGT	2
CCATN	2
NCGTC	2
CCNTC	2
AAANN	2
CGTNC	2
NGCTN	2
AAANG	2
CGTNT	2
NNATT	2
TTCNC	2
ACTNN	2
TCCTN	2
CCNAN	2
TCTNG	2
NCGGA	2
TCNGT	2
GNTGG	2
CCNAC	2
GNCCA	2
GCAAN	2
GNGTC	2
TTNGG	2
TTGTN	2
NGTAC	2
AACAN	2
NCTTC	2
TTNTC	2
GNCTN	2
GNCCT	2
NGGCT	2
NCTCT	2
NAAGA	2
NAAGT	2
ATTAC	2
CGCNT	2
AAATN	2
NCGCC	2
ATAAT	2
NTGAT	2
NTCTG	2
TTTNT	2
TCNCG	2
TNTGN	2
TCNAA	2
TNTGT	2
NAAAT	2
AAACN	2
GTACT	2
GNCAN	2
NTATN	2
TCNGG	2
GATNG	2
GNAGT	2
CNGAT	2
ATTNN	2
ACGNA	2
GTACA	2
GCCNG	2
TTATN	2
CNCAT	2
AAGCN	2
ANTGG	2
CNCCN	2
CGNGC	2
GACAN	2
NTACC	2
GNGAN	2
CANAC	2
CTTNG	1
CGNCA	1
CTTNN	1
TGCNC	1
TCNCT	1
CTCNT	1
TCNGN	1
TCNTA	1
CTTNA	1
GGGAN	1
CTNCN	1
CTNAN	1
CGAAN	1
ATNAN	1
ATNAT	1
ACGGN	1
GTTNN	1
GTTNC	1
GTTNA	1
CTGTN	1
TGAGN	1
ACCNT	1
CTNGT	1
CTNTA	1
CTTTN	1
ACCNN	1
CTNTT	1
NAAAG	1
ACGNG	1
TCTGN	1
ACGNN	1
CTNTG	1
ACNAG	1
NAAAA	1
ACACN	1
CTGGN	1
ATNCT	1
ACNCC	1
AATNT	1
CTTNC	1
ACNGG	1
ACNTA	1
TGCCN	1
TTCNG	1
GNTCA	1
TTGGN	1
CGGGN	1
CGCNN	1
CGCNG	1
CGCNC	1
CGTNA	1
GNTGC	1
CGTNN	1
TTGNT	1
TTCNA	1
CNAAA	1
CNAAG	1
CNAAT	1
CNAGA	1
GNCAG	1
GNCAA	1
CNCGC	1
GNGGC	1
GNGCG	1
CGNCG	1
GNGCT	1
TTTNC	1
TTTNA	1
TTTGN	1
AAAGN	1
CGNGG	1
CNCTA	1
TTTAN	1
AAANT	1
GNGGG	1
TTNTN	1
TTNGN	1
GNTAA	1
CGNAG	1
GNTAT	1
GGNCN	1
CNTCN	1
CNTGT	1
TNATA	1
TGTGN	1
GTCNG	1
GTCNN	1
GTCNT	1
TGTAN	1
ATCNT	1
TNCAA	1
TGNCA	1
GGNAC	1
AANCT	1
GGGNN	1
TGGNN	1
TGGNG	1
GTGTN	1
GTNAG	1
TNGGN	1
GNAGA	1
CNCTT	1
TNTTC	1
CNGAC	1
TNTCA	1
GTANT	1
GNAAT	1
CNGGA	1
GTNAT	1
TNGGG	1
TNGGC	1
TNGCC	1
TNGCA	1
CNGTC	1
TNGAA	1
TNCTA	1
CNTCA	1
GCNGG	1
CGNAT	1
NNGCC	1
ANATT	1
NNGCG	1
ANCAA	1
ANCAG	1
ANCAN	1
NATTN	1
GCGGN	1
GCNGN	1
NNGCA	1
NCACN	1
NNGGA	1
NNGTA	1
CCANT	1
GCNCT	1
GCNCN	1
ANCTC	1
NNTAG	1
NNTAT	1
TANGA	1
NNACA	1
NNAGC	1
AGTCN	1
TATCN	1
NCTAA	1
AGTTN	1
NCGTN	1
CACNC	1
TANTT	1
NNTCA	1
NATAG	1
TANCG	1
NNCCT	1
TANAA	1
NATGT	1
TAGNN	1
GANGN	1
NNCTG	1
NNCTT	1
NTGCT	1
NTCTA	1
NCCGA	1
TAAAN	1
ANGTT	1
ANTAN	1
NTGCA	1
ANTCA	1
NTTTN	1
NCCTA	1
NCCCT	1
NCCTN	1
NTTCN	1
GCGNN	1
NTTCA	1
NTTAT	1
NTGGA	1
NTGTN	1
NTGGT	1
NTGGN	1
GCNCC	1
NNTTC	1
GATNT	1
NTAAG	1
NTAAN	1
NTACA	1
ANCTG	1
NTACT	1
ANCTN	1
ANGAA	1
ANAAN	1
GCGTN	1
NTCAA	1
GATCN	1
NTCAG	1
NTCAN	1
CCANA	1
CCAAN	1
NTCGA	1
NCCCG	1
NGAAN	1
GACCN	1
GCAGN	1
AGANC	1
NGGCA	1
NGGCG	1
TCCAN	1
AGATN	1
AGCAN	1
NGGAC	1
CACNT	1
NACGA	1
NGAAA	1
GACNT	1
NGGTC	1
CCGAN	1
GCACN	1
NGTAA	1
GAAGN	1
TCNAC	1
ACNTT	1
CCNTT	1
GCCNT	1
NGAGA	1
TCGGN	1
CCNTA	1
CCNGN	1
NNAAG	1
NGACT	1
NGCCC	1
NGCGG	1
NACAG	1
NGACA	1
CCGNG	1
ANTGA	1
NCTGG	1
NCTCG	1
AGNAC	1
NCTCA	1
AGNCA	1
TATNG	1
AGCNT	1
GAGNG	1
NCTGC	1
CATNN	1
CANTG	1
NAGCG	1
GAGGN	1
CATNC	1
AGNTN	1
