process_radtags -p /home/burke/Documents/dls/crowRAD/DLS001A/ -i gzfastq -o /home/burke/Documents/dls/crowRAD/stacks/DLS001A/ -b /home/burke/Documents/dls/crowRAD/barcodes_stacks/barcodesDLS001A.txt -e sbfI --inline_null -r -c -q -D /home/burke/Documents/dls/crowRAD/stacks/discarded_reads/DLS001A
process_radtags version 1.42 executed 2016-10-03 19:21:20

File	Retained Reads	Low Quality	Ambiguous Barcodes	Ambiguous RAD-Tag	Total
DLS001A_index1_ATCACG_L007_R1_001re.fastq.gz	3773583	171626	26785	28006	4000000
DLS001A_index1_ATCACG_L007_R1_002re.fastq.gz	3726030	187884	57553	28533	4000000
DLS001A_index1_ATCACG_L007_R1_003re.fastq.gz	907219	58201	22874	7349	995643
DLS001A_index1_ATCACG_L008_R1_001.fastq.gz	3134086	500604	326826	38484	4000000
DLS001A_index1_ATCACG_L008_R1_002.fastq.gz	2910319	618584	427481	43616	4000000
DLS001A_index1_ATCACG_L008_R1_003.fastq.gz	3014812	506204	441795	37189	4000000
DLS001A_index1_ATCACG_L008_R1_004.fastq.gz	2419470	585528	525876	38810	3569684

Total Sequences	24565327
Ambiguous Barcodes	1829190
Low Quality	2628631
Ambiguous RAD-Tag	221987
Retained Reads	19885519

Barcode	Filename	Total	No RadTag	Low Quality	Retained
TGCAT	ca04	2823973	13393	274913	2535667
AAGGA	kit02	3192337	25225	298050	2869062
GCATG	kit04	2177753	55966	319195	1802592
AACCA	vic04	1180063	8942	144101	1027020
CAACC	cbc03	3661745	51268	437582	3172895
TCGAT	cbc04	1582936	9471	166814	1406651
CGATC	nbc01	4252853	26407	519208	3707238
GGTTG	hmr04	3864477	31315	468768	3364394

Sequences not recorded
Barcode	Total
GGCTT	114443
GAATC	83470
GCGTT	66596
TGTGG	63383
TGTAG	55999
GAGTA	50257
TCAAG	40565
TGATG	37325
TGTCG	31272
TCAGG	31012
TGAAC	30487
GACTA	26940
TGTTT	25891
TCACG	25233
TGCTG	19387
TGGTG	18540
TGATT	17129
TCATT	17096
TAAAC	14870
TAATC	14669
TGGTT	13770
GGCCT	13542
CCACG	12874
AGGTA	11396
GAGTG	10666
TGTTC	10046
CAATG	9422
GGGTT	9374
GAATA	8985
TCTTG	8894
CGCTT	8860
TTTTG	8401
GATTA	8008
GGCAG	7974
GGATT	7883
TGACC	7823
GCGCT	7614
AAGAT	7430
GGATA	7232
AGCTA	7188
TACAA	7007
GGTAT	6968
CGCCT	6889
TAGTA	6850
TCATC	6762
AAGTG	6524
CAATA	6418
TGCTC	6380
GATTC	6308
CGTCG	6264
TGGAG	6255
ACACG	6159
TAGAA	5967
GGCTC	5955
AGGAT	5933
TAGGT	5914
TCGTG	5841
AATTA	5775
GCTTT	5758
TAGGC	5688
AACAT	5675
GAACG	5587
TGAAG	5578
AGTGG	5577
GAGGG	5544
GGGTA	5395
TGAGC	5380
AGGTG	5341
TGGGG	5314
CTATA	5302
TAAAT	5301
AGGTC	5280
AGCCT	5175
CCAAC	5175
GGCCG	5065
AGCTT	5049
TACTA	4985
GACTG	4963
GGCTA	4952
CTAGC	4892
AGTCG	4889
TAACA	4859
ACAGG	4784
CATTC	4709
AAGTC	4691
TCAAC	4645
TGGTC	4630
TGCCG	4537
TGTTA	4518
GAGTC	4433
TCTAG	4354
GACTT	4322
CGACG	4313
GCGAG	4177
GTTGT	4164
TACCC	4119
CGCCC	4034
TGATA	4010
GAACA	4008
TACCT	3997
TGTCT	3992
TGACG	3992
TGGGA	3965
CGCAC	3927
AGCTG	3785
GAGGC	3736
CGTTA	3729
AGGGG	3671
TTTGG	3664
AGTTA	3622
GGTGT	3557
CGAAT	3460
GGGTC	3400
GGGGG	3364
GATCG	3342
AAATA	3309
TGTGT	3265
TCATA	3261
TGAGG	3238
TAACT	3198
CACCT	3177
GCCTT	3166
GCCAT	3114
TCTTT	3064
GTCTT	3032
GTCAT	3017
CGACA	3013
AGATG	3001
CCAGC	2975
CCGCT	2939
AATGC	2899
TGCCA	2893
CCGTT	2875
GATGA	2874
CGTGG	2853
ACGCT	2830
GGACC	2827
GACTC	2820
AGCTC	2814
AGATA	2809
GTATC	2790
CCATA	2789
ACGTT	2755
GATCC	2753
CTAAC	2730
CGCTG	2661
GACAT	2615
TAATG	2608
GCTAT	2597
TGTAC	2584
CATCA	2564
TATTG	2542
CATCG	2531
GGAGC	2529
TAGGG	2503
CGTCC	2461
AACTC	2457
GCTAG	2448
TGCCC	2442
GGTCT	2442
CGTCT	2417
TGCTA	2408
GCGTA	2407
TTTAG	2400
TAACG	2395
GACCC	2393
AATGG	2391
GGACG	2370
TACTT	2369
GGGAG	2287
TGGTA	2278
CCAGG	2231
GGAAG	2229
AGCCG	2219
GGAAC	2200
CGAGG	2200
TTCAA	2200
CGAAA	2194
TCACC	2185
AGGGC	2182
CGAGA	2141
TATCC	2138
AACTG	2113
CGTGC	2103
GATGG	2087
GAGTT	2044
GACCG	2032
CGTTT	2026
AGGTT	1965
TATCG	1931
GCGCG	1910
CGGTG	1896
TAGTT	1882
TGGGT	1865
ACCAT	1859
ACATA	1837
TCCTT	1825
AATTG	1822
AAATG	1817
TACAC	1791
TCACT	1767
CACAT	1762
GATCA	1756
CGACT	1734
GAATT	1713
TCAGT	1708
TAAAA	1698
CGTAC	1694
AATCG	1662
AGTTC	1660
AAAGG	1618
GCTCG	1594
CGGTT	1575
TCTCT	1566
TAATT	1546
CTCAT	1519
TTTTA	1511
GCAAT	1495
AAGTT	1477
TCTGG	1471
ACGAA	1468
TGACT	1460
GCAGT	1444
CCAAG	1443
TAATA	1433
GCACC	1423
TTTGT	1420
AATCC	1410
TATGG	1409
TCAAA	1408
TCGCC	1404
TTTCG	1402
CATTG	1395
TATGA	1390
TCCCT	1373
TCGTC	1366
GGAGG	1362
CAAGA	1341
TGAAA	1341
TATAA	1339
TATAT	1335
GCGTC	1321
GGGAT	1310
CGAAG	1291
CCATT	1283
AGCAA	1277
GGCAC	1269
TAGTG	1253
GCTGG	1247
CCGAC	1236
TATAG	1230
TAGAC	1220
TCTCG	1209
GGCAA	1202
GACCT	1201
TCCAG	1199
TCCTG	1192
CTTTG	1179
TATAC	1171
CAAAA	1156
TATCA	1156
GGCCC	1135
TTAAC	1122
TATTA	1115
GCGAA	1111
TTATC	1095
GCTGT	1095
ATCAT	1094
ACGTA	1091
TGTAA	1068
AGCCC	1066
TGGAC	1052
TATTC	1052
CTATG	1035
CAATT	1031
AAATC	1027
CATCT	1023
TTCAC	1011
AAACG	1007
GTTGG	992
TCGCG	984
GGAAT	983
TAGTC	981
TATCT	962
TACCG	961
TCAGC	945
CGTAG	939
CCGCC	931
GATGT	928
CAAAT	925
CAGGC	923
GGTCC	914
GATCT	907
CATGT	906
CTAGA	902
GCGAC	899
CACTC	891
GCTTC	881
CGCTA	875
AACTT	868
AGTTT	860
ACACA	858
CCACA	857
GCCCT	852
GATAG	848
AAAGC	847
CTACA	843
TGTGC	830
TCGTA	827
AGTGA	826
GGCCA	820
ACGCA	818
TTTAT	818
TTCTT	814
GTTAG	813
TCACA	810
TACTC	807
TGGCT	799
TGGGC	799
TGGCG	786
TGGAA	774
CGGAT	761
CGCCG	759
GTGTG	756
TAAGC	753
GCTCT	735
TAAAG	731
CGGGC	729
GCAAC	725
ACAAG	723
GCTTA	716
GATTT	713
CGCAA	710
TCCAA	706
TGTCC	704
TCGCA	697
CGGTA	695
TCCAC	688
GTTTT	682
GGTAC	678
AATTC	677
TACTG	676
GCGCC	674
GCACT	672
TTTTT	671
GGGCG	669
TCGGA	664
GGGGA	659
TGTCA	657
CCAAA	654
TCAGA	647
TCTAC	642
AGTCA	638
TGCGG	633
CGCCA	631
GTTCG	631
ACGTG	620
ACATC	619
CGCAG	619
TTATG	611
CAGTC	611
AGCAG	607
CGGGG	603
CCAAT	600
CGTAT	599
CCCAT	598
TCCCG	596
GAGGT	595
GTCTG	591
TGTGA	589
GGTGC	587
CCTTG	586
TGACA	584
GCCTA	578
GCCCG	576
CCGTC	574
ATTGG	573
ACAGA	571
TATTT	560
ACGGG	557
ACGAC	555
GATGC	554
CTTCG	540
TAGCT	538
ACTTG	531
GGTCA	530
ACCCG	530
GAAAC	525
ATTTG	524
CGGAG	524
TTAGC	517
TCTTC	513
TTTTC	512
TTCAG	512
TATGT	500
TGAGT	492
TAAGG	489
TTCCT	488
AGTCT	482
GCGGG	481
AACAC	479
GAACT	479
CGGAC	479
GCACA	478
AAGCC	472
CCACT	471
CATGC	470
GGTGA	469
CAGCA	468
TCTAA	467
TAAGA	467
AGTAG	466
AGGGT	465
TTGTG	465
AGCAC	465
GACAA	462
CGGCA	460
GCCAG	457
TCTGT	447
ACATT	447
CACAC	446
CGGGA	446
CTAAA	446
TAGCC	445
GAAGG	441
CCGAA	440
TCGGG	436
CCAGA	434
TACAG	434
GCGCA	434
TAGCA	434
TCTTA	431
ATTCG	429
TTTGC	427
TTGCA	427
ACGGT	427
TATGC	420
TTAAT	418
TAGAG	418
GTTTA	417
CTTGG	413
CATTA	411
CACCG	408
CCTTC	404
CTTTC	389
NAATC	389
CGGCT	387
GGGGT	384
GTATA	384
TGGCA	383
TTTGA	382
CGAGT	381
TCCCA	380
ACCTG	379
AGACG	377
AAGAC	377
TGAGA	375
CTTTA	375
TTTAA	371
TCCCC	370
ACGCC	370
AAGCT	367
GTATT	363
GTTTC	360
TTTAC	353
GCAGC	353
TTACC	351
CGGCC	346
ACGAG	345
GAAGC	345
CACTA	339
TTGGG	333
NGCTT	332
CGCGC	327
GAAAG	325
GGGCT	325
GAAGA	319
GTCCT	317
TTTCA	308
CGTCA	308
AGGAG	308
GCGGA	303
GCCTC	301
GAGAT	300
NGATG	295
CACTT	294
CAGTA	290
CATAC	286
GACAG	285
GCAGA	285
CCGAG	280
AGTAT	274
GGACT	268
TTTCC	267
GGCGG	265
TCCGG	264
ACCTA	260
GGGGC	259
AGGCT	256
AGAGG	250
CAAAG	249
GCAAA	244
CCTCT	239
CACTG	239
CCGTG	238
ACGTC	238
CTAGG	236
CTATT	235
GAGCG	233
TCCTA	232
CGGCG	231
CCGCA	231
GACAC	230
ACGGC	227
CCCCC	226
TTCTG	223
TTGAG	221
AATAA	221
GCCCA	218
TTAGG	218
CAGCT	217
CGGAA	216
ACACC	215
GGTAA	214
GAGAG	214
AAAAA	213
CAGAC	206
GCCCC	203
AGTGT	203
GGACA	202
ACCCT	200
AGATT	200
GAGCA	200
AGTGC	197
GCTCC	193
TCTCA	192
TCTGC	192
CTACG	192
ACAGC	190
ACTCT	190
CATGA	189
GATAT	187
CCCAC	186
NCGTT	186
GAGCC	185
TTAAA	185
TGGCC	184
GCTAC	180
NAGTA	175
TTTCT	174
AATGT	174
TCTCC	173
AAGAG	170
CCTAT	170
TNTTG	170
CCTCC	170
AGACC	169
CAAGG	169
TTAAG	167
CCCCT	165
ACCTT	164
CACAA	163
NGAAC	162
AATCT	162
CATGG	161
AGGCG	161
TTCCC	160
AACAG	160
ACACT	160
ATGCA	158
ACTGG	156
NGAGC	156
CCCTG	154
AGAGC	154
CGTAA	152
CAGAT	151
CGTGT	151
CGTGA	150
AAGCG	150
AGACA	150
CCGCG	149
CCTTA	148
CCTCG	148
CTCAC	148
GCGGT	148
CGGGT	147
ACTCG	147
GAAAT	147
TACGA	146
CTTAG	144
GAGAA	144
CGCGG	144
GCCAC	143
AACGC	142
CCTAC	142
ACCCC	142
TCCTC	142
TCGGC	141
ACGCG	139
CTAAT	137
GATAA	137
CCTGC	137
NGACC	136
TCCGA	135
CATTT	133
GATAC	132
TAAGT	132
ACTTA	132
AGGCA	131
ACAAA	129
AGGAA	129
CCCTC	128
GTCAG	127
GTTAT	124
GGAGA	123
TTCCA	122
TGTNG	122
CTTGC	119
CAGTG	119
CCTTT	118
TTGGA	117
AAAAG	116
TTATT	115
TTACG	114
GGGAC	114
AATAG	113
GCTCA	113
CTCTG	112
GTCTC	110
CACGC	110
NACTA	110
GGCGT	110
CTGCA	109
GTGTT	107
TAGCG	107
AGTAA	107
CTCTA	107
TTCCG	106
AGTCC	106
GTCTA	106
TTCGA	105
ACTGA	105
AATAT	105
GCCAA	104
CCTAG	104
CACGA	103
TTATA	103
CCTGG	103
TTGTT	103
ACAGT	102
CCAGT	102
GCTGC	102
CCGTA	102
ACTAT	101
CAGCG	101
ATGTG	101
GGAAA	101
TNATG	101
ATGGG	99
GGGCA	99
GGAGT	99
TCTGA	98
AAAAC	98
ACAAT	97
TTGGT	97
NGTTT	97
AATTT	97
GTGCA	97
GAAAA	96
GGGAA	96
GTGTA	96
ACTCA	94
TTGTA	94
NGTGG	93
CTTCC	91
GGGCC	91
AGGCC	90
ACTTT	90
ACCAA	88
CTCCC	88
AGGAC	87
NGGTG	86
TTCTA	86
ACAAC	85
CCCCG	85
TGCGC	84
CAGTT	83
NGTAG	81
AGCGG	80
CTCCT	80
GTGTC	80
GCGGC	80
TTGAA	79
CATAT	79
CCCCA	78
GCTAA	78
GCTGA	77
AGAGA	76
AGAAG	76
NGCTG	76
GAGCT	76
ACCAG	74
GTCCG	74
GAGAC	74
CTAAG	73
CCCTT	70
CATAA	70
ATTCA	70
AACGG	70
NCATT	70
GTGGG	69
CTCCA	69
AAACT	68
ATCAA	67
CCCAA	67
CTCTC	66
ACTTC	66
CTNTC	66
CATAG	65
CTTCA	65
CGCGA	64
ATTGA	63
NTATC	63
GTCCC	63
CTCTT	62
CCCGC	62
ATCTG	62
GCCGG	62
ATTGC	62
TACGT	61
CAANN	61
NCAGG	61
ATTGT	60
NCACG	60
AGCGA	60
ACTAG	60
ATTAG	60
AGCGT	59
CAGGG	59
CAAGT	58
GACGG	58
CTTGT	57
TCANG	57
GGTNT	57
CCTCA	57
NGTCG	57
CCCTA	57
ATCCG	57
AACGT	57
NAACA	56
GTGGT	56
AGAAT	55
GTTAC	55
NCAAG	54
CCCAG	54
ATGAT	54
TTGGC	53
TGCGA	53
CAGAA	53
AAATT	52
ACCAC	52
CTAGT	51
AATAC	50
NTTTG	50
GGCNT	50
AAAAT	50
TTCGG	49
ACCGG	49
NGTTC	49
NTCAT	49
TTGAC	49
ACCTC	48
TGNTG	48
CAGGT	48
CCGGC	48
CTCAA	48
CTACT	47
TTGCG	46
TACGG	46
GTGAG	46
AAAGT	45
TTAGT	44
AGACT	44
GTTGC	44
GACGA	44
TTACA	44
TTCTC	43
GTTGA	43
CANCN	43
CCCGG	43
CTTGA	43
GGNTT	42
NAATG	42
ACTGC	42
AANTA	42
GTAGG	41
NAGGG	41
GTGAT	40
CACAG	40
TTGCC	40
GTTCT	40
CGANN	39
AGAAC	39
CGCGT	39
NGATN	39
TTAGA	39
TACGC	38
ATATG	38
ATTTA	38
NGCAG	38
NCATC	38
GTCAC	38
TCCGT	37
NAACG	37
CNACN	37
TGTNT	37
TTNAT	36
CCGGT	36
CTCGC	36
CTTAC	35
ATCCT	35
CTANN	34
CTANC	34
AATNA	33
CCTAA	33
CNATN	32
NGATT	32
NAGGC	32
TTCGT	32
ACTGT	32
GTTCC	31
ACTAA	31
GTAAG	30
GGNTN	30
CCTGA	30
GGCGC	30
NACAT	29
NGTTN	29
TCCGC	29
GTAGC	29
ATGTA	29
CNAGC	29
CCGGG	29
GCANT	28
TCNTG	28
AATNN	28
CTGTG	28
GTAGT	27
GTAAC	27
GAAGT	27
TNCAN	27
CTCCG	27
CCGGA	27
NAACN	27
CTGGC	27
NAGGN	27
TTGTC	27
ACCGA	27
ATGGC	27
TTGCT	26
GCGNT	26
CTCAG	26
CCTGT	26
AAGNN	26
GCCGA	25
CGNTN	25
CTTTT	25
ATTCC	25
GTACG	25
AGAGT	25
ACTAC	25
CTGGG	25
ATCCC	25
NAGGT	24
NACCC	24
GCNTN	24
CNAAC	24
GGCGA	24
GCCGT	24
GTGGA	24
GTCCA	24
GTCAA	24
NCGTG	23
AGTAC	23
CTTCT	23
CTGAG	23
GNATC	23
TTCNN	23
NGATA	23
AANGN	22
NGCAN	22
NCGAG	22
GTCGT	22
TTNTT	22
ATATC	22
CCCGA	22
AATTN	22
TGNTT	22
NGGGG	21
GTNTG	21
ATCAG	21
AANTN	21
CTNTN	21
NAGTG	21
NATGA	21
NATTA	21
ATGGT	21
GTACC	20
CAGAG	20
TTCNT	20
GGTNN	20
TNCTT	20
CNATG	20
CTGTA	20
CTGTC	20
ATCTA	20
TCANT	20
GCNAT	19
CTGAC	19
TNTGG	19
AGAAA	19
NGAAT	19
NCATN	19
TGTNN	19
ATTTC	19
GNCAT	19
GNCTT	19
TGNAN	19
ATCTT	19
GTNTT	19
TCNTT	19
NGTAT	18
TCTNT	18
CAANG	18
TNGTT	18
TNATC	18
NGACG	18
TCNAN	18
GTNTN	18
ATACG	18
GTTCA	18
NAATA	18
TCANN	18
NATTG	18
NGCCT	18
CGNTG	18
ACTCC	17
NGGTA	17
NGGTT	17
CANTC	17
CTTAA	17
TGCNN	17
ATCAC	17
GTGCG	17
AANGC	17
GCNTT	17
CTGGA	16
CTCGA	16
ACCGT	16
CTGAT	16
NAAAC	16
GTAAT	16
NGTTA	16
TTACT	16
TGCNG	16
GCANN	16
NCACC	16
NGCTC	16
NCAAT	15
AANCN	15
TCATN	15
NGAAG	15
GTCGG	15
GTGAC	15
GTGCC	15
AGCGC	15
ATATA	15
GTTNN	15
NGGAG	15
GACGT	15
NATTC	14
NGGAT	14
GNATN	14
ANCTA	14
TCTAN	14
GACGC	14
TTNTG	14
NAAGC	13
ATACA	13
CACGG	13
ATGAG	13
NATCC	13
NGAGG	13
TCNAG	13
NAGAT	13
GGNTC	13
NCCAT	13
TGNTN	13
AAATN	13
GTTAA	13
CTGGT	13
NTCTT	13
GNTTN	12
AAGNC	12
CTCGG	12
TGANC	12
CGANG	12
AACNN	12
NCTTG	12
CAATN	12
GGATN	12
CTTAT	12
ANCCN	12
NACTT	12
NACCN	12
ATTTT	12
ANGGC	11
GGNAT	11
CGNTA	11
NCATA	11
NAGTC	11
AANCC	11
TGATN	11
ANGTA	11
GAATN	11
ATGAA	11
TAGNA	11
GTGGC	11
GTGCT	11
GTCGA	11
CTATN	11
TTCGC	11
CACGT	11
TNGGA	11
TTNAN	11
CAANA	10
TGNAG	10
TNTAG	10
GTTNG	10
TCTNN	10
CCANC	10
TNAAN	10
NACCT	10
GGCNG	10
TNATN	10
NACAA	10
GNGTG	9
ATAGG	9
TGGNT	9
NGTGT	9
ATTAA	9
TGANN	9
TAGGN	9
NGCTA	9
GNCTG	9
GNGAT	9
ACCGC	9
CTGCC	9
NACTC	9
GNTTT	9
GATTN	9
NGGTC	9
TCGNN	9
GGANC	9
ATACC	9
CNTTG	9
NCGAA	9
TNAGG	9
CTGTT	8
TGTTN	8
AGTNG	8
AGCNT	8
TGANT	8
NATGG	8
NGCCG	8
NNATC	8
AAANA	8
NATCG	8
GCCGC	8
ATAGC	8
GNGTT	8
NGCTN	8
CGNGC	8
NCTTT	8
CNCAT	8
NNGGA	8
GGCAN	8
NCTAT	8
CANCG	8
TANCC	8
NTAGC	8
TTTNN	8
TAANC	8
TNATT	7
TNAAT	7
CCCGT	7
CCATN	7
GGNTA	7
TCNTN	7
TGNTA	7
CNACT	7
CTGAA	7
GGANG	7
AATGN	7
TCAAN	7
NAACT	7
CCNTG	7
NATCA	7
ANTTN	7
ATCGG	7
GCNAN	7
NTATG	7
NTAAC	7
TNGAN	7
GNGTA	7
NCCTT	7
ATCGT	7
ATGCC	7
TNTAT	7
TNTAN	7
CGCNT	7
CGNCC	7
NCGAN	7
CANCA	7
TNAAG	7
TTNTN	7
TGTAN	7
ATGCG	7
AACNT	6
GNTGG	6
TAGNN	6
ANCAT	6
TANAT	6
NTTGT	6
NGTCT	6
NAAGA	6
TTNAG	6
NGCAC	6
GTCNN	6
CGAAN	6
CGNAC	6
CGANA	6
NGAAN	6
CTNGC	6
ACANG	6
AACNC	6
GCGAN	6
TNTTN	6
CNACA	6
GGCNN	6
GTAAA	6
NTTAG	6
TNACC	6
NCGCT	6
NACTG	6
CNACG	6
TCCNT	6
ATGAC	6
AAGNG	6
ATCTC	6
NCAGC	6
GGCTN	6
GNCTA	6
CCANN	6
CCANG	6
NTTCG	5
NNCCT	5
ANGGT	5
CGTNC	5
TAANN	5
ATTAT	5
GANTG	5
NAGAA	5
NAATN	5
TACNN	5
TAACN	5
ATTCT	5
NACCG	5
GTTNT	5
CTANA	5
GNTTA	5
AGTTN	5
NCAGT	5
TNTCG	5
ATGTC	5
NGCCA	5
GNAGG	5
AACNG	5
TGGTN	5
CTNTG	5
ANATG	5
AGNTG	5
TNCCA	5
GGNAN	5
TNCCT	5
TNCTG	5
GGGTN	5
CGNTT	5
TNGAG	5
TTCAN	5
ANTTG	5
NGGGA	5
NGGGC	5
TATNN	5
CTGCT	5
TCCAN	5
CNATT	5
AATNG	5
TANGA	5
GCTTN	5
NAGTT	5
CGNAG	5
NCGTA	4
GGGNG	4
NCGTC	4
NAATT	4
NAGCC	4
TTNTC	4
NNGTG	4
GCANC	4
TTTNG	4
NGGTN	4
CGNAN	4
ATNAT	4
NGGGT	4
ATGTT	4
GCTNG	4
GCTNT	4
AGNAT	4
TANAN	4
GGTNC	4
TGNGG	4
AGTNT	4
TNGGT	4
TTANN	4
CNGAT	4
GNATA	4
TCANA	4
TCANC	4
AATAN	4
ANGAT	4
GNATT	4
GCGNN	4
TCGNG	4
TGANG	4
CTCNT	4
GATNG	4
GNTGT	4
GNTCG	4
AANAN	4
AAGTN	4
ANTGN	4
GANTC	4
ANGGG	4
ACGNT	4
TNACN	4
TNACG	4
TAATN	4
GGANN	4
TNAAC	4
TACNT	4
CNATA	4
AGNTA	4
ANTGA	4
TNGGN	4
TNCAA	3
TNTTC	3
GAGNA	3
TNCTA	3
TNGCT	3
NCTAG	3
AGNGA	3
TGNTC	3
NCTAN	3
NGACA	3
NGCAA	3
GCNTC	3
AAACN	3
TGGNN	3
CANTN	3
TGGNG	3
AAANC	3
AAANN	3
ANCTN	3
NTATN	3
NTCAN	3
NTCTG	3
NNCTG	3
CGCNC	3
TAANA	3
NNCCA	3
NNCAT	3
NNATG	3
TACAN	3
TACNA	3
GANCC	3
NNAAT	3
CGGTN	3
TGAAN	3
TANCA	3
TANCN	3
TTGTN	3
CAANT	3
ANTTA	3
TATNG	3
CCNTC	3
NGTAA	3
CCGNT	3
AANTG	3
GANTT	3
TCGNC	3
TTNGT	3
TNTTT	3
CNAAN	3
CGTNG	3
GCNAG	3
GTTTN	3
CNCCT	3
ANACN	3
GTGAA	3
GNGTC	3
CGTTN	3
AGTNA	3
GNGGA	3
GTGNN	3
GNCAG	3
GNGTN	3
NACTN	3
CTNTT	3
NAGCA	3
ANACC	3
NATGT	3
NATCT	3
GTNAN	3
GTNAT	3
ANCCC	3
GNCCT	3
GCGTN	3
GCNTA	3
GAACN	3
GTACT	3
NAAGG	3
GAANG	3
GGNAG	3
GGANT	3
ANACA	3
GTACA	3
GTAGA	3
NCCTG	3
GGNCT	3
CTCGT	3
TTNGC	2
GNACG	2
CANGC	2
CNAGA	2
TNTTA	2
GTNGN	2
GAGGN	2
ACNTG	2
NTGTA	2
GTNTC	2
ATCGA	2
GNCCA	2
TNTGN	2
ANGTG	2
ANGTN	2
GAANA	2
NTTTC	2
GNAAG	2
GNAGT	2
NTTGG	2
AACTN	2
GGCNC	2
AGCAN	2
GNCTC	2
NTGTC	2
TTNTA	2
CGCNG	2
CANTA	2
NAAAT	2
TAAGN	2
TTAAN	2
ANATN	2
TGCNA	2
GANTN	2
ACNAN	2
ACAGN	2
GNTAG	2
CNCCC	2
ATAGA	2
GNTAN	2
GTCNT	2
GNTTC	2
TCNCG	2
GTCGC	2
ATTNN	2
TANTT	2
AANCG	2
AGCNN	2
ATAAG	2
GTCAN	2
CTNCC	2
AANGG	2
AANGT	2
AGGNT	2
GANTA	2
GTANG	2
CNAGG	2
TGAGN	2
TAGAN	2
GANCA	2
CGAGN	2
ANTCG	2
TTGNT	2
GGGNT	2
ATCGC	2
GTGTN	2
GNCTN	2
AGCNA	2
TACNG	2
TAGNT	2
ACATN	2
GNGAG	2
CGACN	2
GNGAN	2
ACANT	2
TANCG	2
TCTNG	2
TANGG	2
TANTC	2
ATGCT	2
CANAT	2
ANCTT	2
GGNCN	2
NCCTN	2
CGNGN	2
TNCAG	2
TTTTN	2
NATGN	2
GACNT	2
TNGTG	2
NNACC	2
CTAGN	2
TNGTN	2
NNATT	2
NNCAG	2
TNGGG	2
AGNTN	2
CNTTC	2
GGNGA	2
NCCCG	2
CAGCN	2
CAGNC	2
TGTGN	2
TNATA	2
NGTAN	2
NCCTA	2
GAGNT	2
NGTGA	2
AGNTC	2
NGTCA	2
TGTNA	2
NGTCC	2
ANAGG	2
GGNGT	2
GGGGN	2
NTATA	2
TGNCA	2
NTACC	2
NCAGA	2
NTAAT	2
TGNCC	2
GGNGN	2
NCACT	2
NNTTG	2
TGNAC	2
NCACN	2
NCGGA	2
GGTNA	2
NTCAG	2
NGGAC	2
GCGNG	2
NCACA	2
TNGGC	2
NGCCC	2
TNACA	2
NACAN	2
NCAAC	2
NNCCC	2
CCACN	1
TGACN	1
ANAGT	1
GNTCT	1
TNACT	1
AANAG	1
TNAGC	1
TNAGN	1
GGNGG	1
AANAA	1
GTANC	1
GGANA	1
TNGCA	1
TTCNA	1
TTCNG	1
GCNCG	1
GCNCN	1
CNTCT	1
TNCTN	1
GGNAC	1
TNGAA	1
ANATA	1
GANCG	1
TCCNN	1
TCCNC	1
TCCNA	1
CCCCN	1
AANAT	1
TNCCG	1
GGNCC	1
ATACT	1
TCGGN	1
CAAGN	1
TCGNA	1
TNGCC	1
GGNCG	1
TNCAC	1
CNTGC	1
GATNT	1
TCNGG	1
GATNN	1
AGCNC	1
GNTGC	1
TGCTN	1
CATNC	1
GAANC	1
AAGAN	1
CNTGN	1
CTCTN	1
ATCAN	1
CACNC	1
CACNN	1
AGNGT	1
CANTT	1
GGTGN	1
ANAGC	1
ACNTN	1
GGCNA	1
AACAN	1
TGNGA	1
GAGNG	1
TGNCG	1
TGGAN	1
CTCNN	1
CANTG	1
GNACC	1
TNTCN	1
TGGGN	1
AGNGG	1
AACGN	1
TGNAA	1
TNTGA	1
CNTGG	1
TTANT	1
CTAAN	1
ACTAN	1
GNGGG	1
GATNA	1
ATAGT	1
AAAGN	1
AAGNT	1
AGNCG	1
CNTTN	1
AAANG	1
GAGNC	1
CTGCG	1
CTANG	1
TGTNC	1
ANATC	1
CATTN	1
TGANA	1
GNCCN	1
GNCCG	1
GNCCC	1
CNTGT	1
TTANG	1
ATATT	1
TNGTC	1
AAGCN	1
CANAC	1
CANAN	1
CACCN	1
NNTCC	1
ANCAA	1
NTCTN	1
TTTAN	1
NTCTC	1
CGGNG	1
CGTNT	1
NTCAC	1
NTCAA	1
NAAGN	1
CGTNN	1
NTAAA	1
NTGGA	1
NNTCA	1
NNTAT	1
NNTAG	1
NNGTT	1
NACAG	1
NNGGG	1
AGNTT	1
NACGA	1
NACGC	1
CGTNA	1
NNAAG	1
TAAAN	1
ANGTC	1
CNAAT	1
CGCNA	1
TAANT	1
GACAN	1
GTTNC	1
ANGGN	1
GCTNN	1
GCNGT	1
GANAN	1
CGCTN	1
NNAAC	1
NTTTT	1
NTTTN	1
ANGCN	1
NTTTA	1
CTTNN	1
NTTGN	1
NTTGA	1
NAAAA	1
NTTAT	1
NTGTG	1
NTGGN	1
NGAAA	1
CGNCG	1
GACNN	1
ANCTG	1
NCCAN	1
GCTAN	1
TTTNT	1
CTTTN	1
NGACT	1
NGACN	1
NCCTC	1
NCGAC	1
AGTCN	1
NCGCG	1
NCTTC	1
NCTTA	1
NCTGT	1
NCTCT	1
NCTCC	1
NCTCA	1
NCGGG	1
NCGGT	1
NCTAC	1
NCGTN	1
AAAAN	1
GAGTN	1
NAGCG	1
GAGNN	1
NGTGN	1
GACCN	1
NGTGC	1
NAGTN	1
NGTAC	1
GACNA	1
NATGC	1
NATTT	1
TAANG	1
NCAAN	1
NGGCA	1
ANCCT	1
CGNAT	1
CGTAN	1
NGCGT	1
GACTN	1
NGCCN	1
NCANG	1
TTTNC	1
AGCCN	1
ATAAC	1
CCNAC	1
CCNAT	1
CNCTT	1
ATTNG	1
GAGCN	1
CCNGN	1
TATTN	1
GTCNC	1
AGGGN	1
CNCTC	1
TATNC	1
CNGAC	1
CTNCG	1
ATAAA	1
GTCTN	1
CTNGG	1
AGTNN	1
ACANN	1
TANTA	1
TANGN	1
TANGC	1
CNCAA	1
CNGGT	1
CCCGN	1
GTANN	1
CCCNT	1
CCCTN	1
CNTCG	1
ACNGC	1
GCNGC	1
GTATN	1
CNTCC	1
ATAAT	1
ACANC	1
AGGNG	1
CNGCC	1
AGTAN	1
AGGNC	1
ACNAT	1
CCGNC	1
TCAGN	1
GAANN	1
GANGN	1
TCACN	1
CGANT	1
TTGNA	1
GCCNT	1
TTNGA	1
GTNAG	1
TTGNN	1
CTNGN	1
GTNGA	1
ACCCN	1
ACGTN	1
ACCAN	1
ATNTT	1
TANCT	1
GCNGN	1
TACTN	1
GCNGG	1
ANTAN	1
GTNGG	1
TAGNC	1
CGCAN	1
TAGNG	1
ATNTN	1
ATTAC	1
TAGTN	1
GGAAN	1
TANAA	1
GTGGN	1
GTGNT	1
TTGGN	1
TTNGG	1
