process_radtags -p /home/burke/Documents/dls/crowRAD/DLS001E/ -i gzfastq -o /home/burke/Documents/dls/crowRAD/stacks/DLS001E/ -b /home/burke/Documents/dls/crowRAD/barcodes_stacks/barcodesDLS001E.txt -e sbfI --inline_null -r -c -q -D /home/burke/Documents/dls/crowRAD/stacks/discarded_reads/DLS001E
process_radtags version 1.42 executed 2016-10-03 19:49:32

File	Retained Reads	Low Quality	Ambiguous Barcodes	Ambiguous RAD-Tag	Total
DLS001E_index5_ACAGTG_L007_R1_001re.fastq.gz	3749771	163363	31904	54962	4000000
DLS001E_index5_ACAGTG_L007_R1_002re.fastq.gz	3709880	177422	57917	54781	4000000
DLS001E_index5_ACAGTG_L007_R1_003re.fastq.gz	667771	42817	21270	10312	742170
DLS001E_index5_ACAGTG_L008_R1_001.fastq.gz	3130338	475650	333189	60823	4000000
DLS001E_index5_ACAGTG_L008_R1_002.fastq.gz	2945109	573159	416998	64734	4000000
DLS001E_index5_ACAGTG_L008_R1_003.fastq.gz	2947306	508544	482831	61319	4000000
DLS001E_index5_ACAGTG_L008_R1_004.fastq.gz	2074954	470291	449251	49250	3043746

Total Sequences	23785916
Ambiguous Barcodes	1793360
Low Quality	2411246
Ambiguous RAD-Tag	356181
Retained Reads	19225129

Barcode	Filename	Total	No RadTag	Low Quality	Retained
TGCAT	ca03	2043178	14040	194112	1835026
AAGGA	sea03	2034336	25179	186394	1822763
GCATG	kit03	2530010	106621	333044	2090345
AACCA	nvi02	2403198	16809	251468	2134921
CAACC	nvi04	3217060	105174	366080	2745806
TCGAT	cbc01	2966534	19989	276379	2670166
CGATC	cbc02	3698469	34811	433035	3230623
GGTTG	nbc03	3099771	33558	370734	2695479

Sequences not recorded
Barcode	Total
GCGTT	124382
GGCTT	81101
GAATC	71843
TGTGG	51467
GACTA	49304
TCAAG	47647
TGTAG	43914
TCAGG	37125
TGATG	32825
GAGTA	31637
TCACG	29602
TGAAC	25990
TGTCG	25231
TCATT	21747
TGTTT	21607
TGGTT	19467
TGGTG	15075
TGATT	14986
TGCTG	14860
GCGCT	14659
CCACG	14386
TAAAC	12982
TAATC	12906
GGGTT	12305
AGCTA	10997
TACAA	10508
GGCCT	9993
AACAT	9558
TCTTG	9466
TACTA	9459
GCTTT	9262
TCGTG	8924
GAATA	8683
CAATG	8583
TGTTC	8168
AGGTA	8087
AAGAT	7674
GATTA	7427
GAGTG	7418
TCATC	7283
ACACG	7258
GCGAG	6968
TGACC	6763
TTTTG	6692
GGATT	6670
GGATA	6629
GACTG	6558
CGCTT	6239
AATTA	5851
GGCAG	5696
CAATA	5617
ACGCT	5552
GGCTA	5447
GATTC	5413
ACAGG	5408
CCGCT	5404
CCGTT	5400
TACCC	5356
GGTAT	5233
TGGTC	5220
TGGAG	5151
GAACG	5150
AAGTG	5135
TGCTC	5111
TCTTT	5021
TGAAG	5012
CGCCT	5004
GGCTC	4954
CCAAC	4938
ACGTT	4924
GGTGT	4873
TGAGC	4868
CGTCG	4761
TAACA	4669
TCAAC	4609
TAAAT	4572
TAGTA	4564
CTATA	4553
AACTC	4491
TAGGT	4463
TCTAG	4405
GCTAT	4364
TGGGG	4340
AGTGG	4316
GGGTA	4223
CTAGC	4211
TAGAA	4200
AGGTG	4172
TACCT	4162
AGCTC	4097
GACTC	4083
AACTG	3983
GGCCG	3970
CATTC	3926
AGCTT	3899
TGCCA	3882
AGCCT	3865
AGTCG	3864
GAACA	3864
TAGGC	3843
TCATA	3835
AGGTC	3818
AAATA	3792
TGTTA	3717
GTTGT	3610
GACTT	3577
GAGGG	3571
GACCC	3546
TGATA	3539
CGACG	3539
TGCCG	3535
TGTGT	3383
AGCTG	3344
GCGCG	3326
TGACG	3309
CGTTA	3218
GGGTC	3160
TGTCT	3152
GATCG	3151
CGCCC	3144
GAGTC	3137
AAGTC	3069
AGTTA	3039
AGATG	3014
GACCG	2982
TTTGG	2950
TAACT	2921
GCGTA	2880
CGACA	2865
CGCAC	2802
TGAGG	2780
AGATA	2760
CCAGC	2755
CGAAT	2754
AGGGG	2746
CGGTT	2700
TCTCT	2687
TGGGA	2678
CCATA	2671
GCCTT	2659
GCAGT	2636
AATGC	2615
TCGCC	2584
GCCAT	2560
GCTAG	2556
TAATG	2543
CGACT	2486
GGGGG	2475
TGCTA	2462
CCAGG	2445
TCAGT	2438
GGACC	2425
GAGGC	2405
GTATC	2395
GATCC	2357
CTAAC	2317
AATCC	2315
AGGAT	2301
ACGAA	2289
CGTGG	2273
GATCA	2270
TACTT	2258
CATCA	2225
GGAGC	2214
TCACT	2207
TAACG	2200
CGGTG	2196
AGGTT	2183
TCACC	2181
TATTG	2164
GTCTT	2158
GTCAT	2153
CGAGA	2143
TCGTC	2138
AAATG	2137
CGCTG	2103
AGCCG	2096
GAGTT	2095
CGAAA	2072
CGTCC	2069
CATCG	2035
TGGTA	2017
TAGTT	2009
GACAT	2006
ACATA	1999
TGCCC	1983
CCGAC	1974
GGGAG	1970
TGTAC	1965
GCGAA	1952
GGTCT	1936
GCGTC	1921
GGAAG	1918
GGACG	1901
GGAAC	1849
GCTCG	1844
CGAGG	1829
TACAC	1819
TATCC	1816
TTTAG	1811
ACCAT	1794
GATGA	1790
GCAAT	1781
GAATT	1754
CGTGC	1682
CGTTT	1675
AATCG	1672
TATCA	1636
TCAAA	1633
TATCG	1632
TAGGG	1631
CCAAG	1630
GCGAC	1609
TCCTT	1609
AATGG	1604
CCATT	1601
TCGCG	1593
GATGG	1592
AATTG	1591
CCGCC	1541
AGGGC	1494
CACCT	1494
AGCCC	1482
TAATT	1461
AAGTT	1456
TAAAA	1454
TTCAA	1449
ACGCA	1425
CGTAC	1409
GCACC	1390
AGTTC	1382
TGGGT	1372
GCTCT	1356
TCGCA	1356
TCCTG	1356
TCTGG	1344
TATAT	1336
TATAA	1331
CGGAT	1325
GGGAT	1316
TTTGT	1314
GCGCC	1289
TAATA	1277
TGACT	1271
TCTCG	1271
TCCAG	1253
CATTG	1248
TCGTA	1245
CACAT	1239
AACTT	1238
CGTCT	1226
AAACG	1222
GGAGG	1214
TTTTA	1204
CTCAT	1201
TGAAA	1196
TTTCG	1180
TCCCT	1179
TATCT	1170
CAAGA	1166
GATCT	1157
TACCG	1150
CGGCA	1144
CGGGG	1135
CAATT	1133
GCTGG	1122
TATAC	1113
TATGG	1103
CGAAG	1102
ACGTA	1094
CGGCT	1089
AAATC	1085
TATTA	1084
GACCT	1069
CGGAG	1067
TACTC	1067
CATCT	1061
TTAAC	1058
TGGCT	1054
CGGGC	1042
ACACA	1014
CAAAA	1002
TGGAC	997
CTTTG	996
TCACA	991
AGCAA	982
TATAG	977
TAGAC	974
TCAGC	960
TTATC	950
GGCAC	933
TATGA	919
GCTTC	902
GGCAA	877
ACGAC	874
TATTC	872
TAGTG	865
CTATG	861
TACTG	855
AAAGG	853
GCCTA	851
GATGT	844
GGCCC	844
CGGGA	836
ACAAG	834
CGCTA	822
TGTAA	817
CACTC	812
CGGTA	810
GCACT	799
GCAAC	798
CAAAT	793
CCACA	792
GGAAT	784
GCGCA	774
GGTCC	760
ATCAT	760
ACATC	758
CGGCC	757
ACGTG	751
CGTAG	742
GGCCA	740
CCGAA	735
GCCCT	735
CTAGA	732
TGTGC	725
ACGCC	724
GTTGG	722
TTCAC	718
GCTTA	718
TCCCG	709
CCAAT	707
CTACA	705
TAGCT	705
TAGTC	702
GATTT	700
GTGTG	693
CAGGC	689
CCGTC	688
TCTAC	688
GATAG	684
TGGAA	679
TCAGA	678
AACAC	676
GTTAG	674
TGGCG	667
TTTAT	667
AATTC	658
AGTTT	656
ACATT	647
TAAGC	640
CCAAA	639
CATGC	636
TGGGC	635
AAAGC	634
CGGAC	631
GCTGT	629
ACCCG	629
TAAAG	629
TCCAA	617
ACAGA	610
GGGCG	603
TCTAA	600
CCTTG	596
CATGT	594
CCACT	594
TTTTT	585
ACGAG	583
TATTT	582
GCCCG	581
AGTGA	576
TGTCA	574
CGCCG	574
TGTCC	573
TCGGA	565
GAGGT	562
CGCCA	557
AGTCA	555
TGACA	550
CGCAA	548
ACTTG	546
TCCAC	546
AAGCC	542
TTCTT	542
GTTTT	540
GAACT	525
ACGGT	521
TGCGG	513
GGTAC	513
TTTGC	511
GGGCT	509
GGTGC	509
CGAGT	504
GGGGA	501
GGTCA	498
GCACA	496
GACAA	493
TGTGA	487
TTATG	483
TAAGG	483
CAGTC	474
ACGGG	471
TTGCA	471
TCTTA	469
TCTTC	469
ATTGG	466
CGTAT	466
TGAGT	466
CGCAG	464
TTTTC	462
TAGCC	461
GTCTG	460
CGGCG	459
CGGGT	456
TTAGC	456
TCCCA	454
CCAGA	453
CCCAT	450
AGCAG	448
TAGCA	447
AAGCT	445
TCGGG	443
CTTCG	441
CCTCT	439
CGGAA	439
AGTAG	432
GAAAC	432
GATGC	427
GTTCG	427
GAGAT	419
GGTGA	417
CCGAG	414
TACAG	414
CCGTG	414
CAGCA	408
TATGT	405
CTAAA	404
TGGCA	404
GCCAG	401
ACCTG	398
AGACG	392
CACAC	390
ACCTA	386
TAAGA	375
CCGCA	374
GCGGG	374
CATTA	373
CACTA	373
TTCAG	373
ATTTG	371
ATGCA	371
AGCAC	368
GCAGC	361
AGGGT	358
CACCG	356
ACGTC	356
ACTCT	354
TAGAG	354
TTCCT	351
TTTGA	349
GTTTC	345
GTTTA	342
TGAGA	342
TTAAT	340
TCTGT	340
GCCTC	339
NAATC	337
CTTGG	335
GAAGG	331
CTTTA	331
ATTCG	328
AGTCT	328
TATGC	325
AAGAC	323
GTATT	323
TCCCC	322
TCTGC	318
TTGTG	318
TTACC	317
TCCGA	317
GTATA	309
CCTTC	308
GCGGA	306
TTTAA	301
GACAG	300
NCGTT	298
TTGGG	296
TCCGG	292
TCCTA	290
ACACC	289
GAAAG	286
GGGGT	282
CCTAT	277
CTTTC	274
GCAAA	272
GAAGC	268
TTTAC	267
GCTCC	266
GCAGA	262
CAGCT	258
GAGCG	258
CTATT	256
CGCGC	256
AATAA	254
CATAC	252
GAAGA	251
TTTCA	248
TCTCA	246
TGGCC	244
GTCCT	243
CCTCC	242
GCCCA	241
CAGAC	240
CACTG	239
AGGCT	238
NGCTT	237
TCTCC	232
ACCCT	228
AGGAG	224
CCCCC	223
CGTCA	223
GGCGG	221
GGACT	221
ACACT	219
CATGG	216
ACTAT	213
GGGGC	213
GCGGT	212
TTTCC	211
GCCCC	210
GAGCA	209
GCTAC	208
AGATT	208
GAGCC	206
AATCT	205
AGAGG	205
AGTGT	203
AAAAA	202
AAGCG	199
CAAAG	199
GGTAA	199
NGATG	198
CAGAT	197
CCTTT	197
NACTA	196
ACGGC	194
AGTAT	194
ACAGT	193
AACAG	193
ACAGC	193
AGACA	193
ACGCG	192
AATGT	192
GAGAG	192
CTAGG	187
AGACC	187
ACCCC	183
CTGCA	183
CCGCG	182
AGTGC	180
GGACA	179
GATAT	177
CACTT	176
CAGTA	175
ACCTT	175
TTTCT	175
CATGA	171
TTAGG	170
CGTGT	170
GCTCA	169
GTGCA	169
GACAC	169
TTGAG	164
TTCTG	164
TTAAA	161
CCTGC	160
TTCGA	160
TCCTC	159
CCTCG	159
ACTCG	159
CCAGT	158
CATTT	158
GAAAT	157
TTAAG	157
AGTCC	156
GCTGC	156
CTACG	155
ACTTA	154
CAAGG	154
AAGAG	154
CACAA	153
CCCCT	152
TCGGC	151
AGAGC	151
ACTGG	150
CCCAC	149
CCTAC	146
TTCCC	142
AGGCA	141
TTATT	139
ACAAA	138
AGGCG	137
TNTTG	135
GGGAC	134
NGAAC	133
ACTTT	133
ACTCA	132
CCGTA	131
AATTT	131
NAGTA	131
TTGTT	130
CGTGA	127
CTCTG	127
ACAAT	126
GGGCA	126
NGAGC	124
CCCTG	120
GCTAA	119
AGGAA	119
CGCGG	118
GAGCT	118
GGAGA	117
CGTAA	117
GGAGT	117
CTTAG	116
CTCAC	115
TTACG	114
GTCTC	114
TCTGA	113
ACCAA	112
GGGCC	112
TTATA	111
GATAA	111
CCCTC	109
AATAT	109
GCCAC	108
GAGAA	107
AAACT	107
AACGC	107
TACGA	106
CCTTA	106
TNATG	105
CCTAG	104
GATAC	103
GGCGT	103
GTGTT	103
ACAAC	103
ATTGC	103
CTAAT	102
GCCAA	102
CTCCC	102
TTCCA	102
CAGTT	102
GGAAA	102
GAAAA	100
CAGCG	99
TGTNG	98
AATAG	97
NGTTT	96
TAAGT	96
CAGTG	95
NGACC	95
TTCCG	94
AAAAC	94
CTTGC	92
CACGC	91
TTCTA	91
AGGCC	90
GTGTA	89
CACGA	89
TTGGA	87
GGGAA	87
NGTGG	84
CTTCC	84
GTCTA	83
GTTAT	83
CTAAG	82
GTCAG	82
TAGCG	82
NCACG	82
TTGGT	81
CCTGG	80
ACTGA	80
AGCGG	79
AGAGA	79
CTCTA	77
NCAAG	77
ATGGG	76
TCANG	76
CATAG	75
NGGTG	75
AATAC	75
ATGTG	75
GTGGG	75
CCCCA	74
CCCCG	72
ACCTC	72
TTGAA	71
TTGTA	71
NCAGG	71
ATTCA	71
CAANN	70
ATCTG	70
NCATT	70
AACGG	69
GCGGC	69
CTNTC	68
ATTAG	67
CTCCA	67
ACCAG	66
AAATT	66
CCCGC	66
GAGAC	65
NGTAG	65
AGTAA	64
CAGGG	64
ACTTC	63
ATTGT	62
CTTGT	62
GTGAT	62
CCCAA	61
CCTCA	61
TTGAC	61
GCTGA	61
CCGGC	61
AGAAG	60
TGCGA	60
CAAGT	60
NAACA	59
CCCAG	59
GTTAC	59
CTCTC	59
CTCCT	58
TTGGC	57
CTGTG	56
AGGAC	56
TGCGC	56
AAAAG	55
ATCCG	55
CTTGA	55
CTTCA	55
CCCTT	55
GTTGC	55
ACCAC	54
NTTTG	53
NTATC	53
NCATC	52
NGCTG	52
ACTAG	51
AGCGA	50
CATAA	49
GTGTC	49
GCCGG	48
CTCAA	48
ACTGC	48
GCGNT	48
TTACA	48
GTGGT	47
NAATG	47
NGATN	47
NGTTC	47
CATAT	46
AACGT	46
AACNN	45
CTTTT	45
ATCAA	45
ATTGA	45
AGAAT	45
GTCCC	44
TCCGT	44
TACGT	44
ACTCC	44
GTCCG	43
GGCNT	42
NACCC	42
CCGGA	42
TTGCG	42
CTAGT	42
ATGTA	42
NGTCG	41
GTGAG	41
CAGAA	41
CTTAC	40
TTGCC	40
ACCGA	40
AGCGT	39
CGCGA	39
AAAAT	39
ACTAA	39
AGACT	38
AGAAC	38
TTCTC	38
ACCGG	37
TGTNT	37
NAACG	37
CTACT	37
GACGG	36
TGNTG	36
NTCAT	36
GACGA	35
TTGTC	35
CCGGT	35
GTAAC	35
CTGAT	35
CACAG	35
GTAGG	34
CCGGG	34
TTAGA	34
NGATT	34
CNACN	34
CANCN	34
GCNTT	34
TTGCT	33
GGTNT	33
NACAT	33
AANTA	33
GGCGC	33
AAAGT	33
GGNTT	32
ACTAC	32
GTTGA	32
GTCAC	32
GTTCT	32
CTGGA	32
CCCGG	31
GCNAT	31
ATGAT	31
TACGG	31
TTNAT	31
TTAGT	31
AANGN	31
CCTGT	31
TTCGG	31
CTCCG	30
CTGGC	30
TACGC	30
CTCAG	30
TCATN	30
ACTGT	29
TCNTG	29
GAAGT	29
TCTNN	29
AGTAC	29
AANCN	29
GGCGA	29
ATGGC	29
AATNN	29
NAGGG	29
GTAGT	28
CTCTT	28
GCANT	28
CCTAA	28
TNGTT	28
GTCCA	28
CTCGC	28
NAACN	27
CAGGT	27
GCNTN	27
NAGGN	27
ATTCC	27
ATTTA	27
GNGTT	26
ATATG	26
GTTCC	26
AATNA	26
ANCCN	26
NCGAG	25
GTNTT	25
TCCGC	25
ATCCC	25
CCCTA	25
CGNTN	25
ATCTA	25
NAGGC	25
CGANN	25
CTGAG	25
GNATN	25
NCTTG	25
GCCGA	24
CGCGT	24
GTGCC	24
TGTNN	24
GNGAT	23
TCNAN	23
TCANN	23
CAGAG	23
NACCN	23
CTGGG	23
CCCGA	23
NGCAG	23
ATCCT	23
CNAGC	23
AGAAA	23
GNATC	22
CNATN	22
GTACG	22
NGACG	22
NGTTN	22
TNCAN	22
GTACC	22
CCTGA	22
TCTNT	22
GTTCA	22
TGNTT	22
GTAAG	22
TCTAN	21
CTGAC	21
NAGGT	21
NGCAN	21
TCNTT	21
GTCAA	21
NGATA	21
NCGTG	21
TCANT	21
TCGNN	21
CTTAT	20
GTGGA	20
TTCGT	20
ATCTT	20
CTANC	20
CTTCT	20
ATTTT	20
CTGTA	20
NACTG	20
GTAGC	19
NGGTT	19
TTNTT	19
AGCGC	19
NGCTA	19
TTCNT	19
GCANN	19
NCATN	19
ANCTA	18
CTANN	18
ATTTC	18
TTCNN	18
CNATA	18
TGANC	17
NACTT	17
TTTNN	17
NATGA	17
ATGCC	17
NAATA	17
GGNAT	17
CNATG	17
NATTG	17
NCAAT	17
CACGT	17
CTGTC	17
GGTNN	16
CTTAA	16
TCGNG	16
GNTTN	16
CAATN	16
GTGGC	16
GGNTN	16
CGNTG	16
GCCGT	16
ATACG	16
ATATC	16
TTACT	16
ATCAG	16
TNTGG	16
ATGTC	15
GTTNN	15
ATAGG	15
CNAAC	15
ATCAC	15
TNTAN	15
TGCNN	15
AAGNN	15
AATTN	15
NATTA	14
NACAA	14
CTGAA	14
NGAAT	14
NCTTT	14
NGAGG	14
GTTAA	14
GTCGT	14
CCANG	14
TGTTN	14
CACGG	14
TGNAN	14
NCTAT	13
TNATN	13
TNATC	13
TNCTT	13
GGATN	13
CANTC	13
NCCAT	13
NAAAC	13
NCAGT	13
NCATA	12
GTNTG	12
CGANG	12
NCAAC	12
CTNTN	12
GNCAT	12
NAGTT	12
NAACT	12
GTAAT	12
NGCTC	11
GAATN	11
CTCGG	11
NACCT	11
NACCG	11
CGNTA	11
TGNTN	11
CTCGA	11
NAGTG	11
TCNTN	11
GNATT	11
AGTNG	11
TACNA	11
GTGAC	11
CTGCT	11
NGTAT	11
AANCC	11
NGGGG	11
ACGNT	11
NATCC	10
TGNAG	10
NCGAN	10
NGGTC	10
ANGTA	10
GTCGA	10
AGAGT	10
NGCCT	10
CTGCC	10
TNGAN	10
NATTC	10
ATATA	10
NAATT	10
GTTNG	10
AANTN	9
GNGTG	9
TAACN	9
ATGAC	9
GNCTT	9
ANGAT	9
GNTCG	9
GTNTN	9
NGTTA	9
TGATN	9
GTGAA	9
NTATG	9
NGGTA	9
NGGGA	9
CAANA	9
NGGAT	9
NGGAG	9
TTCGC	9
NGCCG	9
NATCA	9
ANTTG	9
NAGAT	9
NAGTC	9
NACTC	9
GNTTT	9
NTATA	8
NCGAA	8
NGTGT	8
NCGCT	8
ATACA	8
GTGCG	8
ATCGT	8
NTCTT	8
CTNTG	8
NCACC	8
ANGGN	8
ATAGC	8
ANGGC	8
TCNAG	8
TNCCA	8
CTATN	8
TNATT	8
ATGGT	8
TNAAT	8
AGTNT	8
AAGNC	8
AANGC	8
CAANG	8
TGCNG	8
CCCGT	8
GACGC	8
TTNTG	8
AAANA	8
TNGGA	8
GCANA	7
ATACC	7
GNGTA	7
TTTNG	7
CCANC	7
TNTAG	7
TTCAN	7
GTGCT	7
CTGTT	7
NAAGA	7
AGCNT	7
TNAGG	7
ACCGT	7
CNACG	7
AANCG	7
GGNTA	7
GGNTC	7
GGANC	7
ANCAT	7
ANCCC	7
TNTTT	7
ANATG	7
TTTTN	7
NTATN	6
TNACC	6
TCTNG	6
GTCGG	6
NTAAC	6
GANTG	6
GCTNN	6
AAGTN	6
NTTGT	6
GCTNT	6
TNCCT	6
GTTNT	6
TNAAN	6
TAANC	6
TACNT	6
GCGNN	6
GCNAN	6
CNATT	6
ANGGG	6
GNCTA	6
TCAAN	6
GGNAN	6
AATGN	6
CGTNG	6
CANCA	6
TNAAC	6
ATGAA	6
TTTNT	6
ACANG	6
TGNTC	6
CTGCG	6
CNTTG	6
ACCGC	6
GCCGC	6
ATCGG	5
NAATN	5
CANTG	5
CTGGT	5
TGNGG	5
CANTN	5
NGAAG	5
GCTAN	5
NNGGA	5
GAANC	5
NAAGC	5
TTNAN	5
ANTTN	5
TNTTN	5
GACNA	5
TATTN	5
TAANN	5
NCTAG	5
GNGTN	5
CCNTC	5
CGANA	5
GNTGG	5
GNATA	5
ATGTT	5
ATTAC	5
TANCC	5
ATTCT	5
TAGNN	5
CGNAC	5
GTCGC	5
NACAN	5
ANATN	5
CNACA	5
GANTN	5
ATGAG	5
AAANN	5
TCGNC	5
TNGAG	5
GANCC	4
NGTCC	4
CCNAT	4
CCNTG	4
AAGNG	4
TNAAG	4
CCNTN	4
AACNG	4
TNTTC	4
AACTN	4
NGCCA	4
NAGCA	4
TNTAT	4
CGCNT	4
TNGTG	4
TNGCT	4
AACNT	4
TNCTN	4
NGGCA	4
TNACG	4
NGAGT	4
TCCNN	4
ACNTG	4
GGANG	4
ANGTN	4
CNAAN	4
GGCAN	4
NTTAG	4
NTTGG	4
TCNTC	4
GGCNN	4
AAANC	4
GNCTN	4
CGTNC	4
AAAGN	4
ATAAG	4
GNTTC	4
GNTTA	4
GNTGT	4
GNTAG	4
GGGNT	4
ANTGA	4
CNACT	4
CNTTC	4
AANTG	4
GCGTN	4
GAGTN	4
CANCG	4
ATGCG	4
GTNTC	4
NGTCT	4
TTNAG	4
GTNAN	4
TGAAN	4
NNATC	4
GACGT	4
NNCCA	4
TGANG	4
ATCGA	4
NNTTG	4
GCTTN	4
GGNGG	4
CGAGN	4
NCGTC	3
NCGGT	3
NCGTN	3
NGGAA	3
AACAN	3
NCTCG	3
NCTCT	3
TTNTN	3
TTNGT	3
NGAAN	3
CNAGN	3
CNGAT	3
ATAGA	3
TCANA	3
ACGNA	3
ACGNN	3
NTCAA	3
NTGTG	3
TCNGT	3
NTTTC	3
TCCAN	3
CTANT	3
CGTNT	3
TCANC	3
NTAGC	3
ANGTT	3
TAATN	3
ANGGT	3
ANAGG	3
TANCN	3
TACNG	3
ANCTC	3
TANAT	3
TAGNA	3
TAGNT	3
TGGTN	3
TNTCG	3
TNGAA	3
TNCAA	3
TNATA	3
TNAGT	3
AANAT	3
TGTGN	3
AANGG	3
NGTAC	3
AANTC	3
TTANN	3
CNGTT	3
TGGNT	3
AATCN	3
TGGAN	3
NGTGA	3
TGCNC	3
NNACC	3
NNATG	3
NNGAT	3
ACGAN	3
GGANN	3
GTGNG	3
GTGNT	3
GGCTN	3
CTNAC	3
GTNAT	3
GTNGT	3
GTTTN	3
NAAAT	3
ATTAA	3
NACAG	3
NACTN	3
CAGCN	3
GAACN	3
CAGNC	3
ATAGT	3
GATNG	3
CGGNG	3
ATGCT	3
GNGGA	3
CGANT	3
GTAAA	3
GNCTG	3
GNAGG	3
ATCTC	3
GGTNA	3
CGAAN	3
GCANC	3
CTNTA	3
GTCNN	3
GAGNA	3
GGNAG	3
GGGTN	3
GGGNN	3
GGGNG	3
NCAGA	3
GCGNC	3
NCCTA	3
NCACT	3
GCGAN	3
GCGNG	3
GAANG	3
NCAGC	3
NCCTG	3
CCGNT	3
ANACN	2
ANACC	2
AGNTG	2
ANACA	2
GAGGN	2
TANTT	2
TNAGC	2
TANTG	2
AGTTN	2
AGTNN	2
CCTNT	2
TATNG	2
AGTCN	2
AGNTN	2
TANGN	2
TNGGC	2
AGNAT	2
AGGNT	2
TNGGN	2
CCANT	2
TTGNN	2
TNGTC	2
TNGTN	2
TGTNA	2
AGCNN	2
GNACT	2
TAAGN	2
ANTCA	2
TAANA	2
NCCTT	2
TNCCC	2
TAANT	2
ANTAN	2
GNGAG	2
TNGCA	2
GNCCT	2
TACCN	2
GNCCA	2
TTTAN	2
TNCAG	2
TANTA	2
ANGCA	2
ANGAA	2
TAGAN	2
GCAAN	2
CGACN	2
TAGGN	2
ANATA	2
TANAG	2
GAANN	2
TANCA	2
TANGA	2
GAGNT	2
CCATN	2
CNGTG	2
AACNC	2
CNAAT	2
GGANT	2
GCGNA	2
CAANT	2
GANTC	2
ACNAT	2
ACGNG	2
CCNTT	2
AAGCN	2
TGANA	2
TGANT	2
GCTNG	2
CNGGG	2
AANGT	2
CCNAC	2
TGCNA	2
TGNTA	2
AAGNT	2
TGNGT	2
GATNA	2
AATNC	2
GCNTA	2
CGGNC	2
TGNCT	2
GCNCN	2
GCNCG	2
TGNAA	2
CTTTN	2
ATTAT	2
CTTGN	2
AGCCN	2
CANCT	2
CGNGC	2
CTANG	2
CNCAT	2
AGANG	2
CNCCC	2
CTANA	2
AACGN	2
GAANA	2
CGTTN	2
CGNGN	2
TCGGN	2
GGCNG	2
CGGGN	2
GGCNC	2
TTCNG	2
TCNAA	2
TCNAC	2
GANAT	2
GANCN	2
GANGA	2
CNGCT	2
CAAGN	2
CGNCC	2
NNGCG	2
GTNAG	2
CGCAN	2
CTGTN	2
NNAAT	2
NGAAA	2
NATGT	2
NATGG	2
NATGC	2
NGACT	2
GACNN	2
NTCTG	2
NATCG	2
GACNC	2
NCACA	2
CGNTT	2
GTCNT	2
NTAGT	2
NGCAA	2
NAGCT	2
ATCGC	2
NTACC	2
NAGAA	2
CTNCC	2
CTNGC	2
NGCCC	2
NAGCG	2
NAGCC	2
NGGGT	2
CTCNN	2
GACNT	2
NCCCA	2
NCGCC	2
GTACA	2
NGTCA	2
ATAAT	2
TAAAN	2
ATAAA	2
NCGAC	2
GTACT	2
NCGCG	2
ATATT	2
GACTN	2
GTANC	2
NCGTA	2
ANTGN	2
NACGA	1
NAAAN	1
CNAAG	1
CCNTA	1
NACGG	1
CCNCC	1
GATAN	1
GACNG	1
CNTGA	1
ACATN	1
CNGGN	1
CCNAN	1
NGGTN	1
CNTCG	1
CNTAN	1
ACANT	1
TGCGN	1
NAGAG	1
TTTNA	1
CTCGT	1
GATGN	1
TCNGG	1
NGGCN	1
NACAC	1
GACAN	1
ACNAN	1
TCTTN	1
NAAGN	1
NGGGC	1
ACNCC	1
ACNCG	1
CGNAA	1
NGGCT	1
CGNAG	1
TCTNC	1
ACNCT	1
ACNTA	1
GGAGN	1
ACNTN	1
NGCTN	1
TCNGN	1
NGGAN	1
CGGTN	1
TTATN	1
TGACN	1
CACNA	1
CNGGC	1
GANTA	1
ACCTN	1
TGAGN	1
CNTTT	1
NAAGG	1
CACNC	1
CACNT	1
TGANN	1
TGTNC	1
GCCNC	1
GCCNN	1
AANAA	1
TNGGT	1
NCCAA	1
AANAG	1
CNGTC	1
CATTN	1
CCANN	1
NCTCA	1
CATNG	1
NCTGG	1
GATTN	1
AANCT	1
TGTCN	1
NCACN	1
NCCGA	1
CGCTN	1
TNCTA	1
TNCCN	1
TNCCG	1
NCGCA	1
TNCAC	1
CGGCN	1
GAANT	1
GAAGN	1
GCCAN	1
NCCCT	1
NCCCG	1
TNACN	1
NCCAG	1
TNACA	1
NCTAA	1
AATNG	1
AATAN	1
GCNGN	1
TGGNA	1
NAGTN	1
TGGGN	1
TNTTA	1
GCNTC	1
GATNC	1
GCNAG	1
CGGNT	1
CAGTN	1
ACAGN	1
ACANA	1
CCNAA	1
TGCTN	1
ACANC	1
ACANN	1
GATNN	1
NATCN	1
TGNAC	1
NATCT	1
ATACT	1
TNTCC	1
TGNCG	1
TGNCN	1
NGAGA	1
NGACN	1
NGACA	1
NATTN	1
CANGN	1
GCGGN	1
NATTT	1
TANAN	1
NTCTC	1
NTGAA	1
TANGG	1
NTGAG	1
TANCT	1
NTGAN	1
TANCG	1
NTGAT	1
NTGCA	1
NTCGT	1
NTGCC	1
TANAC	1
TANAA	1
NTGGA	1
TAGTN	1
ANATC	1
GGTGN	1
NTGGG	1
TATNA	1
GGNCG	1
AGNTA	1
NTACA	1
CGTNN	1
GGNCN	1
GGNGT	1
AGTNA	1
TATNC	1
GGTNC	1
GNGGG	1
TATGN	1
CTNGG	1
ANAAC	1
ATCNN	1
CTNGN	1
NTCAG	1
ANAGN	1
ANGTG	1
GNCAN	1
ANGCT	1
AAATN	1
NTTTN	1
GNCCC	1
AAANG	1
GNGAA	1
ATAAC	1
TACNC	1
GNGAN	1
GNGCG	1
GNGCN	1
GNGCT	1
TAANG	1
GNGTC	1
ANTTA	1
ANTCG	1
GNAAG	1
TTNTC	1
ANCAA	1
GTCAN	1
NTTAA	1
GAGAN	1
GNAAC	1
ANCCT	1
NTTAT	1
AGTNC	1
GNACC	1
ANCTT	1
NTTCA	1
ANGAC	1
GNACG	1
NTTCG	1
TACNN	1
GNAGC	1
TCCNT	1
GAGNG	1
CTNAG	1
GAGNN	1
NNCCC	1
CGNGG	1
GTGNA	1
NNATT	1
CCTNG	1
GTGNN	1
AGCAN	1
GANAG	1
NNATA	1
CGNCN	1
NTAAA	1
NNCTT	1
GANAC	1
AGATN	1
CNGCG	1
NNACT	1
GTNTA	1
NGTGC	1
NNAAC	1
GTNGC	1
ACTTN	1
NGTGN	1
CNCCT	1
GTNCG	1
CTAGN	1
CNCTA	1
TTCNA	1
TCNCG	1
AGNCG	1
NNTTT	1
AGNAN	1
TCACN	1
AGGNA	1
TTGNT	1
AGGCN	1
NNTCG	1
NNTAT	1
NNGTG	1
TCNCA	1
ACTNT	1
CTNAT	1
AGCNA	1
GGGGN	1
ACTNC	1
TTCNC	1
NNGCC	1
CTGGN	1
AAACN	1
ATNGT	1
NNGCT	1
