process_radtags -p /home/burke/Documents/dls/crowRAD/DLS001B/ -i gzfastq -o /home/burke/Documents/dls/crowRAD/stacks/DLS001B/ -b /home/burke/Documents/dls/crowRAD/barcodes_stacks/barcodesDLS001B.txt -e sbfI --inline_null -r -c -q -D /home/burke/Documents/dls/crowRAD/stacks/discarded_reads/DLS001B
process_radtags version 1.42 executed 2016-10-03 19:28:23

File	Retained Reads	Low Quality	Ambiguous Barcodes	Ambiguous RAD-Tag	Total
DLS001B_index2_CGATGT_L007_R1_001re.fastq.gz	3796068	155049	26954	21929	4000000
DLS001B_index2_CGATGT_L007_R1_002re.fastq.gz	3728893	175408	73148	22551	4000000
DLS001B_index2_CGATGT_L007_R1_003re.fastq.gz	1381736	74246	29702	8616	1494300
DLS001B_index2_CGATGT_L008_R1_001.fastq.gz	3163640	455513	348617	32230	4000000
DLS001B_index2_CGATGT_L008_R1_002.fastq.gz	2908682	592718	459080	39520	4000000
DLS001B_index2_CGATGT_L008_R1_003.fastq.gz	3054750	459586	454861	30803	4000000
DLS001B_index2_CGATGT_L008_R1_004.fastq.gz	2794581	594960	573421	37038	4000000
DLS001B_index2_CGATGT_L008_R1_005.fastq.gz	44384	21017	41536	1394	108331

Total Sequences	25602631
Ambiguous Barcodes	2007319
Low Quality	2528497
Ambiguous RAD-Tag	194081
Retained Reads	20872734

Barcode	Filename	Total	No RadTag	Low Quality	Retained
TGCAT	ca01	2171175	11559	203450	1956166
AAGGA	neah01	3180535	24970	276204	2879361
GCATG	neah02	3892702	45589	482212	3364901
AACCA	yvr02	3030349	17538	307603	2705208
CAACC	nbc02	2858781	29423	320486	2508872
TCGAT	nvi03	2637979	15476	246611	2375892
CGATC	vic02	2182556	16688	273844	1892024
GGTTG	yvr03	3641235	32838	418087	3190310

Sequences not recorded
Barcode	Total
GCGTT	111999
GGCTT	88115
TCAAG	73231
GAATC	67168
GACTA	64781
TGTGG	60185
TCAGG	56796
TGTAG	51665
GAGTA	51095
TCACG	45955
TGATG	39451
TGTCG	29687
TCATT	26451
TGTTT	23366
CCACG	20252
TGGTT	18645
TGGTG	17461
TGCTG	17287
TGAAC	15799
TGATT	14206
AGCTA	14183
TACAA	13184
TCTTG	13070
GCGCT	12467
GGGTT	12350
TACTA	12076
TAAAC	11900
AGGTA	11827
TAATC	11806
ACACG	11355
GAGTG	11128
GGCCT	10011
GATTA	10011
GAATA	9793
AAGAT	9775
TCATC	9517
GCTTT	9095
TCGTG	9045
AACAT	8977
GACTG	8280
CAATG	8280
ACAGG	8223
AATTA	8124
AGGAT	7986
TGTTC	7962
TTTTG	7866
TAGTA	7226
AAGTG	6875
GCGAG	6693
CGCTT	6478
GGCAG	6403
GGCTA	6375
GGATT	6332
TACCC	6217
TAGAA	6173
TGAAG	6169
TAGGT	6148
TGGAG	5917
GATTC	5726
CGTCG	5717
TCATA	5692
AACTC	5643
GGTAT	5584
GAGGG	5510
TAGGC	5499
GGGTA	5422
AGGTC	5384
TCTAG	5212
AGTGG	5204
CGCCT	5198
GAACG	5176
TGACC	5136
TGGTC	5083
AGGTG	5048
TGCTC	5032
TGGGG	4968
AACTG	4939
ACCAT	4911
TCTTT	4887
GGATA	4838
AGCTC	4830
TCAAC	4782
GACTC	4781
TACCT	4777
CCGCT	4768
CCGTT	4745
ACGCT	4692
GGCTC	4619
AAATA	4573
AAGTC	4561
AGTCG	4540
ACGTT	4465
TAACA	4432
GAGTC	4396
GTTGT	4380
GGCCG	4348
CAATA	4347
TGTTA	4254
TAAAT	4200
GACCC	4198
TGCCA	4191
TGCCG	4155
TGGGA	4112
TGACG	4086
AGCCT	4078
AGCTT	4009
AGCTG	3967
GCTAT	3953
GACTT	3886
CGACG	3785
AGTTA	3764
GAGGC	3763
AGATG	3757
GACCG	3742
GAACA	3739
CATTC	3669
GGTGT	3497
AGGGG	3493
GGGTC	3490
TGTCT	3477
TGAGG	3453
TTTGG	3423
CCAGG	3397
GATCG	3359
CCAAC	3270
ACATA	3252
GCGTA	3225
GGGGG	3186
GCTAG	3171
TGTGT	3154
AATGC	3091
GCAGT	3083
TCAGT	3071
AATCC	3059
GCGCG	3057
CACCT	3013
GCCTT	3010
TGAGC	2928
TAATG	2885
TGCTA	2869
TCACT	2860
GATGA	2842
TCACC	2826
AAATG	2813
GATCA	2813
CTATA	2737
GCCAT	2696
CCATA	2673
TAACT	2670
GCTGT	2660
AGGTT	2655
TGATA	2648
CGCCC	2535
CGTGG	2526
TCTCT	2509
TACTT	2498
TATTG	2494
TAGGG	2480
GCAAT	2466
CTAGC	2466
AGATA	2464
AGCCG	2438
GATCC	2421
CGTTA	2376
GTCTT	2369
GAGTT	2355
TGGTA	2336
TCGCC	2324
GTCAT	2302
CGCAC	2295
TAACG	2284
AATGG	2274
AGGGC	2255
GGACG	2254
GGAAG	2232
TAGTT	2228
GGGAG	2211
GCTCG	2208
ACGAA	2201
TTTAG	2194
GACAT	2185
CATCG	2173
CGCTG	2162
CCAAG	2147
CATGT	2146
AATCG	2110
GGTCT	2102
TCAAA	2096
TGCCC	2084
GATGT	2067
CATCA	2040
GATGG	2004
AATTG	1995
CGGTT	1990
TACAC	1984
TATCA	1954
TCGTC	1953
TCCTG	1952
AAAGG	1943
GCGTC	1914
CGAAT	1901
TATCG	1881
CCATT	1869
TATCC	1866
TCCTT	1860
CCAGC	1836
TCTGG	1826
GCACC	1787
TGGGT	1752
AAGTT	1747
AGCCC	1746
GCGAA	1742
AGTTC	1732
TGTAC	1729
TATAA	1722
CGACA	1713
CGGTG	1708
CCGAC	1687
TTCAA	1665
GGACC	1648
CGTCC	1626
ACACA	1607
GCTGG	1595
TCCAG	1588
TCTCG	1564
AAACG	1558
CGTTT	1546
GAATT	1529
GTATC	1525
CGAGG	1516
GCGAC	1461
GGAGG	1459
TACCG	1455
GGGAT	1448
TTTGT	1442
TCGCG	1440
CGTCT	1425
TAATT	1399
TCACA	1394
TATGA	1384
TTTCG	1375
TAATA	1369
TATTA	1369
TAAAA	1362
GGAGC	1358
CCGCC	1347
ACGTA	1340
TTTTA	1334
CTAAC	1326
TATGG	1321
TATAT	1319
TCCCT	1308
ACGCA	1299
AACTT	1296
TAGTG	1287
TCAGC	1283
ACAAG	1274
CACAT	1273
TCGTA	1272
GCTCT	1261
TGACT	1258
CATTG	1257
GCGCC	1242
AAATC	1211
TAGAC	1203
TCGCA	1198
CTCAT	1194
GGAAC	1184
TACTC	1180
GCTTC	1176
TATAG	1161
CTTTG	1159
CGAGA	1148
CGAAA	1136
CGTGC	1133
GCACT	1114
ACATC	1111
GACCT	1109
GCTTA	1093
TCAGA	1087
TATAC	1080
AGCAA	1080
GCCTA	1073
TACTG	1062
GGCAA	1056
TGGAC	1046
CGACT	1042
TCCCG	971
TGGCT	958
CGTAC	952
TATCT	945
GGCAC	934
GGCCC	930
TCGGA	930
TGTAA	929
TATTC	927
GTTGG	919
TAGTC	916
GCAAC	915
TCTGT	914
ACGTG	900
ACCCG	880
TATGT	877
ACTTG	871
ACAGA	871
CCACA	859
ACGAC	853
CGAAG	846
ACATT	843
AACAC	833
AATTC	820
TTCAC	817
TGAAA	813
TGGCG	808
TGGAA	806
ATCAT	791
CAATT	790
GATAG	789
TGGGC	787
GCCCG	784
GGCCA	779
CAGGC	776
CACTC	774
CGTAG	774
GATTT	770
AGTGA	753
AGTTT	752
GGTCC	751
AAAGC	746
CCTTG	744
CAAGA	741
GTGTG	738
GTTAG	736
TGTGC	728
GGAAT	724
CAAAA	722
GCGCA	719
GCACA	714
TCCAA	712
GGGGA	712
GCCCT	710
TCTAC	697
ACGGG	696
GAGGT	691
AAGCC	691
TTCTT	688
TGTCA	681
TTTAT	677
CCGAA	673
TAGCT	672
TAAAG	661
CGGAT	661
CCACT	651
CGCCG	649
GTTTT	648
CAAAT	647
ACGCC	644
CATCT	640
TCCAC	633
TTATC	633
TTATG	632
TCGGG	624
AGTCA	617
TTAAC	615
GGGCG	613
TCTAA	612
ACCTG	607
CCAAT	604
CCGTC	604
GACAA	596
TCTTA	596
TGCGG	596
GCGGG	595
CGCTA	594
TCTTC	585
GTCTG	579
TATTT	578
CTATG	578
TGTCC	570
ATTGG	566
ACGGT	566
GGTCA	560
TAGCA	559
TTTTT	557
TAAGG	553
TCCCA	549
ACGAG	548
GATCT	537
TTGCA	530
TGTGA	530
CAGTC	530
CGCAG	529
ACCTA	521
TTGTG	514
ATTTG	513
TGAGT	512
CCAAA	512
TAAGC	511
AGCAG	510
CTTCG	506
AAGCT	499
TACAG	495
GTTCG	495
GGTAC	493
AGACG	489
GCCAG	487
GGTGC	484
TAGCC	482
CCCAT	480
CGGGC	471
GATGC	470
GAAGG	469
TTTTC	468
AGGGT	466
TTTGC	462
AGTAG	459
TGACA	452
CGCAA	452
GGTGA	451
CGCCA	450
CGGTA	444
CATGC	438
CGGGG	432
TAAGA	431
CTAGA	427
TTCAG	427
CAGCA	423
GGGCT	415
TCCTA	414
CGTAT	413
GAACT	409
AGCAC	407
ACACC	401
GAAAC	399
TCCGG	396
TATGC	396
TAGAG	395
GCAGA	394
CTACA	392
AAAAA	392
GAGAT	388
GCAGC	387
CCGTG	386
CGGAG	385
CCGAG	385
AGTCT	385
AAGAC	385
GTTTA	384
TCCCC	381
CACCG	381
CCTCT	377
TGGCA	373
GCGGA	372
CTTGG	372
ACGTC	369
GCAAA	366
ACCTT	361
ATTCG	361
CACAC	347
GGGGT	347
TTCCT	346
TTTGA	345
GTTTC	339
GACAG	338
ACCCT	328
TTGGG	327
TTTCA	326
AATAA	325
CCAGA	320
GCCTC	320
NCGTT	319
CGGCC	319
CATTA	314
TTTAA	312
CACTA	308
CGGCT	308
AGAGG	306
TTTAC	306
AGGCT	304
ACAGC	304
CCTTC	302
GAGCG	301
CGGAC	299
ACTCT	297
GCCCA	294
GAAAG	290
TCCGA	289
NAATC	288
CGGCA	288
AGGAG	287
GGGGC	283
ATGCA	283
CCGCA	280
TTAGC	273
CGGGA	272
ACGGC	268
TTAAT	266
GAAGA	266
GTATT	265
CACTT	264
NACTA	261
CATAC	261
CGAGT	260
GTCCT	259
TCTGC	259
ACTGG	256
GAAGC	256
NGCTT	256
CCTAT	254
ACCCC	250
AGTAT	248
ACACT	248
CAGTA	248
GGCGG	247
GCTCC	245
ATGTG	243
TCTCA	234
TTTCC	234
GAGAG	234
TCTCC	230
ACAGT	230
CCTTT	230
CTTTC	229
GAGCA	229
GCGGT	227
AGTGT	227
GGTAA	226
TGAGA	224
ACAAA	222
CAGCT	222
GGACT	221
CAGAC	221
CTTTA	220
CTAAA	220
GCCCC	218
ACTCG	215
GTATA	214
ACAAT	212
NGATG	212
TTACC	210
AATGT	209
GACAC	208
GCTAC	208
TTGAG	208
ACTTA	207
CGTCA	207
TTAAG	206
ACGCG	205
TGGCC	205
AACAG	205
AGATT	205
AAGAG	203
AAGCG	202
TTCTG	196
ACTAT	194
TTAGG	192
CCTCC	188
CAAAG	188
GAGAA	187
CCGCG	186
AGACA	185
GTGCA	184
CGGCG	184
AATCT	183
CCAGT	182
TTCGA	182
CACTG	182
CCTCG	180
AGTGC	180
AGTCC	178
CCCCC	177
NAGTA	175
TTTCT	175
GAGCC	171
CGCGC	171
TCGGC	170
TCCTC	168
CATTT	165
TCTGA	165
CCCTG	164
TNATG	164
GCTCA	164
GATAA	164
AAAAG	162
AGGCA	160
CAGAT	158
CCCCT	156
AGGAA	155
AACGC	154
GATAT	153
AGACC	152
TACGA	152
CGTGT	152
ACCAA	152
CGGAA	149
ACTCA	149
ACTTT	147
CATGG	147
CATGA	146
TAAGT	143
GATAC	143
CTATT	142
GTGTT	141
ACAAC	140
CTTAG	139
AGGCG	136
GGACA	136
CCCAC	135
AATAT	135
TTCCC	134
CACAA	133
CTACG	132
TNTTG	130
GCCAC	130
TTGTT	129
AAAAC	128
CGCGG	128
GAAAT	125
CTCAC	123
GTCTA	122
CCGTA	122
GCCAA	121
NCAGG	121
GCTGC	121
CGGGT	120
CAAGG	120
TCANG	119
GCTAA	119
TTACG	117
TTAAA	115
CCTAC	115
TTGGA	114
CTAGG	114
CCTAG	113
GGGCC	113
AATAG	112
GTGTA	112
ACTGA	111
NCATT	109
AATTT	109
GGGAA	108
NCAAG	108
TTATT	105
CGTGA	105
GGGAC	104
GAAAA	102
NCACG	102
ATGGG	101
CCTTA	101
GTGGG	100
TTCCA	100
TTCCG	99
TGTNG	98
TTATA	97
TTCTA	97
GTTAT	96
AGGCC	96
ACCAG	95
CCTGC	95
GCTGA	95
NGTTT	94
CAGTG	92
CGTAA	92
CCCCG	91
NGTGG	90
CTCCC	90
GGAGT	89
TTGTA	88
GTCTC	87
TAGCG	86
GTCAG	86
GAGCT	86
TTGGT	84
ACTTC	83
NGGTG	83
CCTGG	83
NGACC	83
GGGCA	82
ATTGT	82
CATAG	81
GGCGT	80
AATAC	80
ATGAT	78
CTAAT	78
CTTGT	78
AAACT	78
AGTAA	77
AGGAC	77
AGAAG	75
CCCCA	75
GCGGC	75
TTGGC	75
AACGG	75
GGAAA	74
GCCGG	74
CAGTT	74
ACTAG	73
NGAAC	73
NGCTG	73
ACCTC	73
AGCGA	72
ATTCA	72
GGAGA	72
NGTAG	72
GAGAC	71
CAGCG	71
AGCGG	71
ATTAG	70
CAGGG	70
CTCTG	69
GTGTC	69
CTTCC	69
CACGC	69
TTGAA	69
ACTCC	69
GTGGT	68
AGAGC	67
CTTGC	66
CACGA	66
AGAGA	66
ACCAC	65
AAATT	65
CCCTC	65
CCTCA	64
CAAGT	64
ACTGT	64
ATTGC	64
TTGAC	63
ATCCG	62
NAATG	62
AAAAT	62
ACCGG	62
CTCCA	61
CCTGT	61
TACGT	61
NAACA	61
CTAAG	60
CTGCA	59
NCATC	58
GTCCC	58
NGAGC	58
GCGNT	58
CTCCT	58
AACNN	58
CAGGT	58
TCNTG	57
GTGAT	57
TCCGT	56
CAANN	56
GTCCG	55
TGCGA	55
GACGG	54
ATCAA	53
GTTAC	53
CTCTC	52
ATTGA	52
GTTGC	52
ATGTA	52
ATCTG	52
CTTCA	51
AAAGT	51
AACGT	50
GCNTT	50
NTTTG	50
GACGA	49
NACCC	48
CTCTA	48
TGCGC	48
AGAAT	48
AGCGT	48
NAGGG	47
CAGAA	47
GTTGA	46
GTTCT	46
TTCGG	46
NGTTC	46
CCCAG	45
GAAGT	45
TTGTC	45
CCCAA	44
ACTAA	44
NAACG	44
TGNTG	43
AANTA	43
TTGCG	43
GCANT	42
CCCGG	42
TGTNT	42
CCCTT	42
ATTTA	41
CCGGT	41
CCCGC	41
CACAG	40
CCCTA	40
ACTGC	40
GTGAG	39
AANCN	39
CNACN	39
CTTGA	39
TTAGT	39
NAGGC	38
CTCTT	38
TCANT	38
NGATT	37
NTCAT	37
TTNAT	37
GGCNT	37
ACCGA	37
TCCGC	37
TTGCC	37
TTCTC	37
NGTCG	37
NACAT	36
NCGTG	36
AGAAC	36
GGNTT	35
GTGCC	35
CTAGT	35
GGTNT	35
CTCAA	35
TACGC	35
CTNTC	34
GTAGT	34
NACCG	34
ANCTA	34
GTTCA	34
TTCGT	33
CCGGG	33
TACGG	33
ATCTA	33
NCTTG	33
GTGGA	33
GCNTN	33
GNATN	32
CATAT	32
CACGT	32
GTAGG	32
ANCCN	31
AGACT	31
CATAA	31
ATGGC	31
GCANN	30
CCGGC	30
ATCCC	30
GTACG	30
CCGGA	29
NACCN	29
GCCGA	29
GTAAG	28
GTTCC	28
CTCGG	28
NAGGN	28
GNGTT	28
GTCAC	28
CTGTG	28
TGNTT	28
TTGCT	27
TCNTT	27
ATCAG	27
CANCN	27
NGGTT	27
ATATG	27
TCANN	26
TTAGA	26
TNGTT	26
CTCAG	26
NCATN	26
CTTAC	26
NCGAG	25
TCTAN	25
CTGGG	25
GTCGT	25
GGNTN	25
CTTTT	25
CNATG	25
GTAAC	24
CGCGA	24
CCTAA	24
CTTCT	24
ACTAC	24
ATGGT	23
TCNAN	23
CAGAG	23
ATCCT	23
GCCGT	23
NCAAT	23
CCCGA	23
GTNTT	22
ATTTC	22
ATCAC	22
NAGTG	22
GGCGC	22
GTCCA	22
GGTNN	22
NGTAT	22
TGCNN	22
AATTN	22
CTCCG	22
CTACT	22
TTACA	22
AATNN	22
NGCTA	21
NGTTN	21
GGCGA	21
ATCTT	21
AGAAA	21
NAACN	21
TCATN	21
TNTGG	21
NGCCT	21
TCTNT	21
NGCAG	21
CNATN	21
AATNA	20
GTCGA	20
AANGN	20
CTANC	20
AAGNN	20
NATGA	20
TCGNN	20
NACTG	19
NGCAN	19
NACTT	19
GTAAT	19
GACGT	19
NCTTT	19
TGTNN	19
CCTGA	19
TAANC	18
NGATN	18
GNCTG	18
TNCAN	18
NGGAT	18
TGCNG	18
NATTG	18
GNTTN	18
TCTNN	18
CTGGA	18
CGCGT	18
CAANG	18
AGTAC	18
NCGAN	17
NTATC	17
TGTTN	17
GNATC	17
GTTNN	17
CACGG	17
TTCNT	17
GNCTT	17
GTCAA	17
NAATA	17
TCNAG	17
ATACG	17
NGATA	17
CTGAC	16
ATATC	16
CTGGC	16
GTACC	16
GGATN	16
CTGTA	16
AANTN	16
ATGCG	16
ATGTT	16
NGGTA	16
AAGNG	16
NGTTA	16
NAGGT	16
NACAA	16
TTCNN	15
TNATN	15
ATTTT	15
GACGC	15
CTGAT	15
TTTNN	15
GTGGC	15
AGCGC	15
GTCGG	15
CTTAA	15
AGAGT	15
NATTA	15
GNCAT	15
GCNAT	15
TNAGG	15
GTNTG	14
GNGTG	14
TTNTT	14
NATTC	14
NCATA	14
ATGAG	14
CGANN	14
CTGTC	14
TNCTT	14
GTGCG	14
NCTAT	14
ANGTA	14
GTTAA	14
TTCGC	14
ATTCC	14
CANTC	14
NAGTC	13
TGNAN	13
TCNTN	13
TTNTG	13
CGNTG	13
GTAGC	13
TGANC	13
CTANN	13
ATCTC	13
AANCC	13
AANGC	13
TANAT	13
NCCAT	12
NACCT	12
NGGGA	12
CGNTN	12
NCACC	12
ATACA	12
ACCGC	12
GTGAA	12
TNTAG	12
GTNTN	12
ACCGT	12
TCGNG	12
NAAAC	11
GCCGC	11
CNAGC	11
CTNTN	11
NCGCT	11
CNACA	11
GGNAT	11
NGACG	11
ATAGG	11
CTCGC	11
AACNG	11
CANTN	11
GAANC	11
ANGGC	11
ANGAT	11
ATGTC	11
TTNAN	10
ATGCC	10
NATCG	10
AACNC	10
NGAAG	10
CTTAT	10
GCGAN	10
NATCC	10
ATGAA	10
CTGCC	10
NATCA	10
AAANA	10
NAGTT	10
NTCTT	10
NGCCG	10
TNACG	10
NCACT	10
NAGAT	10
TNAAG	10
AAATN	10
TNATT	10
NGGGG	10
CNAAC	10
ANCAT	9
ANGGN	9
GNATT	9
CCANG	9
GNTTT	9
NGTGT	9
GTNAT	9
TTACT	9
TTTNG	9
TNCCA	9
TNGAN	9
AGCNT	9
TGATN	9
NGGAG	9
GTGAC	9
CAATN	9
TNATC	9
GCTNN	9
TNTCG	9
TACNT	9
NGAGG	9
TGNTN	9
GTTNT	8
GCGNG	8
ANCCT	8
AANGG	8
ANATG	8
AGTNG	8
TCAAN	8
ATACC	8
CTGAA	8
GGANG	8
ACANG	8
ATCGG	8
NGAAT	8
GAATN	8
NGCTC	8
GGCAN	8
ATATA	8
NGCCA	8
ACATN	8
GTAAA	7
ANTTN	7
TACNN	7
CTGGT	7
GCTAN	7
CTCGA	7
TNTAN	7
GNTTA	7
CGNTA	7
GTAGA	7
AAGTN	7
AATNG	7
AAGNC	7
TAGNA	7
GCTNT	7
NGCAA	7
TNAAT	7
ANACA	7
NCGTA	7
GCNAN	7
CGTNG	7
ACGNT	7
GNCTA	7
GCANC	7
CNGAT	7
NTTGG	7
ANCTN	7
GNGAT	7
CTGAG	7
TNGGA	7
ANCCC	7
NCGAA	7
TCGNA	7
AATGN	7
ATGAC	7
GCTTN	7
GGCNG	7
TAGNT	6
TANCA	6
GGANC	6
TAGGN	6
TANCC	6
ATTAT	6
CTGCG	6
TATTN	6
NNATG	6
GTTNG	6
ANTGA	6
NGGTC	6
TNTAT	6
NTATG	6
CANCG	6
GCGNN	6
GNGTA	6
CCATN	6
GNGGA	6
NCTAG	6
CGANG	6
GNAGG	6
GGNTC	6
AACNT	6
CGNAC	6
NAAGA	6
ANGGG	6
NNGGA	6
AACTN	6
TGCNC	6
NNCCA	6
NTTGT	5
AANTC	5
TTNTN	5
ANTGN	5
NATGG	5
TNGTG	5
ACNTG	5
NGGCG	5
TGNAG	5
TCCNT	5
TGCTN	5
NTATA	5
AANCG	5
TNTTN	5
NTAGC	5
TNGCT	5
NTAAC	5
GTTTN	5
ANATN	5
GGCNN	5
GACNA	5
ATAGA	5
ATAGC	5
GNACG	5
GGNTA	5
GATNG	5
CTGCT	5
GNGTN	5
GNTGT	5
GCTNG	5
CNATA	5
CAANA	5
CNACG	5
GCNTA	5
CGANA	5
GTGCT	5
ATCGT	4
NATGT	4
CANCA	4
CTGTT	4
GNGGG	4
AGCNN	4
CCANC	4
ATCGC	4
ANGGT	4
TAACN	4
TNCCT	4
TATNG	4
NACTC	4
ANGTN	4
TATGN	4
GNTGG	4
ATCGA	4
AANTG	4
NCAAC	4
TCNGT	4
NCACA	4
GANGA	4
GANCC	4
TGNTA	4
ACNAT	4
GAGTN	4
NCAGT	4
NCGTN	4
AAAGN	4
GAGNA	4
GAANA	4
GGTNA	4
GAANG	4
CNAGN	4
ATAAG	4
CCNTN	4
TAGNN	4
TANCN	4
CNTTG	4
CNATT	4
TNTTT	4
ANCAA	4
ATAAC	4
GNTTC	4
NACAC	4
NNAAC	4
TNGAG	4
NACAN	4
NNAAT	4
TACNA	4
GANTG	3
GANTC	3
GANTA	3
NNACC	3
TAGTN	3
NTACC	3
ATTAA	3
AGTTN	3
ATAGT	3
NTTAG	3
TACCN	3
ANAGG	3
ANATA	3
ANCAN	3
TGAGN	3
TGANT	3
GACTN	3
ATTCT	3
TACNG	3
TACAN	3
ATGCT	3
NGGTN	3
NGTAC	3
NCGGA	3
GCANA	3
GCAGN	3
NGTCT	3
NGCTN	3
NGTGC	3
TANTC	3
GGGGN	3
TANGA	3
TCAGN	3
ATATT	3
GGGNG	3
TCANA	3
TCANC	3
NGCAC	3
TCCAN	3
GGGTN	3
GATNN	3
ANCCG	3
TAANT	3
ACTNT	3
NGACA	3
TCGTN	3
TNACC	3
AANAA	3
ANTTG	3
CCGNT	3
GNATA	3
NATTN	3
TGTGN	3
GNCAG	3
GNCCA	3
TTCAN	3
CTNTG	3
CTNGC	3
GNCTN	3
TNAAN	3
TTTNT	3
TNACN	3
CNCAT	3
TNAGC	3
TNAGN	3
GTCGC	3
NAGCT	3
NAGCC	3
TNCAA	3
TNCAG	3
GACCN	3
TNCTA	3
TNCTG	3
GTNAN	3
ATACT	3
TGGGN	3
AAANG	3
AATCN	3
TGGTN	3
GAACN	3
GCNGG	2
CTANA	2
AAGAN	2
CNCCT	2
NTTCG	2
AGTNT	2
CNGGC	2
CNTAN	2
TANAA	2
NTGTG	2
TNTCT	2
TANAC	2
CNTGT	2
NTCTG	2
TNGTN	2
TNCCC	2
TANCT	2
TNGGG	2
CCNTG	2
TANTG	2
TNGCA	2
TANTT	2
CGNGG	2
GCGTN	2
ANCTC	2
CGNCG	2
TAANG	2
AACGN	2
ANCTG	2
ANCAC	2
ANGAA	2
TTNTC	2
AAANN	2
CGTNC	2
TTCNC	2
CGTNT	2
GCCNG	2
CNAGG	2
GCNAG	2
TTANN	2
NTTTT	2
TTANC	2
ANAGA	2
ANACC	2
NTTTN	2
GCNCN	2
NTTTA	2
NTTGN	2
TCTTN	2
GANTT	2
ACTAN	2
TCNAC	2
AAGNT	2
TCNTA	2
GANGC	2
TGTAN	2
GANCG	2
TGNTC	2
TGNGN	2
TGNGG	2
TGNCN	2
TGNCG	2
TCGNC	2
ACGAN	2
GAGNT	2
CCCGT	2
GAGGN	2
GTNTC	2
TGGNT	2
TGANN	2
GAANN	2
CATNG	2
TGCNA	2
GACNC	2
CCANT	2
CCANN	2
CCNTC	2
AGTNA	2
AGNTG	2
AGNTC	2
CTANG	2
AGNTA	2
AGNGG	2
TNCTN	2
TNCTC	2
AGNAT	2
AGNAN	2
AGGNT	2
AGGGN	2
CTANT	2
AGTNN	2
CCNAT	2
CTATN	2
TCACN	2
TNATA	2
AGCNG	2
AGCNA	2
TNACA	2
CACNC	2
CTCGT	2
AGCAN	2
GATNA	2
CTNTT	2
GGTNC	2
GTNAG	2
NCCTG	2
NGACT	2
ATTAC	2
NCGCN	2
NNAAG	2
NGCCC	2
GTGNN	2
NCAGC	2
NACTN	2
NTAAA	2
NAATT	2
GGNAG	2
NNTTG	2
GNTGA	2
NCAGN	2
NNATT	2
GGNAN	2
NNTAT	2
GTACA	2
NNTAG	2
GNAAG	2
GTACT	2
ANTCA	2
NAACT	2
NAAGC	2
NCTGT	2
NCTTA	2
NATGC	2
NATCT	2
NNCTT	2
GTNGT	2
NAAGG	2
NGTCC	2
NCGTC	2
GCNTC	2
ANGTG	2
GTANG	2
GGANN	2
GNACN	2
NCCCG	2
GNTAG	2
GGGNT	2
NCCTC	2
GNTCG	2
NCCAA	1
NCCAC	1
TGGNN	1
TGGNC	1
TGNAC	1
CCCNC	1
NCAGA	1
CTTNC	1
GNGTC	1
TGTNC	1
TGTNA	1
CGCTN	1
NCAAA	1
NCAAN	1
GNAGT	1
AANAT	1
GNAAN	1
CTTNG	1
CTTNN	1
CTTTN	1
CCGAN	1
NCACN	1
GNACC	1
TGNGT	1
CTNGN	1
TCTGN	1
NCGGT	1
ACCNT	1
TGAAN	1
ACCTN	1
ANGTC	1
ACGNA	1
ACGNG	1
CANTG	1
NCTAA	1
TCTNA	1
ACGNN	1
NCGGG	1
CANTA	1
NCTAC	1
ACNCT	1
ACNGG	1
ACNTA	1
GANAC	1
ACNTT	1
GANAN	1
NCTCA	1
NCTCG	1
GANCN	1
ACANA	1
NCCAG	1
NCCAN	1
GAANT	1
AANTT	1
NCCCA	1
NCCTA	1
NCCTT	1
GACNT	1
NCGAC	1
CCAGN	1
ACACN	1
TGGNA	1
ACANC	1
CATNT	1
ACANT	1
CATNN	1
NCGCG	1
TGANG	1
CATNC	1
TGANA	1
CATCN	1
GAGCN	1
ANTGC	1
TTGNG	1
TTGNC	1
CGNGN	1
CGNTT	1
ANTTA	1
CGACN	1
TTCTN	1
ANTGG	1
CGAAN	1
CGTGN	1
GTGNC	1
GTNCN	1
CGTTN	1
CNAAA	1
ATAAA	1
GTTNC	1
CNACT	1
GTCNT	1
GTCNN	1
ANTCN	1
TTATN	1
TTANG	1
GTNGG	1
TTTTN	1
AAACN	1
GTNTA	1
CGCNT	1
CGCNN	1
TTTNC	1
CGCNG	1
CGCAN	1
AAANC	1
GTNGN	1
GTCNA	1
AACAN	1
CGGNA	1
GTNCT	1
TTNGG	1
TTNGC	1
TTNCN	1
CGNAN	1
TTNAG	1
TTGTN	1
CGNCC	1
CCNAC	1
NACGA	1
TNCGT	1
TNCCN	1
TNCCG	1
GNTCT	1
NAGAA	1
NAGAG	1
NAGAN	1
NAGCA	1
GNTCA	1
NACAG	1
NTCCG	1
TNACT	1
CTCAN	1
GNGGN	1
GNGCT	1
NATAA	1
GNGAN	1
GNCTC	1
CTGNT	1
GNCCC	1
CNTCG	1
ANTAG	1
NAAAT	1
CNCCC	1
CNCTT	1
ATAAT	1
AAGCN	1
CNGTT	1
GTCAN	1
TNTTC	1
TNTGN	1
CTNGG	1
GTATN	1
CNTCT	1
CNTTC	1
ANGTT	1
TNGGT	1
TNGGN	1
TNGGC	1
NAATN	1
CTAGN	1
TNGCC	1
ANAAC	1
TANGC	1
ATNAN	1
ATNTN	1
GCCAN	1
CACCN	1
TANAN	1
NNATA	1
NNATC	1
ANAAA	1
TAGNG	1
NNCAT	1
TANTA	1
GCCNT	1
NNCCG	1
ANACG	1
TAGCN	1
CAANT	1
ANACN	1
NNCCT	1
TAGAN	1
NNCTG	1
ANAGN	1
TATNT	1
GGGNC	1
AGCTN	1
NGCGG	1
NGGAC	1
GGCTN	1
AGGNA	1
AGGNG	1
GGCNC	1
NGGGN	1
NGGGT	1
AGNCN	1
ANATC	1
TATNN	1
GGCNA	1
AGNGA	1
NGTAA	1
AGNTN	1
AGNTT	1
TATAN	1
GGANT	1
NGTGA	1
GGANA	1
NTTAN	1
NTACG	1
NTAGA	1
GCNCG	1
ATTNN	1
NTAGN	1
ATTTN	1
NTTTC	1
GCNCT	1
NTATN	1
NTTGA	1
NTCAA	1
TAAAN	1
NTCAC	1
NTTAC	1
NTCAG	1
NTGGT	1
NTGCA	1
NTGAT	1
GCNGT	1
NTCAN	1
NTCTA	1
NTCCA	1
GCGNC	1
NNGAG	1
NNGAT	1
NNGCG	1
NNGCT	1
CAAGN	1
NNGGG	1
NNGGT	1
NNGTC	1
GCGGN	1
GCGNA	1
ANCGA	1
NCTGG	1
NNTTT	1
TAANN	1
TAANA	1
GCTCN	1
TAAGN	1
NTAAG	1
ANGAG	1
NTACA	1
ANGCC	1
ANGCN	1
GATNC	1
GGNCG	1
GCAAN	1
GGNGT	1
GANTN	1
CAGCN	1
GGNGN	1
CANGT	1
CANGN	1
NGACN	1
CAGNN	1
GGGNN	1
GGNGG	1
CANGC	1
CAGGN	1
GATCN	1
TCGGN	1
CANGA	1
GATTN	1
AGATN	1
ACTNN	1
AGANC	1
NGAAN	1
NCTCT	1
GATGN	1
NCTTC	1
TCNGN	1
TCNCG	1
ATCAN	1
CACNN	1
CACNT	1
TCNAA	1
TCCTN	1
