process_radtags -p /home/burke/Documents/dls/crowRAD/DLS002A/ -i gzfastq -o /home/burke/Documents/dls/crowRAD/stacks/DLS002A/ -b /home/burke/Documents/dls/crowRAD/barcodes_stacks/barcodesDLS002A.txt -e sbfI --inline_null -r -c -q -D /home/burke/Documents/dls/crowRAD/stacks/discarded_reads/DLS002A
process_radtags version 1.42 executed 2016-10-03 20:00:06

File	Retained Reads	Low Quality	Ambiguous Barcodes	Ambiguous RAD-Tag	Total
DLS002A_S25_L002_R1_001re.fastq.gz	7574583	21137	422992	109821	8128533
DLS002A_S8_L002_R1_001.fastq.gz	6870505	239	677658	106624	7655026

Total Sequences	15783559
Ambiguous Barcodes	1100650
Low Quality	21376
Ambiguous RAD-Tag	216445
Retained Reads	14445088

Barcode	Filename	Total	No RadTag	Low Quality	Retained
TGCAT	la01	1541564	16701	2241	1522622
AAGGA	la02	2188348	27823	3179	2157346
GCATG	rus01	1955268	30066	2824	1922378
AACCA	rus02	2129190	34227	3134	2091829
CAACC	mi01	2061192	50061	2957	2008174
TCGAT	mi02	1219054	12852	1792	1204410
CGATC	nynj01	1716028	20652	2515	1692861
GGTTG	nynj02	1872265	24063	2734	1845468

Sequences not recorded
Barcode	Total
CAGGC	56958
GGCCG	49634
GCGCG	33547
AGATA	29613
ACGCA	22944
TAAAT	14898
TCTCT	14318
TAGGT	14009
CGCCC	13733
CAGTC	11448
CCGCC	9641
TGCCG	9542
TACCT	8773
CATGC	8523
CCCCC	7554
AACAT	7332
TCATT	7211
TGATT	6661
GGCAG	6162
TCGCG	5149
GCTCG	5128
AAGAT	5008
CATTC	4926
GCGAG	4818
TGCCA	4649
GGCCT	4633
TGTTT	4606
AGCAA	4564
AATTA	4152
NACCC	3921
AGCCT	3844
AAATA	3831
ACTCA	3769
ACATA	3696
GCGCT	3503
AGTTA	3263
TATAT	3253
CAGAC	3161
ACGAA	3161
CAAAT	3131
AGCCG	3130
NGCCT	2882
ACGCT	2867
TAACT	2779
AAAAA	2715
CACCT	2671
GTTGT	2651
CACAC	2588
CATGA	2551
CCGGC	2542
CAGTA	2539
NAGGC	2456
AATGC	2448
AGAGA	2436
CAGCA	2407
TCGCA	2388
CCGTC	2327
GGTGT	2319
AGCGA	2312
GAGGG	2240
ACCAT	2195
ATTCA	2132
GACCG	2122
CGCCA	2104
AATAA	2094
TGCCC	2082
ACGCG	2078
AAGTC	2058
CGGCA	2008
CATCA	1974
AAGTG	1971
CAGGT	1959
GCAGT	1905
CGCCG	1892
CGCCT	1824
TTTAT	1824
AAGCT	1819
CCTTC	1817
AGGAT	1810
CAGAA	1793
AAATG	1730
TTCTG	1722
AGGCA	1717
CATAC	1690
GGCCA	1682
TATGT	1680
AGGTA	1660
TTTTT	1656
CGCAC	1650
CCGAC	1649
TAAAC	1644
AGAAA	1632
ATGCA	1594
GAACG	1588
TGCTG	1555
TGGTT	1544
AAAAT	1542
TGGCT	1530
TTAAT	1521
AAACG	1507
CCGCT	1504
CTTTA	1474
CTTGC	1453
TGACG	1444
ATTTT	1425
TCGCC	1421
TTTCT	1420
TACAA	1418
GCAAT	1414
AGACA	1413
CGTCA	1412
GGTAT	1405
GCTGG	1404
AAAGC	1396
CAATA	1381
AACTG	1380
CACAT	1369
AGTCA	1369
TGATG	1366
CATTA	1365
AGAAG	1362
GCGCA	1356
AGATG	1350
GTTGA	1349
CGGCG	1347
CAAAA	1347
CATAA	1340
AATGT	1336
CATTT	1329
TTGCT	1327
TGGCG	1310
TTATG	1305
TTTTG	1296
ATTTA	1292
NCGCT	1291
CTTCT	1291
TATTG	1282
CCTCC	1272
CAGAT	1267
TTATC	1261
CCAAC	1260
GTTTT	1257
AAGCG	1252
AGATT	1247
CAAGA	1243
CGGCC	1236
TCTCA	1236
CCAGC	1235
CTGCT	1233
TCTCG	1232
ATAAA	1227
TAAAG	1222
GGTCA	1210
ATTGC	1208
CATCT	1208
CTTCC	1193
GGGAG	1190
GAACA	1189
GCTTT	1185
AATCT	1177
CAATG	1172
TACCC	1171
ATGGT	1167
ATTAA	1165
GCTTC	1157
TTCTT	1154
CTTTC	1154
TTTGA	1152
TATCA	1152
AGCAG	1145
GCCCG	1141
GAAAA	1138
TTGCA	1137
GATGT	1136
TGATA	1136
AAAAC	1133
CGACT	1130
GCTGA	1130
CTGGT	1123
ATTTG	1122
CGGCT	1117
GAAGG	1114
ACACA	1114
TTGGT	1113
AAATC	1112
AAACT	1112
AAATT	1111
AGCTT	1107
ACTGA	1102
AAAGG	1092
TATTT	1089
TTTTA	1088
TTTCC	1087
ACGCC	1085
TCTTT	1080
TTTAG	1078
CATGT	1078
TAATG	1077
TTTTC	1077
GCTGC	1074
ATACC	1070
AGTCG	1069
GATTA	1069
GTCAA	1066
TCCCT	1063
TAAAA	1063
GTTCA	1059
CGTTT	1057
TGGCA	1056
TATGG	1053
ACCAA	1051
AATAT	1044
AAGCC	1043
TGACT	1039
AATTT	1037
AACGC	1037
TTATT	1035
GTTCT	1034
TCAAA	1033
TTTGG	1033
TTACT	1031
TCAAC	1031
GAGCG	1031
CCATA	1029
CTGCA	1029
CAGCG	1028
ATGCT	1028
GCTTA	1025
TACTG	1025
GATGA	1023
TGGTA	1023
TGACC	1021
TCACT	1019
AATCC	1016
CTTTT	1016
TTGAC	1015
TATGC	1014
CATTG	1013
TGGTC	1012
GACGA	1011
CCGCG	1011
GGCGT	1010
GTACG	1010
GGGCG	1006
CTCTT	999
GCTCT	997
ACAGA	996
ACCCT	995
CGGGC	992
CTGCC	991
CGTCC	989
TTCCT	986
ATCAG	984
CCTGA	984
AAGAG	980
ATTTC	979
TAACA	978
ACCAG	976
TATGA	975
GCGCC	975
CGCTG	975
CATGG	973
CTTTG	972
CCTGC	967
TCCTT	957
ATACA	957
CTTGG	956
GATTT	954
TTACC	953
CGCTT	952
GACGC	949
TGGTG	949
ATGAA	943
CTGAT	941
AGCCC	940
ACTTC	935
GTTTA	931
GCAGA	930
GATAA	929
GTTTC	927
GTTAT	926
CTGAC	925
GCTCA	925
AGACG	922
CTTCG	920
AGGCT	919
ATTGA	917
TAATC	916
CCGCA	915
ATCAA	915
CTTGA	914
ATTGG	913
CGGTT	912
CTGGC	912
TTCCA	911
TCTTG	910
ATCTG	909
GATGG	907
CACGC	904
CTGTT	903
AAGTT	903
TTTGT	902
GAAGC	900
ATACG	898
GATGC	895
GCCAT	892
TGTTC	892
CATAT	891
AGAGC	891
ATGGC	888
TAAGG	888
ATAAT	884
TTGTT	883
AAAAG	883
ATGCG	881
GTTGG	879
ATGAG	879
AATCG	878
CTTAT	878
CGGAT	875
AACAG	871
TGTCT	871
CCTTT	868
AACGT	866
ATGCC	866
TGAGT	865
CTTCA	865
CTACA	864
GGCGG	863
TTTAA	862
CGACG	861
CAGCT	859
TATTA	859
GGACG	858
CGGTG	856
GATTC	855
TTGCG	853
CTGCG	852
ATTAT	849
ATAAC	847
CCTCA	847
TCATC	844
GGAAA	843
AATGG	841
CGGTA	840
GAGGC	840
GGCCC	839
GAGCA	839
GTTCG	839
CTCAT	838
TAATA	834
AGCTA	834
GTCCG	830
CCAAA	829
GCCGC	828
GACTG	826
GTCAG	826
ATATT	823
TAGCT	821
TAAGC	821
CGTCT	819
GAAGA	819
GAAAC	818
ATGTT	817
AGGAA	817
GAAGT	814
CCAGA	811
TCTGC	809
CGGAG	807
GTCCA	805
AGCGT	805
ACATT	803
AGTAA	802
ACCTG	795
NGGTG	794
CCACA	793
CAAGG	790
TTTGC	789
GTGGC	788
GCGTT	788
ATAAG	788
ACAAA	787
CGGGG	786
TTTAC	784
GCCTC	782
CTATT	782
GACTT	780
TAGAA	779
TTAAG	778
GGATT	775
TAACG	775
CTACT	770
GCCAG	770
CGGGA	770
TTAAA	769
GCGGC	766
TTAAC	765
GTTGC	761
CTCCA	758
TGAAC	757
GCTCC	756
GAAAT	755
AGGTG	754
TTCAG	752
GAGTG	752
TTGAG	752
ACGTT	751
GAGAA	749
TCACC	748
AGGGT	748
TCTGA	747
AATAG	746
GACGG	745
TCAAG	744
CTTAA	742
AGACC	741
CAGTT	741
ATATC	740
TCAGT	739
CAAAG	737
CTCAA	736
AACGG	736
TATCC	736
TTCTC	735
TAGCA	734
GCAGC	732
CGCAA	732
AAAGT	730
GACCC	729
AGCTG	729
TAGTT	729
TGTTA	729
ACCTT	727
AGGCG	724
ATCTC	724
TTGGA	723
GTTAA	718
ATCCT	717
GAATC	716
TCACG	713
GATCT	713
GCTGT	713
GGGTT	713
GGATA	711
GTGAT	709
AACTT	708
TTTCG	708
TACCG	706
ACTTA	703
TAATT	702
CTAAA	701
CGTGA	701
GCTAC	700
CCTTG	699
TGAGA	697
CTGAA	696
GGGGG	693
TGCTA	692
TCAGC	691
CGAAG	691
GCCGA	690
GTATC	690
GTGCT	687
AGCGG	682
ATGAT	682
GCACC	681
TTGCC	681
ACTGC	680
AGTAG	680
TATCG	680
TGAGG	679
CGGAC	677
TGTAG	677
NGATA	675
CTCCT	674
GGCGA	673
GTTCC	671
GAGAT	669
GCTAT	666
CATCG	666
CCACT	665
CAGGG	664
CGCAG	663
NAACA	662
GATAT	660
ATTCT	660
TTCAA	659
AATAC	657
GTATT	655
ATTAG	654
AGTGA	654
GACTC	653
TATCT	652
TTAGA	651
CGTCG	651
CGAGA	651
GTGCC	649
GTACC	648
TCCAA	645
AAGAC	644
TTTCA	642
ATAGA	640
ACGGC	639
GTCTA	639
ACACC	639
GAAAG	639
GGCTT	637
ATTCG	637
TTGAA	636
CACGA	635
TCTGT	634
ACTGG	633
ATCCG	633
ACCGC	630
ATCAT	629
CCAAG	629
CCACG	628
CGAAT	628
GCAAC	628
GCCGT	627
TCTAA	623
ATACT	621
AGAAT	621
ACGTA	619
AGTTT	618
ATTGT	613
GGAGG	613
TAGAC	612
CACTG	612
TGACA	611
TCCTG	611
CACCG	609
AGTGG	607
GCGTC	604
CTCCC	604
CCATT	603
ATCAC	603
CCAAT	603
ACTAT	601
TGCTC	601
GTAGC	600
GAGCT	599
GTCGT	599
ACTTT	597
CTAAT	597
AGTAT	594
GTCGC	594
GACCT	593
CGTTA	592
AGGCC	591
GCCAA	590
GGTAA	590
GGACA	589
GTAAA	588
GAATA	586
GGCAA	583
TTGGC	583
AACAC	582
TTAGC	582
AGTCC	582
TGAGC	582
GCACA	578
ACTCT	574
TCTTC	573
AATTG	572
CGGAA	572
GTCAT	571
TATAA	571
TCAGA	569
CACTT	569
TGAAG	566
GGCGC	566
GTCGG	561
TCAGG	561
ATAGT	560
CTCCG	558
ACTAA	558
GCGTA	558
TAGGC	558
TCTTA	557
CGTAC	556
TTCGT	555
TAAGT	554
GCCTT	552
TGGAA	552
CGTAT	551
CTGTC	543
TACTT	543
CACAA	543
GTCTG	543
ACCCC	542
GGTCT	542
TCACA	542
ATCTT	540
TCTGG	537
CCGTT	536
CACTC	536
AGCGC	534
TAGCC	534
TACGC	533
GAGTA	533
CTCAG	531
GTCCC	530
GTGCA	529
AGCTC	527
ACGGT	526
ATCCC	526
AGAAC	525
ACCCG	525
TATTC	524
CTAAC	523
CGCGT	523
AGGTT	522
GCCAC	520
TACTC	519
AATTC	518
ATATG	518
GTCCT	517
CCCCA	517
TGTCA	517
CCCTG	516
CAGTG	515
GGTGA	515
GCAAA	513
GAGCC	511
ACTTG	509
TTATA	508
CGTGC	508
TGGAG	507
TTACG	507
TTCGG	507
ACAGG	505
ACATC	504
TCTCC	504
GGAAG	503
CTATG	501
TGAAA	501
ACTCC	500
CGAAA	500
CCTCG	500
GTCTT	499
CCCTC	497
TTCCG	497
ACTCG	496
TAAGA	496
TCGGC	493
ATAGC	492
CTGTA	489
ATGTC	489
TGGCC	489
AGGTC	488
GGGTA	488
GTGTG	487
GCTAA	485
CTCTA	485
GGACT	483
GAACT	481
GACAT	481
CTCAC	479
GATCA	476
GAATT	472
CAAGT	472
TCCCA	470
CTGAG	469
CGCTA	469
GTGGA	469
CTTAC	467
ACGAC	466
ACACT	465
CACGT	464
GCCCC	464
GATAC	463
ACCTA	462
GAGTC	462
TGTGC	461
TAGCG	460
TGCGA	460
ACGAG	459
TGTCG	456
ATCGC	455
CGACA	455
TCATA	455
GGTGC	453
TCGTC	453
AGGAG	453
TTAGT	452
GGCTC	452
ACAAT	452
GACGT	452
ATGTA	450
ATGTG	450
CCCCT	450
ATCGA	449
ATATA	447
TACGT	445
ATGAC	443
CCTCT	443
CTGGA	443
CAATT	441
AGAGG	439
CCAGT	439
ACTGT	439
TAGAG	439
AGCAC	433
GCCCA	433
GCGAA	433
GACTA	430
ACAGT	429
CCTGT	429
TGGGT	428
GCCCT	427
GTTAC	427
TGGAC	427
TCGTG	426
ACGTG	426
CATAG	426
TTAGG	425
CGGGT	424
TAGGG	424
ATTAC	423
NAAAC	420
ATCGG	418
ATGGG	418
GTCAC	418
AGTCT	417
CGCGG	416
GTAAT	415
TTCCC	415
CCTTA	412
CCCAT	412
GAGGT	409
CTCGC	408
AGACT	408
CTCTC	405
TACAG	404
CACTA	404
TCTAC	400
GTAAC	399
CCCAC	397
CGCGA	397
GTGAC	394
ACACG	393
ACCGA	389
CCTAC	389
GACAA	386
ACAGC	384
CCGAA	382
GCACT	382
GGGAT	381
GCGAC	378
GGGGA	378
AGTGT	377
TTCGA	377
GTAGA	377
TGGGA	376
TCCAG	376
CGTGG	375
CCGGA	375
GCGGT	373
TGCGC	371
AACTC	371
GTGGT	370
AGTTC	370
GACAG	369
GGAGT	368
CGAGG	367
GTAGG	365
CTCGG	362
TGTCC	360
GCGGG	360
ATTCC	360
GCGGA	360
TCCTA	357
GGGCA	355
CCTAA	355
TTGTC	355
GGCAC	354
TTCGC	354
TGCGG	354
TTGGG	354
ACCAC	353
GGCTA	353
GTACA	353
TTGTG	348
TCCCC	347
GTGCG	347
TCCAC	347
CGCGC	346
CCGAG	345
CTCGT	345
TGTGA	342
GGAGA	341
GGAAC	340
TTCAC	340
AGTGC	338
TATAG	332
TAGTC	331
CCCAA	330
ATCTA	328
ACCTC	328
CTCTG	328
TACGA	327
CTTGT	327
GTGTT	321
GTTAG	320
TAGTA	320
TGTGG	320
GGGTC	320
TCCGT	318
AGAGT	316
TAGTG	316
TTACA	315
CTCGA	314
GAGAG	314
GTCTC	312
GGACC	311
TACAC	310
ACGTC	310
GAGTT	309
ACCGT	308
ATCGT	307
NAGGT	304
TCGGA	298
GATCG	298
CCCTA	298
GGAGC	296
GTGAG	296
GTATA	295
GCCTA	295
CTTAG	294
GGTCC	293
TTCTA	292
NACAA	291
CCTAT	291
GATCC	290
NGCCA	286
GTAAG	285
ATAGG	285
AGGGG	280
CCCGA	278
TCCTC	278
TCCGA	275
CTACG	271
CCCCG	270
TCCCG	270
TCCGC	266
CTAAG	266
CTATA	266
AGGAC	265
CGTAA	263
GGTAC	263
GCCGG	260
GTCGA	259
GTGTA	258
TACTA	256
TGTGT	256
TACGG	251
CGTGT	251
CCGTA	250
CTGTG	247
NACCT	243
CACGG	243
GTACT	243
TATAC	242
ACAAC	240
CACAG	240
CGAGT	239
ACAAG	238
TTGTA	234
CCCTT	234
TCGTA	233
AGGGC	233
CTGGG	232
NGCCG	230
NACAT	222
TCTAG	219
GCTAG	219
CTAGG	217
GTGAA	217
NATGA	216
CCGTG	215
GAGAC	214
ACGGG	212
TGTAA	212
TCGGG	209
GTGTC	203
CCTGG	202
CCTAG	202
GGGAA	198
CAGAG	198
NAGAT	198
NATGC	198
GGGGC	196
TGGGG	194
NGATG	194
NCATT	192
TCCGG	191
ACCGG	186
CCCAG	182
CCGGT	179
ACTAC	178
GATAG	175
GTAGT	171
NCTCT	171
CTAGA	170
TGTAC	165
CGTAG	165
CCAGG	165
NCTAT	163
GACAC	162
AGTAC	158
NCGCA	156
GGGCC	156
GGAAT	155
CCCGG	152
GGGCT	142
TGGGC	132
NATCC	131
CCCGT	128
GGGAC	122
NCGCG	122
NGTTA	119
NGTTT	116
NGATT	113
NGTTC	111
GTGGG	110
GGGGT	98
NCATA	98
CCCGC	97
NAGAA	92
NATTA	90
NCTTG	89
NAGAC	84
NGTAT	83
CTAGC	82
NAACT	81
NAAAT	80
NGCAA	75
NATCA	75
NGGAT	75
CTAGT	74
CCGGG	72
NATTC	70
NAATG	70
NGCTG	68
NGCCC	67
NACAC	67
NCGGA	66
ACTAG	63
NCACC	62
TGCCN	61
NGGGA	58
CNCCC	56
NCGCC	55
NATAT	54
NAGCA	50
NGCAG	50
TNCCT	49
NCGAA	48
NAGTA	48
NACGC	45
NATAA	44
NAAGC	44
NGCGT	44
NGGTC	43
NCTTC	43
NCTCA	43
NTTTG	39
NTACC	39
NAACG	38
CACCN	37
NAGCC	37
NCTCG	37
TCGCN	37
NCGAG	37
NATAC	37
NAATC	36
NTTCT	36
NGAAT	35
NGAAC	35
NCAAT	35
NCAGT	35
NTTTC	35
NTGCC	34
NCCCC	34
NCGTG	33
NGACG	33
CAGGN	33
NATTG	32
CNGGC	31
NAGTC	31
NATCT	31
NGCTT	31
NAAGA	31
NTTTT	30
NAATA	30
NACCG	30
NTGGA	30
GNCCG	30
NCGGT	30
NAAAA	29
GNGCG	29
NTTTA	29
NAGCT	29
NTGGT	28
NATGT	28
NGAGC	28
AAACN	28
NTCCA	28
NCCAT	28
NTTGA	27
NGGTA	27
NTTGC	27
NTTGG	27
NCAGG	27
NTATG	27
NTTCG	27
NGGCC	26
TNGCT	26
NGACC	24
NTGAG	24
NGTGG	24
NGTCA	24
NGGTT	24
NTGGC	24
NATTT	24
NTGAT	23
NCTCC	23
NCACA	23
NTTCC	23
NGGAG	23
ANATA	23
NGGGG	23
NAAGG	23
NTGCT	23
NGGCG	23
NGGCA	23
NTACA	23
NACTG	23
NTTCA	23
NTCAT	23
NTACT	22
NCAGA	22
NGTCG	22
NGGCT	22
NAGTG	22
NTAAT	22
NGCGA	22
NGACA	22
NGCTC	21
NAGGG	21
NCCCT	21
NCATC	21
NCTGC	21
NAAAG	21
NTCCC	21
NCTTT	21
NTGCA	21
NCCTG	21
NCCCA	21
NATGG	21
NCAGC	20
NCGTC	20
NGTAG	20
NGTCC	19
NTTGT	19
NACGA	19
NTGCG	19
NGTGT	19
NCACT	19
NCACG	18
NGACT	18
NCCTT	18
NAGCG	18
NCCGC	18
NTACG	18
NAATT	18
NTGTC	17
NGAGG	17
NGAAA	17
NTATT	17
NAGAG	17
NTCTT	17
NTTAT	17
NTCTG	16
NTCGG	16
NTCCT	16
NCCTC	16
NTCAG	16
NCGTT	16
NTATC	16
NTGTT	16
NGAAG	16
NGGGC	16
NCTTA	16
NCGGC	16
ANTGA	16
AGATN	16
NCTGG	15
NTGTG	15
NTCCG	15
NTGAC	15
NTCGC	14
NACTT	14
NATCG	14
NGGAA	14
NCTGA	14
NTCGT	14
NCTGT	14
NGTCT	13
NAGTT	13
NGCTA	13
NCAAC	13
NGTGA	13
AACAN	13
NTAAG	13
NTAGC	13
NCCGT	13
AGCCN	12
NGGGT	12
NTAAC	12
NACGG	12
NTCAA	12
NTGAA	12
NTCTC	12
NTTAA	12
NTTAC	12
NGAGT	12
NCAAA	12
NCAAG	12
NATAG	12
NGCGC	11
NAAGT	11
GNGTG	11
NCCCG	11
NCTAA	11
NTCTA	11
NTGTA	11
NCCTA	11
NGTGC	11
NACTC	10
NACTA	10
NTAGG	10
NACGT	10
NGAGA	10
NGGAC	10
NCCAA	9
NACAG	9
ANACA	9
NCTAC	9
NGCAC	9
NTAGA	9
TNAAT	8
NTATA	8
NTAAA	8
NCCAG	8
NTGGG	8
NCGAC	8
NGCGG	8
TNTCT	8
GAATN	7
NTCAC	7
NTCGA	7
NGTAC	7
NTTAG	7
CNGCC	7
TACAN	7
TAGGN	7
GGCCN	7
GGGTN	6
NCGTA	6
CNAAC	6
NCCAC	6
ACGCN	6
GCGCN	6
CAAAN	6
ANGCA	6
CACNC	6
NCGGG	5
NTAGT	5
TNTAT	5
TAGAN	5
TACCN	5
TAAAN	5
ACATN	4
ANTTA	4
AGCAN	4
CGCCN	4
AAGTN	4
ANGTA	4
NCCGA	4
AAGAN	4
TNATT	4
CAGNC	4
CNGTC	4
AATGN	4
GNGAG	4
GNGGG	4
NGTAA	4
TTATN	3
TGTTN	3
CNGAT	3
GATTN	3
AGANA	3
GCGAN	3
TCNCT	3
TGNCT	3
ANACC	3
TAGNT	3
ANACG	3
ANCAA	3
AAATN	3
ANAGA	3
ANATG	3
TCAAN	3
TCTCN	3
CNAGC	3
GTTGN	3
GNACG	3
AATTN	3
GTGTN	3
GNGCA	3
TCCAN	2
GCACN	2
TNGCG	2
CACTN	2
TNGGT	2
CNGCG	2
CNGCT	2
GAAGN	2
CAGAN	2
ANAAA	2
AACGN	2
TNTTG	2
AGTAN	2
CNGGG	2
CCACN	2
CTTTN	2
CAAGN	2
ANCAT	2
CAGCN	2
AAGCN	2
CNCCA	2
TGGCN	2
CNACG	2
CNACA	2
TANAT	2
CACNA	2
AGTGN	2
GNGGA	2
CNCCT	2
ANCCC	2
ANCGA	2
ANCCT	2
ANCCG	2
TAGCN	2
GNTCG	2
GNCAT	2
TNCGT	2
AGAGN	2
ANATT	2
CCTGN	2
AATCN	2
CCTCN	2
NCCGG	2
ATTAN	2
AANAA	2
NCTAG	2
GGCAN	2
GGATN	2
CNTCA	2
CCGTN	2
GCTTN	2
TCTAN	2
CCGCN	2
GCTGN	2
ATTTN	2
AGCTN	2
CCCCN	2
ACGAN	2
TTGGN	2
AATAN	2
AGGTN	2
TTCTN	2
CNTGC	2
AGGCN	2
GGCNG	2
CNTTC	2
TGGAN	1
CTCGN	1
CNATT	1
CNCAC	1
TCTGN	1
ATCCN	1
CATCN	1
ACGNA	1
GNAAG	1
ATCGN	1
GNCGG	1
CNCCG	1
CNTTG	1
CNTGA	1
GNAGG	1
ANAAG	1
ANAGC	1
CNCTG	1
CNCTT	1
GNCCT	1
CTANC	1
TCTTN	1
ANAGT	1
GNATC	1
CNGGA	1
CNGCA	1
GCGTN	1
GNATT	1
AAAGN	1
CCAAN	1
CGGGN	1
CGGCN	1
ACCCN	1
CGGAN	1
CCANA	1
AGNTG	1
AGNCA	1
TTCAN	1
CCATN	1
GTAGN	1
TTCCN	1
CGCAN	1
CGNAC	1
CGAGN	1
AGGGN	1
CGAAN	1
CCTTN	1
CCCAN	1
TTGTN	1
CCNAC	1
GTATN	1
ACCTN	1
ATGCN	1
TTTCN	1
CCGAN	1
AAAAN	1
TNACT	1
GNCTC	1
CNAGA	1
TGNTT	1
CNACT	1
CNAAT	1
GNGCT	1
TGTNT	1
CGTCN	1
GNGTC	1
CGTAN	1
TNAAG	1
GTGCN	1
TNACA	1
CNATG	1
TNCCA	1
GNTGA	1
TNCTG	1
TNGAG	1
GNTGT	1
TNGTC	1
TNTAG	1
GNTTA	1
TNTCA	1
TNTCG	1
GNTTC	1
TNTGT	1
TNTTC	1
TCATN	1
TCCTN	1
CAGNA	1
ATATN	1
ATGTN	1
GGGCN	1
GANAA	1
GCCAN	1
GAACN	1
ANGGG	1
GGGAN	1
ANGGC	1
GAGAN	1
ANGCT	1
TCCCN	1
ANGCC	1
TATGN	1
ATAGN	1
GGTCN	1
GACAN	1
GTCAN	1
GCCTN	1
ANGAC	1
ANCGC	1
ANCTA	1
TAATN	1
ANCTG	1
ANGAA	1
CANAC	1
GCTAN	1
GCTCN	1
TACNA	1
AANGT	1
TACNT	1
CTGGN	1
CAATN	1
AACTN	1
ACCAN	1
CAGTN	1
GGTAN	1
GCANT	1
GCNAG	1
CTGCN	1
ACTGN	1
TACTN	1
