process_radtags -p /home/burke/Documents/dls/crowRAD/DLS001F/ -i gzfastq -o /home/burke/Documents/dls/crowRAD/stacks/DLS001F/ -b /home/burke/Documents/dls/crowRAD/barcodes_stacks/barcodesDLS001F.txt -e sbfI --inline_null -r -c -q -D /home/burke/Documents/dls/crowRAD/stacks/discarded_reads/DLS001F
process_radtags version 1.42 executed 2016-10-03 19:55:52

File	Retained Reads	Low Quality	Ambiguous Barcodes	Ambiguous RAD-Tag	Total
DLS001F_index6_GCCAAT_L007_R1_001re.fastq.gz	3776522	170528	32002	20948	4000000
DLS001F_index6_GCCAAT_L007_R1_002re.fastq.gz	3735586	183529	59234	21651	4000000
DLS001F_index6_GCCAAT_L007_R1_003re.fastq.gz	648786	43765	21441	3997	717989
DLS001F_index6_GCCAAT_L008_R1_001.fastq.gz	3145550	490937	333202	30311	4000000
DLS001F_index6_GCCAAT_L008_R1_002.fastq.gz	2971178	585246	409506	34070	4000000
DLS001F_index6_GCCAAT_L008_R1_003.fastq.gz	2928138	532446	507041	32375	4000000
DLS001F_index6_GCCAAT_L008_R1_004.fastq.gz	1838342	423007	384623	22841	2668813

Total Sequences	23386802
Ambiguous Barcodes	1747049
Low Quality	2429458
Ambiguous RAD-Tag	166193
Retained Reads	19044102

Barcode	Filename	Total	No RadTag	Low Quality	Retained
TGCAT	nbc04	1610299	11907	160865	1437527
AAGGA	jun01	2323023	22874	214788	2085361
GCATG	jun02	3124584	32875	404158	2687551
AACCA	jun03	2655289	14488	285355	2355446
CAACC	jun04	3411474	19690	398653	2993131
TCGAT	hmr01	2426849	14972	230386	2181491
CGATC	hmr02	3179949	23194	387982	2768773
GGTTG	hmr03	2908286	26193	347271	2534822

Sequences not recorded
Barcode	Total
GCGTT	100087
GAATC	74466
GGCTT	63216
TCAAG	59459
GACTA	52712
TGTGG	48999
TCAGG	47138
TGTAG	41439
TCACG	37992
GAGTA	34149
TGATG	32831
TGTCG	23486
TCATT	22986
TGAAC	22021
TGTTT	19434
CCACG	18310
TGGTT	16144
TGGTG	14366
TAAAC	13631
TGCTG	13555
TAATC	13333
TGATT	12697
GCGCT	12136
AGCTA	11820
TACAA	11245
AACAT	10531
GGGTT	10293
TCTTG	10083
TACTA	9836
AAGAT	9342
GAATA	9271
ACACG	9232
CAATG	9020
AGGTA	8374
TCATC	8291
GGCCT	8251
GAGTG	8031
GCTTT	8020
GATTA	7877
TCGTG	7826
TGTTC	7585
ACAGG	6993
GACTG	6815
AATTA	6424
TTTTG	6283
TGACC	6225
GCGAG	5996
GGATA	5965
GGATT	5950
AAGTG	5747
TACCC	5692
GATTC	5424
CAATA	5377
GAACG	5368
GGCTA	5353
GGCAG	5045
TAACA	4973
TGAAG	4929
CGCTT	4923
TGGAG	4919
AACTC	4886
TAGTA	4872
TCAAC	4871
TAGGT	4782
TGGTC	4632
TAGAA	4628
ACGCT	4628
TCATA	4570
CGTCG	4538
CCGCT	4508
GGCTC	4501
TAAAT	4488
GGTAT	4389
AACTG	4388
TGCTC	4369
CCGTT	4321
TCTTT	4296
GACTC	4284
CCAAC	4272
GGTGT	4251
TAGGC	4160
AGTGG	4149
GAACA	4139
TCTAG	4136
GGGTA	4133
AGCTC	4107
ACGTT	4098
TGGGG	4063
AAATA	4060
AGGTG	4060
AGGTC	4028
TACCT	4009
CGCCT	3999
TGAGC	3978
CATTC	3965
TGCCA	3905
GAGGG	3895
CTATA	3892
GACCC	3716
CTAGC	3704
AGTCG	3679
CGACG	3581
GCTAT	3536
GCAGT	3520
TGTTA	3471
AAGTC	3410
GAGTC	3400
TGACG	3399
GGCCG	3389
TGCCG	3331
AGCTG	3248
AGCCT	3222
TGATA	3186
GACTT	3166
AGATG	3165
GGGTC	3138
GTTGT	3124
AGTTA	3120
AGCTT	3098
GACCG	3054
TAACT	3003
AATGC	2984
GATCG	2978
TGGGA	2961
CCAGG	2870
TGTGT	2854
TCAGT	2829
CCATA	2810
CGCCC	2795
TTTGG	2793
GCGCG	2781
CGTTA	2774
TAATG	2757
GAGGC	2746
TGAGG	2742
TGTCT	2736
AGGGG	2733
AGATA	2671
GCGTA	2644
GCTAG	2619
TCACC	2619
ACATA	2566
CGACA	2552
CCAGC	2528
AATCC	2522
CGCAC	2478
GATCC	2468
AGGAT	2461
GATCA	2451
GGGGG	2436
TCACT	2432
AAATG	2425
CATCA	2369
TAACG	2361
CGAAT	2347
CGGTT	2321
TCGCC	2265
TGCTA	2236
TCTCT	2216
GCCTT	2204
GGACC	2187
TATTG	2165
CGTGG	2156
GAGTT	2132
CATCG	2064
GCCAT	2056
ACGAA	2054
CGGTG	2040
CTAAC	2030
CGACT	2015
TACTT	1986
GATGA	1981
GGACG	1968
CGCTG	1961
GTATC	1940
TATCC	1938
TGGTA	1925
AGCCG	1916
GGGAG	1914
GCAAT	1903
TCAAA	1893
GGAAG	1878
TAGTT	1861
CGAAA	1857
TCGTC	1853
CGTCC	1851
CCAAG	1851
GCTCG	1826
AGGTT	1813
TACAC	1812
TGCCC	1809
TGTAC	1806
TTTAG	1804
CGAGA	1792
GAATT	1789
GGAGC	1788
CCATT	1763
GTCAT	1762
GACAT	1744
CGAGG	1733
AATCG	1732
TAGGG	1731
AATGG	1699
GGTCT	1697
CCGAC	1678
GTCTT	1672
AATTG	1666
GCACC	1651
GCGTC	1648
ACCAT	1625
AGGGC	1614
TATCA	1614
AAGTT	1613
GGAAC	1601
TAAAA	1580
TATCG	1573
AGCCC	1545
TCCTG	1531
CGTTT	1527
CGTGC	1504
GCGAA	1502
TAATT	1469
GATGG	1469
TCCTT	1468
TCTGG	1431
ACACA	1425
TATAA	1410
TAATA	1410
AGTTC	1368
CACCT	1367
AAACG	1343
GCGAC	1331
CCGCC	1328
TCCAG	1326
ACGCA	1322
TGGGT	1314
TCGCG	1307
GCTGG	1301
TCTCG	1259
AACTT	1253
CGTAC	1247
TGACT	1223
CATTG	1223
CAATT	1221
CGGAT	1213
TTCAA	1212
GGAGG	1188
TACCG	1183
CGGCT	1178
GCTCT	1178
TATAT	1176
TCAGC	1170
GGGAT	1159
TCACA	1156
GCGCC	1152
TTTTA	1140
AAATC	1117
TTTCG	1109
TATAC	1106
ACGTA	1103
TCGCA	1102
TACTC	1101
TATTA	1097
TTTGT	1094
TGAAA	1083
CGGGG	1081
TCCCT	1061
CAAGA	1050
TCGTA	1047
ACAAG	1046
TATGA	1030
CAAAA	1030
CGGGC	1013
CACAT	1012
TATAG	1008
TAGAC	1007
TATCT	1005
TATGG	986
GCACT	979
CGGAG	968
CGGGA	966
GCTTC	966
CGGCA	965
TGGAC	962
GATCT	959
GACCT	956
CGTCT	954
CGAAG	954
TAGTG	949
TATTC	944
CCACA	943
TACTG	935
CTTTG	934
ACATC	912
GCCTA	896
CTCAT	885
CATCT	881
AGCAA	874
TGGCT	874
AAAGG	860
TCAGA	846
GCTTA	844
CACTC	834
GATGT	834
CTATG	820
TTATC	817
TTAAC	811
CGGTA	803
GGCAC	799
TCCCG	784
TGTAA	781
CGGCC	778
GCTGT	776
CAAAT	775
GGCCC	775
GCAAC	772
ACATT	767
GGCAA	760
ACCCG	756
TGTGC	748
ACGAC	746
AACAC	740
CCAAT	736
GTTGG	729
CGCTA	713
ACGTG	712
CAGGC	708
GATTT	706
CGTAG	704
TAGTC	704
ACAGA	693
GGTCC	692
TAAAG	690
GGCCA	689
CATGC	676
GCCCG	675
AATTC	669
GCGCA	668
CCGTC	668
CTAGA	665
GTGTG	663
TGGAA	658
TGGCG	658
GATAG	657
TAGCT	649
AGTTT	644
CCACT	641
GGAAT	630
TCTAC	629
CGGGT	629
CTACA	627
CCGAA	624
CATGT	623
ACTTG	620
AAGCC	615
TGGGC	614
AAAGC	612
ACGCC	612
CGGAC	611
GTTAG	610
GAGGT	607
GCCCT	605
TTCAC	604
GCACA	604
CCAAA	597
TCCAA	590
ATCAT	589
CGCCG	589
AGTGA	586
GAACT	586
TAAGC	565
CCTTG	564
ACGGG	556
TTTAT	554
TGTCC	550
GGGCG	549
TCGGA	539
TATTT	537
TTATG	528
TAAGG	519
AGTCA	518
CGGCG	514
GGGGA	508
TCCCA	507
TCTTC	504
TCTAA	503
TTGCA	497
GTTTT	489
GGTAC	484
ACGAG	484
CGCCA	484
AAGCT	482
ATGCA	482
GGTGC	478
GGTCA	478
TCGGG	476
ACGGT	476
TATGT	470
TTTTT	467
TCTTA	466
TGTCA	466
ACCTA	463
TCCAC	459
TAGCA	457
GACAA	456
GCGGG	453
GTCTG	451
TGTGA	451
TGACA	450
CAGTC	448
CAGCA	446
GAAAC	445
CGGAA	444
GTTCG	442
TGCGG	442
CGCAG	434
CGAGT	430
TACAG	425
TAGCC	423
ATTGG	422
GCCAG	421
GGGCT	420
TTCTT	418
ACCTG	417
CGCAA	412
ATTTG	411
GCAGC	410
CCAGA	409
TTTGC	407
GAGAT	407
AGCAG	404
GATGC	402
CGTAT	401
AGACG	395
CTTCG	395
CCCAT	389
TGAGT	389
TTTTC	386
CCTCT	386
NAATC	379
TCTGT	378
TTAGC	371
CCGAG	369
GAAGG	365
AGTAG	365
AGGGT	363
TAGAG	359
GCAGA	359
CCTTC	357
TAAGA	354
CATTA	352
GGTGA	351
TTCAG	350
CTTGG	348
CACCG	344
TGGCA	339
ACACC	337
TCCTA	333
CTAAA	331
CACTA	328
TCCGG	324
CCGCA	322
GAAAG	321
TCTGC	321
CCGTG	317
TATGC	317
ACTCT	317
ATTCG	316
GCAAA	311
AGCAC	311
TTAAT	307
GTTTA	307
AGTCT	305
CACAC	305
TTTGA	303
GTTTC	302
GCCTC	301
NCGTT	292
TTGTG	291
AATAA	291
ACGTC	290
AAGAC	289
GTATA	286
GTATT	285
TGAGA	282
TTACC	281
CATAC	279
TCCCC	279
CTTTA	278
GAGCG	275
GAAGC	275
CTATT	273
GGGGT	273
GCCCA	272
CTTTC	270
GACAG	270
CACTG	270
TTCCT	270
CAGAC	269
TTTCA	263
GTGCA	260
TTTAC	258
TTTAA	258
GCGGA	255
TTGGG	254
CAGCT	252
TCTCA	244
AGAGG	238
GAAGA	235
ACACT	233
NACTA	233
AAAAA	232
AGGAG	229
ACCCT	229
ACAGT	226
CAGTA	226
CGCGC	223
CAAAG	223
CCTAT	222
AATCT	221
GAGCA	220
ACAGC	220
TGGCC	217
GGGGC	216
GCTCC	215
TCTCC	213
ACGCG	212
TCCGA	210
AAGCG	206
CGTCA	205
CCTCC	204
AACAG	203
GGACT	202
CCAGT	202
GCCCC	202
AGACC	198
ACCCC	197
GAGAG	195
GGTAA	195
TTTCC	194
GTCCT	193
AATGT	193
GGCGG	192
AGATT	186
ACGGC	186
AGACA	184
CCTCG	183
GCTAC	182
ACTGG	182
AGTAT	181
GAGCC	180
GCGGT	179
CCGCG	179
ACAAA	177
GCTGC	176
ACTCG	175
GATAT	175
AAGAG	174
GACAC	173
TTCTG	170
CCCCC	169
NGATG	168
NGCTT	167
AGTGT	166
TTGAG	166
CTGCA	165
AGGCT	165
CTAGG	162
GGACA	161
ACTTA	159
ACAAT	158
TTAAG	156
ACTAT	155
TCGGC	155
CAGAT	153
TTAGG	153
GCTCA	152
CCTGC	151
CCTTT	150
ACCTT	150
TCCTC	149
CAAGG	149
ACTCA	147
AGTGC	146
AGGCG	146
CATGA	141
CTACG	140
CACTT	139
ACAAC	138
CACAA	133
CGTGT	132
AGTCC	131
AGGCA	130
TACGA	130
TTAAA	129
GAGAA	127
TNATG	125
ACCAA	124
GATAA	124
CCCTG	123
TTTCT	123
CCCAC	122
AACGC	122
TTCGA	122
AGGAA	119
ACTTT	119
CTCAC	118
CCCCT	117
TTATA	117
CGTGA	117
NGACC	116
AATAT	116
CTAAT	116
TNTTG	115
CCTAC	114
CCGTA	112
CATTT	112
GAAAT	110
CTCTG	109
NGAGC	107
TTCCC	107
CCTAG	106
ATTGC	106
CCTTA	106
GGAGA	106
AATTT	105
GGGAC	105
CATGG	104
AAACT	104
NAGTA	104
TCTGA	104
TAAGT	104
NGAAC	103
TTATT	102
CGCGG	102
GGAGT	101
GGGCC	100
TGTNG	100
AGAGC	100
TTACG	99
GAGCT	99
CGTAA	98
NCAAG	98
TCANG	97
AATAG	95
GTCTA	94
GATAC	93
TTGTT	93
AAAAC	92
GTCTC	92
GTGTA	92
NCACG	92
CTTAG	92
CACGC	90
NCAGG	88
TTCCA	88
CAGTG	87
AGGCC	87
ATGTG	87
ACCAG	87
GAAAA	86
GCTAA	86
GTGTT	85
CTTGC	85
GGGCA	85
NGGTG	84
GCCAA	84
GCCAC	84
GCGGC	84
ACCTC	83
GGCGT	83
ACTGA	83
AGCGG	83
GGAAA	83
AATAC	82
CTCCC	82
CCCTC	81
TTCTA	80
NCATT	80
AAATT	80
TAGCG	79
GTTAT	78
CCCCG	78
AGGAC	77
CTAAG	76
CAGTT	76
TTGGT	76
CAGCG	73
TTCCG	73
CTCTA	73
GTGGG	72
GTCAG	72
CCCCA	72
AAAAG	71
GCTGA	71
GGGAA	71
CATAG	70
CAAGT	70
TTGTA	69
ATGGG	69
NGTGG	68
TTGGA	68
ACTTC	68
NAACA	67
AGAGA	67
AACGG	66
CAANN	66
GAGAC	65
NCATC	63
CCTGG	63
NGTTT	62
ACTAG	62
NAATG	61
CTCTC	61
ATTGT	60
CCTCA	60
NGCTG	59
CTGTG	58
GTTAC	58
CAGGG	58
GTGAT	57
CTTCC	57
GTGTC	57
CACGA	57
CATAA	56
NGTAG	55
GCCGG	55
CTTGT	54
CTACT	54
ATGTA	54
AAAAT	53
ATTCA	53
GTCCC	53
TTGAA	53
CCCGC	53
AACNN	53
TTGGC	52
TACGT	52
CTTGA	52
CTNTC	51
AGTAA	51
CTCCA	51
ACCGG	50
TGCGC	50
CTCCT	50
ATTGA	49
TCCGT	49
GCGNT	49
CATAT	49
CAGAA	49
TTGAC	49
NGTTC	48
ATGAT	47
CCGGC	47
CCCTT	47
CCCAA	47
AGAAG	45
TCNTG	45
CTTCA	45
ACTCC	44
AGAAC	44
NTATC	44
GTCCG	44
ACCAC	44
TTCTC	43
GTGAG	43
ACTGC	43
CTCTT	42
NGATA	42
ATCTG	42
TTCGG	41
TGCGA	41
CCCTA	41
AGCGT	41
AANTA	41
CCGGT	41
NGTCG	40
GTTGC	40
GACGA	40
TGNTG	40
CTAGT	40
CCCAG	39
AGCGA	39
TCANT	38
GTAGG	38
TTAGT	38
ATTAG	38
AANCN	38
NACCC	38
GACGG	38
TGTNT	37
AGAAT	37
CTGGG	36
GCNTN	36
AAAGT	35
ATCAA	35
ATCCG	35
NAGGG	34
CGCGA	34
TTGCG	34
GTGGT	34
GCANT	34
CTCAA	34
NGATT	34
NAACG	33
TTACA	33
GGNTT	33
TTAGA	33
AACGT	33
NTTTG	33
NCGTG	32
TACGG	32
CCGGG	32
CCGGA	32
GTAGT	31
TCNTT	31
ANCCN	31
CNACN	30
ACCGA	30
TTCGT	30
AGACT	29
CCTAA	29
CANCN	29
NAACN	29
GCANN	29
GCCGA	29
ACTAA	29
CTCCG	29
NGATN	29
TCANN	28
GTTCC	28
GTTCT	28
CAGAG	28
ATCCC	28
NACCN	28
NCTTG	28
GTTCA	27
GGCNT	27
NTCAT	27
NAGGC	27
CGANN	27
CTTAA	26
CAGGT	26
TTGTC	26
NCGAN	26
TTGCT	26
TTGCC	26
ATGGC	25
TGNTT	25
NAGGN	25
CGCGT	25
TACGC	25
CTGTA	25
GTAAG	25
GTAAC	24
AGTAC	24
ATATG	24
GTGCC	24
NCGAG	23
CTGAT	23
TCCGC	23
CNATN	23
GGTNT	23
CCTGT	23
NGGTT	23
CTTAC	23
ATTTA	22
ATACG	22
TCNAN	22
CTCAG	22
AATNA	22
CTANN	22
CCCGA	22
AATNN	22
NGCTA	22
CNAGC	22
ACTAC	21
GTCCA	21
CTGGA	21
CTTTT	21
GCNTT	21
CTGAG	21
TNGTT	21
CTCGC	21
CTGAC	21
GGCGC	21
ACTGT	20
GTACG	20
GCCGT	20
NACAT	20
GTCAC	20
CACAG	20
ATCCT	20
GTTGA	20
AGAAA	20
GTGGC	20
TCGNN	20
AANGN	20
CGNTN	20
CTGGC	19
ATCTA	19
GGCGA	19
NACAA	19
NATTG	19
NCGCT	19
NACTG	19
GCNAT	19
GTCGT	19
CANTC	19
GNCAT	18
TTCNN	18
GGTNN	18
ATCAG	18
CTGTC	18
NAGGT	18
TTNAT	18
NCAAT	18
GTGGA	18
AANTN	18
GAAGT	18
NCATN	18
ATTCC	17
CTANC	17
ANCTA	17
NGCAG	17
NCGAA	17
GNGAT	17
CAATN	16
CNATG	16
ATTTC	16
CTCGA	16
ATGGT	16
TGANC	16
TCTNT	16
TCTAN	16
AATTN	16
NATGA	16
TGTNN	16
CCTGA	16
NAATA	16
TNAGG	16
GTGCG	16
GNATN	16
CCCGG	16
GTAGC	16
TTACT	15
GNGTT	15
TGCNN	15
NCAGT	15
TCTNN	15
GTCGA	15
ATCTT	15
TNAAG	15
AAGNN	15
GNATC	14
GGNTN	14
CNACG	14
ATACC	14
NGTTN	14
NGTTA	14
NGCAN	14
ATATC	14
NCATA	14
NCACC	14
ATTTT	14
TNATC	14
GTNTT	14
CTNTN	14
CCANG	13
GACGT	13
GNTTN	13
NACCG	13
GNATT	13
TCNTN	13
ANGTA	13
CTGCT	13
ATGTC	13
TAANC	13
GTCGG	13
NCTTT	13
ANTTN	13
GNGTG	12
NATCC	12
NAACT	12
NAGTG	12
TNTGG	12
NACTT	12
CTTAT	12
GNCTT	12
TNCAN	12
ATGCC	12
TTNTT	12
TGNTN	12
NGGGG	12
GAATN	12
NNATC	12
CACGT	12
NCCAT	11
GNACG	11
TTNTG	11
TAACN	11
NTCTT	11
TCGNG	11
CTTCT	11
ATAGG	11
CGNTG	11
CAANA	11
NATTC	11
TNAAN	11
GTCAA	11
CACGG	11
NCAAC	11
GTACC	11
TTCNT	11
NAAAC	11
CNATA	11
CNAAC	10
TNTTN	10
AAGNC	10
GACGC	10
AACNC	10
TCATN	10
GNTTT	10
CCANC	10
GTGCT	10
CNATT	10
GGATN	10
TTCGC	10
NATTA	10
CTGCG	10
ACCGT	10
GACNA	10
CTGTT	10
AGAGT	10
NGAGG	10
TTTNG	10
NAGTC	9
GTGAA	9
GTGAC	9
GCTNT	9
NACCT	9
NACTC	9
GTTNN	9
ATACA	9
GNCTA	9
ATATA	9
NGTAT	9
NGGTC	9
NGGTA	9
NGGAT	9
NGACG	9
NATCA	9
NGCTC	9
NGCCT	9
ANCAT	9
AAGNG	9
TCNAG	9
CTGGT	9
TCAAN	9
TNCTT	9
AATGN	9
TAGNA	9
ACANG	9
CNACA	9
ATTAT	9
ANGGT	9
ACCGC	9
TGCNG	9
NAGAT	8
CANCA	8
CTNGC	8
TGNAN	8
TGNAG	8
CTGCC	8
NCGTA	8
CGANA	8
ATTCT	8
CTCGG	8
ACNTG	8
ACGNT	8
NCACT	8
TNTAN	8
ANGGG	8
GGNTC	8
GGNTA	8
NGTGT	8
TGTTN	8
ANACA	8
NGGAG	8
GTTNG	8
AAGTN	8
TCAGN	8
AANCC	8
GTNTN	7
TNAAC	7
TTTNN	7
TNGAN	7
CCCGT	7
TNATT	7
NAAGC	7
GTNTG	7
AANGC	7
ATCGG	7
GTAAA	7
GTTNT	7
CCNTG	7
CANTN	7
ATGTT	7
CAANG	7
GGNAT	7
TNTAG	7
CGANG	7
NCTAT	7
CTGAA	7
ANGGC	7
NGCCG	7
AAANA	7
AAANN	7
CTATN	7
NNATG	7
ANGGN	6
ANATG	6
ATCTC	6
NTATG	6
AGCNT	6
TACAN	6
AAGNT	6
TNATN	6
TNCCA	6
NGGGA	6
CGNAC	6
NGCCA	6
GTTTN	6
AGCGC	6
GANTC	6
NGAAG	6
TGGNT	6
TGATN	6
TGCNC	6
TNGGA	6
CCATN	6
GGANG	6
GCNTC	6
GCCGC	6
TTNAN	6
CNACT	6
GNCTG	6
TANCC	5
ANCCT	5
ANAGG	5
GTTAA	5
TACNA	5
CGNTA	5
TAGNT	5
GCNAN	5
ATCGA	5
GTACA	5
NTTGG	5
GANTG	5
GTAAT	5
GAANG	5
GANTA	5
NTAAC	5
GGTNC	5
NAATN	5
NAATT	5
AACNT	5
GNACC	5
NGAAT	5
NCCTG	5
GNGGA	5
NATCG	5
GNTCG	5
GCANC	5
TGANG	5
TGAAN	5
GCNGN	5
ATGAG	5
TGANT	5
GTCNN	5
CTANG	5
TNACG	5
ATGCG	5
ACANT	5
GTCGC	5
CTANA	4
NGGGT	4
NTATA	4
GGANC	4
NNACC	4
NTATN	4
NNAAC	4
TGNTC	4
NGTCT	4
TGCTN	4
NTCTG	4
CNAGN	4
TNCCT	4
TNGCT	4
TTNAG	4
CNGTT	4
TNACC	4
GACNC	4
NCGCC	4
NCGCA	4
NCCTT	4
NCACN	4
GNGTA	4
TNCAC	4
NAGTT	4
GNTAG	4
AGNTG	4
TANCN	4
TANCT	4
ANATN	4
ANATA	4
AAAGN	4
AGTTN	4
AGTNG	4
AGNTN	4
ANCCC	4
CTNAC	4
GCGNN	4
AGGNA	4
CNTTC	4
TNTTT	4
TCNAA	4
TCGNC	4
NTTAG	4
TTNTN	4
ACNTA	4
TNTAT	4
GCGNG	4
ANTGN	4
ANTTG	4
TTNTC	4
ATAAG	4
AACTN	4
NTTTT	4
GAANC	4
TNGGT	4
AAACN	4
AAATN	4
NTTCG	4
GNTTA	4
ATGCT	4
GATNG	4
GTNAT	4
CCGNT	4
NAAGN	4
ATCGT	4
GANTN	4
GTAGA	4
ATGAA	4
GNAGG	3
NCTAG	3
NGTCC	3
NGTCA	3
TNGAG	3
TANTG	3
CNGAT	3
GCGAN	3
NGGCG	3
CACCN	3
NGGCA	3
ANCAA	3
NGCTN	3
GNACN	3
NGAAA	3
GNTGT	3
GNATA	3
GGCAN	3
AANTG	3
ATAGT	3
ANAGA	3
ANACG	3
GGGNT	3
ANACC	3
GGNCG	3
GNCCA	3
TGNTA	3
NTCTA	3
TACCN	3
TAATN	3
TCNCT	3
CCANN	3
GTACT	3
TNTCG	3
CTNTG	3
NAAAG	3
CGCNT	3
GGCNN	3
ANGAT	3
NTTGT	3
TCGTN	3
GAACN	3
AAGCN	3
CNTTG	3
GGCNC	3
GCNTA	3
NTACC	3
TGANN	3
GATTN	3
ANCCG	3
NNCCA	3
CANCG	3
CAANT	3
TNGGN	3
CGTNC	3
NNAAT	3
TNCCC	3
CGTNG	3
ATCAC	3
AGTNA	3
NACTN	3
GCCTN	3
CNGTC	3
GACTN	3
NAGCC	3
NATCT	3
TNACA	3
GGNAN	3
TNAAT	3
NCCTA	3
NCAAA	3
TCANC	3
TNCCG	3
CCANT	3
GCTNN	3
ATATT	3
NCAGC	3
TNCAG	3
NCACA	3
CNCAT	3
NCGTC	3
GNTGG	3
GNGAN	3
TNCAA	3
GAANN	2
GGTNA	2
NAGAG	2
ACGNG	2
TAGGN	2
TTNGT	2
TGACN	2
GNGGG	2
GTNAN	2
GAGCN	2
GCNAG	2
TAGNC	2
GTGGN	2
GGNGA	2
CNTCG	2
NNCAT	2
NNCCG	2
TAGNN	2
NNGTG	2
GTNGT	2
NNGTA	2
TNGTN	2
TCANA	2
NNGGA	2
TCGNA	2
TAANN	2
GAANA	2
GNGTN	2
NAAAA	2
CCNTN	2
NATAG	2
AACAN	2
GAGTN	2
CGGNC	2
ANGCA	2
TTANN	2
GAGNA	2
ANTCA	2
ANTAN	2
CTNCC	2
ANGTG	2
AAANC	2
NTCCA	2
ACNTN	2
GAGGN	2
GGCNG	2
NATGC	2
NTTGN	2
TNTCN	2
NATGG	2
TTANC	2
ANCTN	2
CAAAN	2
NTGTT	2
NATGT	2
TNTGA	2
CATCN	2
CAGCN	2
CGNGC	2
CANTA	2
TANTN	2
GTNTC	2
AATCN	2
GGGNG	2
ANATC	2
CTAGN	2
NAGAA	2
CATNC	2
CNAAN	2
ANAGN	2
NGCAA	2
TNCTG	2
GGNAC	2
TGNGG	2
CANCT	2
TGTNA	2
CGTTN	2
NGACA	2
CNGCT	2
AANTC	2
CNAAA	2
TGTAN	2
TCCNT	2
AANCG	2
AANGG	2
NCTGC	2
CCNAN	2
TCCNG	2
GNGAG	2
AGTNT	2
CGNCC	2
CCNTC	2
NCCAN	2
TNACN	2
CGACN	2
TTTNC	2
TANAT	2
CNAGG	2
NGTAA	2
TNGAA	2
ATGAC	2
AACNG	2
CGAAN	2
CGAGN	2
GCGTN	2
AATNG	2
NNAAG	2
GNTTC	2
TNACT	2
CTTNC	2
GCTAN	2
NGGGC	2
AATNC	2
NGGCT	2
TCNCC	1
TCNCG	1
AGGAN	1
TNTTA	1
AGANA	1
GAGNC	1
TNTTC	1
TCNGN	1
AGNAT	1
TCNGT	1
TTAAN	1
GTNAG	1
AGGNC	1
GGGNA	1
CTNTT	1
AGCNG	1
CGNCG	1
TCCTN	1
AGCGN	1
CTTNG	1
AGCAN	1
GATNN	1
GCNCC	1
AGANG	1
CGNGN	1
CGNAT	1
TTGNT	1
TGGTN	1
CANAN	1
TNCTA	1
TNCTC	1
GTCAN	1
TGNGT	1
TGNCN	1
TGNCG	1
TGNCA	1
GTGAN	1
TGNAC	1
TGNAA	1
TGTCN	1
GCAGN	1
TNCTN	1
GGANN	1
TGGNG	1
GGANT	1
TGGGN	1
CTANT	1
ACANA	1
TGGAN	1
ACANC	1
CAGGN	1
TTTTN	1
GCTTN	1
GCTNG	1
TNATA	1
TNAGT	1
TNAGN	1
CNAAT	1
CNCCA	1
CNCCC	1
CTAAN	1
GGAAN	1
TTTNT	1
TNCCN	1
CAGTN	1
AANAG	1
CNAAG	1
AANAN	1
TGTNC	1
TGTGN	1
CACNC	1
TNCGC	1
TNCGG	1
TTGNN	1
ACNAT	1
ACNCG	1
ACNCT	1
ACNGT	1
TCTTN	1
CNCTC	1
CTCNN	1
TCTNG	1
ACNTT	1
GCNGT	1
GATNT	1
GTGNT	1
CNAGA	1
GGCTN	1
GCNCG	1
GTGTN	1
TNTCA	1
CTNAG	1
ACTNG	1
CTNAT	1
AAANG	1
CTNGN	1
ACCNA	1
CACAN	1
TTTNA	1
TGCNA	1
TNGGC	1
TNGGG	1
CGTCN	1
CGNTT	1
GCAAN	1
TNGTA	1
CNTTN	1
TCNTA	1
ACCNT	1
TNTAA	1
CTCGT	1
CTCNC	1
ACGAN	1
CNCTA	1
ACGNA	1
ACNAG	1
ACNAN	1
GTGNN	1
NGCGT	1
CGCAN	1
GANCG	1
CNTAG	1
NGTAC	1
GACAN	1
NGGTN	1
GANCC	1
GNAAG	1
GNACA	1
NGGAC	1
GANCA	1
TTCAN	1
NACAN	1
GNAGT	1
NGCCC	1
GACCN	1
NGCAC	1
CGANT	1
TTGTN	1
CNGTG	1
CATNT	1
NGAGT	1
NGAGN	1
CCAAN	1
NNACT	1
NNTAG	1
NNGGC	1
NNGCG	1
NNGCC	1
NNGAT	1
NNGAG	1
NNCCT	1
NNATT	1
GANGG	1
NNATA	1
NNAGC	1
NGAGA	1
GANGC	1
NNACA	1
NACAC	1
GAANT	1
CGCNN	1
TTATN	1
CATNA	1
TTNGG	1
NACAG	1
NGTGC	1
NGTGA	1
CNGGA	1
NCCCT	1
NCCCC	1
GNGCN	1
NCCAG	1
GNGCT	1
CNGTA	1
CNGGC	1
NCANG	1
NCAGN	1
TTCNG	1
NCAGA	1
CCTNT	1
NCCGA	1
NCAAN	1
NATTT	1
NATTN	1
CCTNG	1
NAGCA	1
GNGTC	1
NATAC	1
NAGTN	1
GAGNN	1
GNTAT	1
GAGNG	1
NCTCT	1
NGACN	1
GNCCC	1
GNCCG	1
GNCTC	1
CCNTT	1
NCTTN	1
GACNG	1
NCTTA	1
NCTGT	1
NCTGG	1
NCTGA	1
GAAAN	1
NCTAN	1
NCTAC	1
GACNT	1
NCGGT	1
NCGGG	1
NCGCG	1
GNTGN	1
NCGAC	1
GNGCG	1
NAGAC	1
NCCTC	1
ANCTG	1
GTANG	1
TANAN	1
TANAG	1
TANAC	1
TANAA	1
TAGTN	1
ATCGC	1
GTTNC	1
GGNGG	1
GTANC	1
CNTCC	1
ANCTC	1
TANCG	1
TAGAN	1
ANGAN	1
ANGCN	1
TTANG	1
GGNGN	1
TACNT	1
TACNN	1
TACNC	1
CGCTN	1
GCGNC	1
GCGNA	1
ANGTC	1
CNTGC	1
CGNAN	1
AGNCA	1
AGNCG	1
AGNGC	1
AGNGG	1
AGNGN	1
AGNTA	1
AGNTC	1
GATNA	1
CGGTN	1
CCNAC	1
TATTN	1
NNTTG	1
TATNN	1
TATNG	1
TATNA	1
CCNAT	1
GGNCN	1
CCNCA	1
ANATT	1
TANTT	1
TANTC	1
TANGA	1
CCNGC	1
NTTAT	1
TAAAN	1
ATAGC	1
NAAAN	1
NTACA	1
NTACN	1
NTAGC	1
NTTTN	1
NTTTA	1
AACGN	1
CCANA	1
ATAGA	1
NAAGA	1
NAANC	1
NTTAC	1
NTGTG	1
NTGGT	1
NTGCT	1
CNAGT	1
NAAGG	1
NTCAN	1
NTCAG	1
ANGTT	1
ANTCN	1
ANTGG	1
TAANG	1
ATNAT	1
TAANA	1
ANTCG	1
GGTGN	1
NNTTT	1
NTAAA	1
ATNTN	1
CNGAG	1
CNCAN	1
ATAAA	1
GANGN	1
NNTCT	1
ATAAC	1
