process_radtags -p /home/burke/Documents/dls/crowRAD/DLS001D/ -i gzfastq -o /home/burke/Documents/dls/crowRAD/stacks/DLS001D/ -b /home/burke/Documents/dls/crowRAD/barcodes_stacks/barcodesDLS001D.txt -e sbfI --inline_null -r -c -q -D /home/burke/Documents/dls/crowRAD/stacks/discarded_reads/DLS001D
process_radtags version 1.42 executed 2016-10-03 19:42:56

File	Retained Reads	Low Quality	Ambiguous Barcodes	Ambiguous RAD-Tag	Total
DLS001D_index4_TGACCA_L007_R1_001re.fastq.gz	3762139	162888	33744	41229	4000000
DLS001D_index4_TGACCA_L007_R1_002re.fastq.gz	3711326	177177	69897	41600	4000000
DLS001D_index4_TGACCA_L007_R1_003re.fastq.gz	2360885	130535	58821	26890	2577131
DLS001D_index4_TGACCA_L008_R1_001.fastq.gz	3157933	445229	348734	48104	4000000
DLS001D_index4_TGACCA_L008_R1_002.fastq.gz	2990439	566603	390955	52003	4000000
DLS001D_index4_TGACCA_L008_R1_003.fastq.gz	2829871	557914	558396	53819	4000000
DLS001D_index4_TGACCA_L008_R1_004.fastq.gz	3047483	475621	430355	46541	4000000
DLS001D_index4_TGACCA_L008_R1_005.fastq.gz	1301766	348234	393917	29731	2073648

Total Sequences	28650779
Ambiguous Barcodes	2284819
Low Quality	2864201
Ambiguous RAD-Tag	339917
Retained Reads	23161842

Barcode	Filename	Total	No RadTag	Low Quality	Retained
TGCAT	kit01	2951326	20249	270961	2660116
AAGGA	nvi01	2910816	31811	262741	2616264
GCATG	neah03	4626905	99683	566200	3961022
AACCA	neah04	4223878	30460	439215	3754203
CAACC	yvr01	3565131	67860	397758	3099513
TCGAT	yvr04	3201186	26045	309475	2865666
CGATC	vic01	1542977	21620	222421	1298936
GGTTG	vic03	3343741	42189	395430	2906122

Sequences not recorded
Barcode	Total
GCGTT	130619
GGCTT	113286
TCAAG	89953
GACTA	82451
GAATC	76173
TCAGG	71786
TGTGG	56967
TCACG	56896
TGTAG	48373
GAGTA	42701
TGATG	39169
TCATT	36571
TGTCG	27267
CCACG	26549
TGTTT	24755
AACAT	20994
TGGTT	20158
TGCTG	17902
AGCTA	17511
TACAA	17499
TGATT	16925
TGGTG	16775
GCGCT	16774
AAGAT	16760
TACTA	15850
GGCCT	15289
TAAAC	14336
ACACG	14279
TCTTG	13986
TAATC	13488
GGGTT	13243
TGAAC	11469
GAATA	11409
TCATC	11219
GCTTT	10608
GATTA	10424
ACAGG	10352
GACTG	10316
TCGTG	10233
GAGTG	9908
AGGTA	9888
CAATG	9836
AATTA	8906
TACCC	8414
CGCTT	8409
GGCAG	7994
GGCTA	7804
GCGAG	7732
TTTTG	7713
AACTC	7699
AAGTG	7339
GGATT	7338
TGTTC	7312
CGCCT	7251
AACTG	7017
GGTAT	6910
TCATA	6759
AGGAT	6742
TACCT	6472
TGAAG	6323
ACGCT	6184
GATTC	6178
GACTC	6145
TAGTA	6107
GAACG	6069
TGCTC	6004
CCGCT	5973
GCAGT	5956
TGCCA	5912
AGCTC	5893
TCTTT	5875
TAGGT	5867
AGCCT	5832
TAGAA	5802
ACCAT	5745
CCGTT	5656
TGGAG	5644
GACTT	5569
GACCC	5554
TCAAC	5531
AAATA	5480
TCTAG	5470
GGCCG	5390
TAACA	5378
AGCTT	5328
ACGTT	5293
TGGTC	5222
GGCTC	5193
CGTCG	5186
TAAAT	5179
TAGGC	5161
GAGGG	5073
GGGTA	4936
AGGTG	4901
GCTAT	4823
CAATA	4805
TGGGG	4788
AGGTC	4782
GACCG	4747
TCAGT	4717
TGACC	4716
GAACA	4696
AGTGG	4685
GGTGT	4666
GTTGT	4593
TGCCG	4417
CCAGG	4351
AAGTC	4314
AGTCG	4293
TGACG	4255
AGATG	4254
CATTC	4142
GGATA	4133
TGTCT	4037
AATCC	4018
AGCTG	4008
TGTTA	3996
GAGTC	3977
AATGC	3963
GCCTT	3937
GCCAT	3929
GCGCG	3859
ACATA	3839
TCACT	3710
CGACG	3697
TGTGT	3660
GATCG	3628
AGTTA	3615
TGGGA	3557
GATCA	3538
AAATG	3517
GCTAG	3483
GCGTA	3463
TGCTA	3425
TACTT	3389
GAGGC	3384
TTTGG	3379
TAATG	3377
TGAGG	3369
TCACC	3351
GTCAT	3292
TAACT	3286
GACAT	3235
AGGGG	3125
GGGTC	3112
GGGGG	3073
TCTCT	3070
CCAAC	3057
GCAAT	3034
GTCTT	2967
TCGCC	2938
CCATA	2885
GAGTT	2884
TGCCC	2854
CACCT	2853
CGGTT	2791
GATCC	2719
CGCCC	2719
AGGTT	2674
GCTGT	2669
TAACG	2664
CCAAG	2663
TACAC	2633
ACGAA	2624
TATTG	2603
CGCAC	2602
AGCCG	2570
AGATA	2544
CATCA	2533
GCTCG	2513
TCAAA	2497
TCCTT	2495
GGTCT	2492
GATGA	2470
CCATT	2451
TAGTT	2411
CGTGG	2380
TCGTC	2375
TATCA	2374
AATCG	2362
AGCCC	2353
AAGTT	2335
TGATA	2323
TCCTG	2303
AACTT	2294
TATCC	2283
GGACG	2278
TAGGG	2250
CATCG	2244
GGAAG	2232
GGGAG	2232
CGCTG	2198
TGGTA	2185
CGGTG	2141
GCACC	2135
GATGT	2135
GAATT	2124
GCGTC	2120
TTTAG	2111
AATTG	2071
TTCAA	2070
CGAAT	2069
CATGT	2053
TCCAG	2048
CTATA	2044
AATGG	2035
TGAGC	2032
GCGAA	2009
AGGGC	1987
CGTTA	1972
AAACG	1968
ACACA	1959
CCGAC	1933
TCTGG	1888
TATAA	1870
GATGG	1861
CTAGC	1789
CACAT	1785
TATCG	1770
TACCG	1753
TCCCT	1751
TGGGT	1724
GCTGG	1720
TCACA	1718
CCGCC	1700
TCTCG	1690
GGGAT	1676
GCGAC	1673
TCGCG	1672
CTCAT	1665
TGTAC	1658
ACGCA	1651
AGTTC	1649
TAATT	1643
AAAGG	1639
GACCT	1633
TTTGT	1629
TAAAA	1602
ACAAG	1600
TCAGC	1585
CCAGC	1568
TATAT	1564
CGTTT	1551
GCTCT	1522
TGACT	1522
GCGCC	1522
TCGCA	1519
CGACA	1516
TACTC	1500
TAATA	1497
TATTA	1476
GCACT	1465
GCCTA	1440
CGACT	1417
AGCAA	1416
ACATC	1399
TCGTA	1393
ACGTA	1393
CATTG	1382
CGAGG	1376
CGTCC	1348
AAATC	1346
GGAGG	1344
TACTG	1340
TTTCG	1337
GGACC	1323
TATGA	1300
TCAGA	1297
TTTTA	1282
TATGG	1260
GGCAA	1245
ACATT	1241
GCTTC	1240
CAATT	1235
TATAC	1230
CGGAT	1229
CGTCT	1221
TAGAC	1207
GGCAC	1207
TGGCT	1187
GGCCC	1166
TCCCG	1159
TAGTG	1155
AACAC	1151
CGGCT	1117
TATAG	1107
ATCAT	1105
TATCT	1102
GCTTA	1099
GTATC	1085
CGGGG	1076
GGCCA	1070
CTTTG	1069
TGGAC	1061
ACAGA	1060
CCACA	1058
ACCCG	1055
GCCCT	1050
TTCAC	1042
CGGAG	1033
TATTC	1026
GCCCG	1003
CTAAC	994
TCTGT	965
ACGTG	964
ACGAC	956
TCCAA	955
AATTC	952
GTGTG	940
GATTT	926
GCACA	924
GCGCA	921
TATGT	917
GGAGC	916
CGGGA	911
CACTC	904
TGTGC	903
GCAAC	900
CGAGA	897
CGTGC	897
CGAAA	890
TTGCA	881
CAAAT	878
CATGC	870
GGAAC	869
TAGTC	868
TAGCT	863
TGTAA	860
CCACT	860
GGAAT	857
AAGCC	852
CAAAA	852
AGTTT	844
ACGCC	834
CGGCA	834
GTTGG	832
TTCTT	832
TCGGA	817
TAAAG	808
TTTAT	803
CCTTG	802
TGGAA	801
GAGGT	797
ACTTG	796
GATAG	794
ATGCA	793
TTTTT	787
CGAAG	779
CCAAT	771
TCCCA	766
GACAA	763
CAGGC	763
CGTAG	762
TCCAC	761
CCGAA	761
ACGGG	760
GGTCC	756
CATCT	740
TCTAC	740
ACCTA	734
GTTTT	727
CGGCC	724
CGGGC	722
TATTT	722
AAGCT	716
AAAGC	714
GTTAG	714
CGCCG	713
TGGCG	704
TGGGC	703
CGGTA	703
AGTGA	697
TGAAA	689
CCGTC	688
CGTAC	683
GGGCG	661
ACCTG	659
TTATG	659
TCTAA	648
TAGCA	648
ACGGT	642
TGGCA	637
GGGGA	633
ACGAG	632
CCCAT	631
TCTTA	631
GCCAG	624
CGCTA	624
AGCAG	621
TGTCA	619
TTTGC	615
CGCAG	614
GCGGG	610
TCGGG	610
GATCT	607
TCTTC	606
TACAG	599
CAAGA	598
TGCGG	597
TAAGG	587
CGCAA	584
GGTCA	583
AGTCA	578
TGAGT	576
TGTCC	571
CGTAT	569
GAGAT	564
CGGGT	563
GAACT	560
GTCTG	558
TAGCC	552
TGTGA	549
TTCCT	542
CGCCA	525
TTAAC	523
TTGTG	520
GATGC	519
CAGTC	519
AGCAC	518
CTATG	518
TTTTC	513
ACACC	513
ATTTG	513
TCCGG	512
AGTCT	511
ATTGG	511
AGACG	502
GTTCG	499
CCGAG	495
GAAGG	495
GCAGA	494
GCCTC	493
GGGCT	490
TTCAG	490
GGTGC	486
TCCCC	482
CGGAC	479
CAGCA	479
CCAAA	472
CTTCG	468
ACCCT	468
CCTCT	466
TAAGC	465
TCCTA	464
GCAGC	462
AGGGT	460
GCCCA	457
CCGTG	453
CGGAA	449
GCAAA	448
GGTAC	445
TAGAG	443
CGGCG	441
AAAAA	440
AAGAC	434
TGACA	434
GGTGA	431
CCGCA	426
TTATC	422
GAAAC	418
AGTAG	409
GACAG	407
GTGCA	403
ACGTC	401
GTCCT	401
CACAC	400
CACCG	399
ACTCT	392
TTTGA	392
GTTTA	391
TAAGA	388
GCGGA	386
TATGC	385
AATAA	385
TCCGA	376
ACCTT	373
ACAGT	371
CACTA	369
ACACT	363
TCTGC	362
CGAGT	362
GTTTC	361
NCGTT	352
ACAGC	351
CTTGG	348
GGGGT	347
AATCT	346
NACTA	345
CCAGA	343
TTGGG	343
AGGCT	343
GAGCG	340
NAATC	336
GAAAG	335
CATTA	335
TTTCA	333
ATTCG	330
TTTAA	328
TTTAC	314
NGCTT	314
AACAG	313
CCTAT	311
ACCCC	311
CTACA	309
CTAGA	307
CCTTC	306
TTAAT	303
CCAGT	296
ATGTG	296
AGAGG	295
CACTG	293
CATAC	290
GCCCC	290
GCTCC	288
AAGCG	285
GAGCA	280
GACAC	279
GTATT	278
CACTT	278
GGACT	274
TGGCC	274
ACAAA	269
GCGGT	268
GAAGA	267
ACGCG	266
AGGAG	266
TCTCA	259
TCTCC	259
CCGCG	258
GAGAG	257
AGTAT	257
AGATT	255
AAGAG	254
GCTCA	252
TTTCC	250
GAAGC	249
ACTGG	249
GGCGG	248
GCTGC	247
AATGT	247
CAGCT	247
CCCCC	238
ACAAT	238
ACTCG	237
CCTTT	237
ACGGC	235
CAGAC	232
CCCCT	231
AGTGT	228
TTAGC	228
GGGGC	227
CAAAG	227
CAGTA	224
TTTCT	223
ACTAT	222
GAGCC	221
AATAT	218
TNATG	214
GCTAC	213
ACTTA	212
CGTCA	212
GATAT	209
GGTAA	209
TTCGA	204
NGATG	203
TTGAG	202
TCGGC	201
TCCTC	199
CCTCG	198
AGACA	198
TGAGA	198
TTCTG	197
CTTTC	196
CCTCC	194
ACTCA	194
TTAAG	193
AGGCA	189
ACAAC	186
ACCAA	185
TTCCC	184
AAAAC	183
AGTCC	182
AGTGC	182
TTAGG	182
CAGAT	182
CCCTG	180
AACGC	180
CATTT	176
GTATA	175
NCACG	175
CTGCA	175
CTTTA	174
CATGG	174
TCANG	174
NAGTA	173
TTACC	170
AGGCG	169
TACGA	169
TCTGA	167
ACTTT	164
CCTGC	162
GCCAA	161
CATGA	161
CTAAA	160
AGACC	160
TTCCA	159
CTATT	159
CGCGC	155
GAAAT	154
AATTT	154
ATTGC	153
CAAGG	153
CGTGT	152
AAAAG	151
GCCAC	149
GAGAA	149
CCCAC	147
GGGCA	147
CACAA	147
ACCTC	145
CCGTA	142
GTGTA	140
GTGTT	140
NCAGG	140
TTGTT	139
TTGGA	139
GATAA	134
TNTTG	133
AGGAA	132
NCATT	131
ATGGG	131
GGGAC	131
NCAAG	129
AAACT	127
ACTGA	127
TTACG	126
GGCGT	125
TAAGT	122
GTCTA	120
GTTAT	120
CGCGG	119
GAGCT	119
ACCAG	118
AGGCC	117
GGACA	117
CTACG	116
TTAAA	116
CAGTG	116
GAAAA	116
TTCTA	115
CTTAG	115
TGTNG	115
GCTAA	113
GGGAA	112
GTCTC	112
GATAC	111
TTATT	110
TTGGT	110
GTCAG	109
CTCAC	108
TAGCG	107
CCTAC	106
GGGCC	106
CAGTT	105
TTGTA	104
CCTGG	103
CTCCT	103
CGTAA	103
GCGGC	102
TTATA	101
GGAGT	101
AGGAC	100
CTAGG	100
ACTTC	100
CCTAG	99
CAAGT	99
CCCCG	99
AATAG	98
NGTTT	98
CCCTC	97
CGTGA	96
GCCGG	95
TTCCG	95
NGCTG	95
AAATT	94
NGTGG	93
AACGG	93
GCTGA	92
CCCCA	91
CTTGT	88
CTCCC	88
AGTAA	88
AGAAG	86
AGCGG	86
GTGGG	85
AAAAT	85
ACCAC	84
CCCTT	84
AACNN	81
CAGGG	79
GTGGT	79
TCCGT	79
GGAAA	78
ACTGT	77
TTGAA	77
GTGTC	77
ATGAT	76
CAGCG	76
CTAAT	76
CCTTA	75
GTTGC	75
ACTAG	75
AATAC	75
GAGAC	75
GTCCG	75
AGAGA	74
GGAGA	74
ATTGA	73
CCCAA	73
CATAG	73
ATTGT	72
ATTCA	72
TTGGC	71
TACGT	71
NGGTG	71
CACGC	71
GTCCC	70
NCATC	69
GACGG	69
TCNTG	68
AGAGC	68
ACCGG	68
CTTGC	67
CCTGT	66
CTCTG	66
ATCAA	65
GCGNT	64
AACGT	64
CTTCC	64
NGAAC	64
AGAAT	64
ATTAG	63
NGTCG	63
CAANN	62
ACTGC	62
ACTCC	61
NACCC	61
GTGAT	61
TCANT	60
CCCAG	60
CAGGT	60
CTGTG	60
GAAGT	59
TTCTC	59
GACGA	59
TGCGA	58
NGTAG	58
NAATG	58
TGCGC	58
AGCGA	58
ATCCG	58
ATGTA	57
TGNTG	57
GTGAG	57
NAACA	57
AANCN	56
GTTAC	55
NGACC	55
CCGGC	55
AGCGT	54
GGCNT	53
GTAGG	53
CATAA	52
CTCTT	52
CTCCA	52
AAAGT	52
CAGAA	51
GCANT	51
AANTA	50
CTCTC	50
NGAGC	50
CATAT	50
NACAT	49
ACTAA	48
NTCAT	48
CACAG	48
ATTTA	47
TTNAT	46
TTCGT	46
NCGTG	46
TCANN	45
GTTCT	45
TTGCT	45
GTAGT	45
TTGAC	45
CTAGT	44
GCNTN	44
GTCCA	44
CTTCA	44
CCCGC	44
TCNTT	44
CCTCA	43
CTCTA	43
CTAAG	43
ANCCN	42
ATCCC	42
TTAGT	41
GCANN	41
TTGTC	41
GTTGA	41
NTTTG	41
NAGGG	41
ATCTA	40
AGACT	40
GCNTT	40
GTGGA	40
CACGA	40
TGTNT	40
GGNTT	40
TTGCG	40
TACGC	39
NAACG	39
GGTNT	38
TACGG	38
GCCGT	38
CANCN	37
GCCGA	37
NGATT	36
GTCAC	36
TTCGG	36
NGCAG	35
GTAAG	35
CCGGG	35
NACCG	35
ACCGA	35
ANCTA	35
NCGAN	34
CTTTT	34
CCGGA	34
NGTTC	34
TCATN	34
AGAAC	34
GTTCC	34
CNACN	33
NAACN	32
CAGAG	32
NCATN	32
ATCTG	32
NACCN	32
NAGGN	32
TTACA	32
NCAAT	32
GNATN	32
TTGCC	31
CTTGA	31
GGCGC	31
CTCAA	31
CCCTA	31
CTGGG	31
CCGGT	31
ATCCT	30
ATTTC	30
ATGGC	30
GNATT	30
NCCAT	30
CTACT	30
NAGGC	29
TCCGC	29
NAGGT	29
TCNAN	29
CTCCG	29
CTGAG	28
TCGNN	28
ACTAC	28
CTGAT	28
TGNTT	28
AGTAC	28
CCCGG	27
ATGTT	27
CCTAA	27
CTNTC	27
ATCTT	26
TNCAN	26
TGCNN	26
GTCAA	26
TTCNT	26
AATNN	26
AGAGT	26
CTGTA	25
GTCGT	25
CGCGT	25
GNATC	25
TNGTT	25
GNCAT	25
CTCAG	25
GNGAT	25
CGCGA	25
ATATG	25
AGCGC	25
GTTCA	25
AAGNN	24
CTGGA	24
GTACG	24
NGCCT	24
NACAA	24
TCTNT	24
TTNTT	24
NATCA	23
CNATG	23
NGCAN	23
GNGTT	23
NCGAG	23
NATTA	23
TNAGG	23
NGTAT	23
ATCAG	23
NCTTG	23
AANGN	22
GTNTT	22
ATTTT	22
CCTGA	22
ATTCC	22
GNCTT	22
GCNAT	22
NGCTA	22
GACGT	22
NAGAT	22
GTCGA	21
TGTTN	21
ATGAA	21
CTGAC	21
AANTN	21
NACTG	21
TACNA	21
GTGGC	21
NGGTT	21
TTCNN	21
ATCAC	20
ANGTA	20
NAATA	20
GGNAT	20
TNATT	20
CACGT	20
TTCGC	20
TCTNN	20
NCGCT	20
CTGCC	20
ATGCC	20
GTAGC	19
NTATC	19
ATGCG	19
CTGGC	19
TNCTT	19
NATCC	19
GNGTG	19
GNTTN	19
AGAAA	19
GACGC	19
GGTNN	19
NGTTA	19
ATAGG	18
TNCCA	18
GTGCC	18
AATNA	18
NACCT	18
NGATN	18
TTAGA	18
AATTN	18
CTTCT	18
CGANN	18
CTTAC	18
TTACT	18
NCACC	17
NATTC	17
NGTTN	17
TGCNG	17
TGNTN	17
GGCGA	17
CTCGA	17
CTCGC	17
GTGCG	17
NGACG	17
NGGGG	17
NGGTA	17
TCGNG	17
ATGTC	17
ATACG	16
GTNTG	16
GTCGG	16
TGTNN	16
NGCTC	16
TNAAG	16
NATTG	16
CTTAA	16
NAGTG	16
CNACG	16
CGNTN	15
GTGAC	15
CCCGA	15
TCTAN	15
NCTTT	15
NATGA	15
AAANA	15
CTGTT	15
ATATC	15
ATGGT	15
NCACT	15
TAANC	15
GTACC	14
GTTNN	14
TNATN	14
ACGNT	14
GNTTT	14
NGATA	14
GTNTN	14
CTGTC	14
TNTAN	14
GTAAT	14
TANAT	14
GTAAC	14
GTGCT	14
NGGAT	13
ANGGT	13
ANCAT	13
NAAAC	13
ATCGT	13
ATATA	13
TCNAG	13
NGAGG	13
CCANG	13
ACCGT	13
TCNTN	13
CNATN	13
GCCGC	13
CAANA	13
AACNC	13
CTANN	12
CTGAA	12
TNTGG	12
CCCGT	12
TGNAN	12
CACGG	12
ATGAG	12
TTNAN	12
NGGAG	11
GTGAA	11
ATAAG	11
ANGGC	11
GTTAA	11
ATGAC	11
ACANG	11
CNAAC	11
TNAAT	11
NAGTC	11
AAGNG	11
NCAGT	11
NCATA	11
NACTT	11
CNGAT	11
TNGAN	11
GCTNT	10
GGNTN	10
ANGGG	10
NTCTT	10
ATTCT	10
TNTAG	10
ACCGC	10
TTTNN	10
ANATG	10
CTGCG	10
AANGC	10
CCANC	10
AANCC	10
TAGNA	10
ANCCC	10
CNCAT	10
TCANA	10
CNTTG	10
NAACT	10
AAATN	10
TTNTG	10
CANCG	10
ANGAT	10
GCTNN	9
NAGCA	9
GTAAA	9
ATCTC	9
GGCAN	9
GNAGG	9
TNACC	9
TNTTN	9
NGAAG	9
ANTTG	9
NACTC	9
TACNN	9
AACTN	9
TGNAG	9
NCTAT	9
GTTNG	9
CANCA	9
ANACG	9
GNTGT	8
ANATN	8
CTGCT	8
NTATG	8
GNGTN	8
CTCGG	8
GNCTA	8
ATACC	8
NGGGA	8
NAATT	8
ATTAT	8
AGCNT	8
TCAAN	8
TGATN	8
ATGCT	8
CAANG	8
NATGG	8
TNGGA	8
GGANG	8
GGATN	8
AACNT	8
GGCNN	8
TNTCG	8
AAGNC	8
GTNAT	8
GAANC	8
CGNTG	8
ATACA	8
AAGTN	8
ANACA	8
GGNTC	8
NNTTG	7
NGGTC	7
NTTCG	7
GTTNT	7
NNACC	7
TANCA	7
TACNT	7
NCACA	7
AGTNT	7
NCCTG	7
CNACA	7
GAATN	7
TTTNG	7
ANTGN	7
AANCG	7
GNACG	7
AANTG	7
TNAAN	7
CTGGT	7
AATGN	7
GGCNG	7
CNAGC	7
TNTAT	7
CGCNT	7
ATCGA	7
GCGNN	7
GCGNG	7
NCGAC	6
GCTAN	6
CANTC	6
TACCN	6
NCGTC	6
GCTTN	6
AANGG	6
GAGTN	6
CGANG	6
GANTG	6
TCANC	6
CCNTC	6
TGANT	6
TANAN	6
TNGCT	6
TTNTN	6
GCCNT	6
GCANC	6
GAANG	6
TNCAG	6
TCCNT	6
GNGTA	6
CCANN	6
TNATC	6
NGTGT	6
TNTTT	6
CTCGT	6
CTTAT	6
NGCCA	6
TACAN	6
TTTNT	6
NCTCT	5
NAGTT	5
NGTCT	5
TNCTA	5
AAACN	5
NCGTA	5
TNCTN	5
NACTN	5
CTATN	5
TACNC	5
TNCAA	5
TNACG	5
TAATN	5
NTTTA	5
TGANC	5
NNCCA	5
NAAGG	5
NNCTG	5
GCNAN	5
GTTTN	5
GCNTC	5
NNGGA	5
CCNTG	5
NCGAA	5
NCCTT	5
AGTNG	5
CNATT	5
NGCCG	5
GANCA	5
NCCCA	5
CGNCC	5
TNCCT	5
ANCCT	5
GNTCG	5
TAANN	5
AGNTG	5
AACNG	5
NCAAN	5
NCAAC	5
GATNG	5
CTNTN	5
CAATN	5
GATTN	5
GCAAN	5
TCTNG	5
GTACA	5
ANGGN	5
GNAGT	5
TCNCT	5
GCTNG	5
TCCAN	5
ANTTN	5
GTCGC	5
GNAAG	5
ANGTN	5
ATCGG	5
TCTTN	5
AGNTA	4
TGCTN	4
CGTNG	4
TAGNN	4
TCAGN	4
GNATA	4
GGGNT	4
NGCTN	4
NGGCG	4
NATGC	4
ACNAT	4
TNAAC	4
ATAGC	4
TANCC	4
GNCAN	4
GNCCA	4
CTNGC	4
TCNCG	4
TNGAG	4
CGAGN	4
GACNC	4
GACNA	4
TGTAN	4
NGAAT	4
AGTNA	4
AAGNT	4
ANACC	4
GGGNN	4
GGNGG	4
TCGTN	4
TCNTA	4
TCNTC	4
GANCC	4
AANTC	4
TTCAN	4
GANTC	4
CNATA	4
CCGNT	4
AACAN	4
GGANN	4
TANTN	4
GNGGA	4
GCGAN	4
ATTAA	4
NTTGT	4
CTANC	4
ATTAC	4
GCGTN	4
NTCTG	4
NTCAA	4
NAAAA	4
TTTTN	4
GCNGG	4
GCNTA	4
NAGAA	4
TTNAG	4
TNACN	4
NAGCC	4
GTACT	4
TAACN	4
GNCTG	4
TNATA	4
NGGGC	3
NNATG	3
CANTT	3
GNTTC	3
GTCNN	3
TCCNN	3
NTCAN	3
GNTGG	3
TNGAA	3
AAAAN	3
CTNTG	3
NTAGC	3
NTACC	3
TGNTC	3
TGNTA	3
TGNGT	3
TGNCG	3
CCNCG	3
NGCAC	3
ANATA	3
TAANT	3
CNGCT	3
TGTNC	3
CCNTN	3
GNCTN	3
TGTNA	3
TNCCC	3
ANCCG	3
TAAAN	3
ANGTG	3
NTTGC	3
NGCAA	3
CGNAC	3
ANCAA	3
CGAAN	3
NTTTN	3
NNAAT	3
GNTAG	3
ACNTG	3
TNAGT	3
ANGTT	3
CNAAT	3
GGGNG	3
NCAGC	3
ACANN	3
NCACN	3
AAAGN	3
AATAN	3
CGNTT	3
ACNTA	3
ATAGA	3
CGNTA	3
CGTNT	3
AAANN	3
ATACT	3
NATCT	3
AGGNT	3
GTNGG	3
ATTNG	3
GGCTN	3
GCANA	3
TANGA	3
GTNTC	3
TANTA	3
ACNAA	3
TNGTC	3
ACATN	3
ANTGA	3
NCTAG	3
AGCAN	3
CAGCN	3
GCNCG	3
TATNT	3
TGGNT	3
GGNTA	3
GAGNA	3
TGGNG	3
TCNGG	3
TAGGN	3
TNGCA	3
TATNN	3
ATAAA	3
AGNTN	3
AGGTN	2
TNCAC	2
NTAAT	2
CCNTA	2
ACAGN	2
TANTT	2
AGNGA	2
AGCTN	2
TCTGN	2
AGCNN	2
ACCAN	2
AGCNG	2
TGAAN	2
NTGAT	2
TGANN	2
CGCTN	2
CCNAT	2
AGGNA	2
ACANA	2
ACANC	2
NTTGG	2
NAGAC	2
NTGCA	2
AGCNA	2
NTCAC	2
TCNGT	2
TANAA	2
ANAGN	2
TCGNC	2
AGNTC	2
TGTGN	2
ACNTN	2
ANAGA	2
ANACN	2
TCGNA	2
TCNGN	2
TCNCC	2
TNGAC	2
TCNAA	2
AGTTN	2
TGGTN	2
TCNAC	2
TGNAC	2
ANATC	2
TNGTA	2
TNAGN	2
CGANT	2
AATNG	2
TANGN	2
TNACA	2
TANCN	2
TANCG	2
TANGT	2
TCGGN	2
TNGGG	2
TNTGT	2
AGCCN	2
TNAAA	2
AAGCN	2
TNCCG	2
GTGNT	2
NCCTA	2
CACNT	2
GANTT	2
GANTN	2
GANTA	2
GANGA	2
GTNTA	2
GTNAN	2
NCGGG	2
NCGTN	2
CNCAC	2
GAGGN	2
NCTCA	2
NCCCT	2
CCCNT	2
GGANA	2
NGAAA	2
NGACA	2
NGACN	2
GGANC	2
CNCCC	2
CNCCT	2
ATATT	2
GGCNC	2
ANCGA	2
ATAGT	2
GACNT	2
CGNGC	2
ATNGC	2
NACAC	2
GCGNC	2
TTGNN	2
NAANC	2
NAAGC	2
NAAGA	2
CNACT	2
TTNCT	2
NAAAT	2
GCAGN	2
NATTT	2
GCNAG	2
GNCAA	2
CGANA	2
ANCTG	2
ANCTN	2
GCNCA	2
GCNCN	2
NCAGN	2
ANCTT	2
NCCAG	2
GCNGN	2
NCCCG	2
GATNC	2
ANGAA	2
GNGTC	2
GGNAN	2
NNGTT	2
GNTGN	2
GGNCG	2
NNACT	2
GGNCN	2
GGNGN	2
CNGGA	2
ANTTA	2
GACCN	2
NNCAT	2
NNAAG	2
GGTNC	2
CTTNC	2
GNGGG	2
GNCCG	2
GGTNA	2
CCANA	2
ANTGC	2
GNGCT	2
NNGAT	2
GNCCT	2
ANTCA	2
GGNAG	2
CTANA	2
NGGTN	2
NGGGT	2
CANGC	2
NGTAC	2
CANTA	2
NGGCT	2
CANTG	2
CANTN	2
GAANA	2
CCATN	2
GNACC	2
CCANT	2
GGGTN	2
NGTGN	2
GGGAN	2
TTCNA	2
TTCTN	1
AAANG	1
GCGGN	1
TTCNG	1
CCNCT	1
GNACN	1
GCNAA	1
GCNAC	1
TGACN	1
TNTGN	1
TTGGN	1
GGACN	1
ACNCA	1
ATAAT	1
ACNAG	1
ATAAC	1
ACGNG	1
GGANT	1
CGTTN	1
GGGNC	1
ACGAN	1
ATCGC	1
ANTCC	1
CNAAG	1
CNAAN	1
ATGNN	1
TCNCA	1
TNTGA	1
GGTAN	1
GCNCT	1
ANTCG	1
TNTAA	1
GAAGN	1
TNCGG	1
CATNG	1
TNCGT	1
GAAAN	1
CNGCC	1
CNGAN	1
GAACN	1
CATCN	1
CATAN	1
CCACN	1
CANCT	1
AANAA	1
AANAG	1
GACNG	1
TTTGN	1
GACTN	1
CNCTT	1
TGNCT	1
CNCTA	1
CTGNN	1
CTAAN	1
CTANG	1
CNTTA	1
CTCAN	1
CNTGN	1
CNTGG	1
CTCNN	1
CTCNT	1
CNTCT	1
CAGTN	1
CTNAN	1
CTNCC	1
CTNCN	1
CTNGN	1
CNTCC	1
CTTCN	1
CCAGN	1
CNTAG	1
CNGTT	1
TNGGT	1
CAANT	1
TNGGC	1
CCTNG	1
CNAGN	1
TNGGN	1
TGCCN	1
TTNTC	1
TTNGG	1
TTNGC	1
GNGGC	1
TNGTG	1
CAAAN	1
GCCNG	1
TNGTN	1
GCCNN	1
GCCTN	1
TTGNT	1
TGANG	1
ATNTT	1
GAGNT	1
CAGNC	1
TGNAA	1
AANAT	1
GAGCN	1
CNCAN	1
CCTNN	1
GAGNG	1
GAGNN	1
TGGGN	1
TGANA	1
GANAG	1
GANCN	1
CACCN	1
TNGCG	1
GATNA	1
GATNN	1
AATCN	1
GATNT	1
NGAGT	1
NCGNG	1
ANCGN	1
NCTAN	1
TACGN	1
NCTCN	1
NCTTC	1
CGGNT	1
ANAAN	1
NGACT	1
NGAGA	1
NCGGA	1
NGANC	1
ANAGC	1
ANAGG	1
NGCGG	1
CGNAT	1
NGGAA	1
NGGAC	1
TAANG	1
NGGCA	1
NCCCN	1
TAGTN	1
CGNCN	1
NCAGA	1
GNCAC	1
TAGNT	1
TAGNG	1
TAGNC	1
NCCAN	1
AGNTT	1
TAANA	1
CGGGN	1
CCGAN	1
CGGNG	1
TAGAN	1
AGTNC	1
NCGCA	1
AGTNN	1
TACTN	1
NCGCG	1
NNGGT	1
NTGCN	1
NNCCC	1
NNCCT	1
NNGAG	1
NTCTA	1
NTCCT	1
NNGCC	1
NNGCG	1
NTCAG	1
NNGGG	1
NTGGN	1
NTATT	1
NTATN	1
NNTAT	1
NTATA	1
NNTCC	1
NTACT	1
NNTCT	1
NNTTA	1
NTAAC	1
NNACA	1
NGTAA	1
NGTAN	1
ANCAN	1
NGTCC	1
NGTGA	1
NGTGC	1
CGNAN	1
NNAAC	1
NTTTT	1
CGNCG	1
NTTTC	1
NNATA	1
NNATT	1
NNCAA	1
NTTGA	1
NTTCA	1
NTTAG	1
NTGTG	1
NTGTA	1
CGTAN	1
GTANG	1
ANGTC	1
GTATN	1
GTCAN	1
AGANC	1
AGANN	1
GTCNC	1
GTCNG	1
GTCNT	1
GTAGA	1
GTGAN	1
CCGNG	1
GTGNN	1
ANGCG	1
GTGTN	1
GTNAG	1
TCACN	1
CCGNC	1
ANGCA	1
ACTNT	1
GNCAG	1
CCNCN	1
ACTAN	1
TNTTA	1
TNTTC	1
GNCCN	1
CGCAN	1
GNCTC	1
GNGAC	1
TANAC	1
TCCTN	1
NTAAA	1
GNGGN	1
GNTAN	1
TCCNC	1
CCNAC	1
GNTCC	1
GNTTA	1
CCGNN	1
NATAA	1
NACGT	1
ANCGT	1
AGNGG	1
NACGA	1
AGNAT	1
AACGN	1
NAGNA	1
TATAN	1
TANGC	1
AGNAG	1
CGNGN	1
AGNAC	1
NACAG	1
AGGNG	1
NAATN	1
NATGT	1
AGNGN	1
AGCNC	1
GTTNA	1
GTTNC	1
TATTN	1
NATAG	1
ANCTC	1
NATCG	1
NATAT	1
TATNG	1
TATNA	1
TATGN	1
