process_radtags -p /home/burke/Documents/dls/crowRAD/DLS002B/ -i gzfastq -o /home/burke/Documents/dls/crowRAD/stacks/DLS002B/ -b /home/burke/Documents/dls/crowRAD/barcodes_stacks/barcodesDLS002B.txt -e sbfI --inline_null -r -c -q -D /home/burke/Documents/dls/crowRAD/stacks/discarded_reads/DLS002B
process_radtags version 1.42 executed 2016-10-03 20:04:04

File	Retained Reads	Low Quality	Ambiguous Barcodes	Ambiguous RAD-Tag	Total
DLS002B_S26_L002_R1_001re.fastq.gz	7366591	20456	340492	79118	7806657
DLS002B_S9_L002_R1_001.fastq.gz	6638721	252	604134	80550	7323657

Total Sequences	15130314
Ambiguous Barcodes	944626
Low Quality	20708
Ambiguous RAD-Tag	159668
Retained Reads	14005312

Barcode	Filename	Total	No RadTag	Low Quality	Retained
TGCAT	nynj03	1269263	16915	1919	1250429
AAGGA	nynj04	1001434	16647	1455	983332
GCATG	nf01	1854685	28624	2621	1823440
AACCA	ewa01	1491534	23258	2193	1466083
CAACC	ewa02	2235559	24909	3320	2207330
TCGAT	ewa03	1654529	13004	2379	1639146
CGATC	ewa04	1914107	14377	2742	1896988
GGTTG	ewa05	2764577	21934	4079	2738564

Sequences not recorded
Barcode	Total
GCGCG	46945
GGCCG	42559
AGATA	32035
ACGCA	31480
CAGGC	26142
TCTCT	19711
TAAAT	15750
CCGCC	12250
CGCCC	11573
TGCCG	8595
TCGCG	7222
GCTCG	6953
TGATT	6886
TCATT	6822
GCGAG	6501
TAGGT	6466
TGTTT	6153
TACCT	6007
CAGTC	5610
CCCCC	5549
GGCAG	5250
AACAT	4940
GCGCT	4596
ACTCA	4464
CATGC	4339
AGTTA	4199
ACGAA	3989
TGCCA	3855
ACGCT	3684
GTTGT	3677
GGCCT	3674
AGCAA	3672
ACATA	3271
GGTGT	3260
AAATA	3204
AGCCT	3150
TCGCA	3131
CAAAT	3020
AAGAT	2884
AGCCG	2783
NACCC	2766
TAACT	2743
CATTC	2728
AATTA	2695
ACGCG	2488
AGAGA	2437
TATAT	2361
NGCCT	2361
AAAAA	2150
CACCT	2100
CAGAC	2040
CACAC	1853
CCGAC	1808
AGCGA	1788
CCGCT	1785
TGCCC	1766
TTTAT	1747
CGGCA	1743
ACCAT	1733
NCGCT	1732
CGCCG	1697
GCAGT	1697
TCGCC	1682
TGGTT	1662
TCTCG	1657
CAGCA	1644
GGTAT	1603
ATTCA	1579
CGCCA	1576
CATGA	1558
TAAAC	1558
GCGCA	1551
CGCCT	1498
GACCG	1494
AATGC	1487
AGGTA	1479
TTTTT	1474
GGGAG	1468
TTCTG	1461
CAGTA	1450
TGGCT	1433
CATCA	1415
TTAAT	1405
CCTCC	1394
GAACG	1369
CGGCG	1367
TGCTG	1361
AGGCA	1353
GGCCA	1349
CCGTC	1349
CGCAC	1344
AGAAA	1328
CAGAA	1308
GCAAT	1296
AGGAT	1296
CCTTC	1288
AAATG	1285
AATAA	1284
TTTCT	1280
CCGCG	1275
CCGGC	1273
CGGCC	1263
TTTTG	1232
AAAAT	1231
CGTCA	1222
AAGCT	1216
GAGGG	1203
ATTTT	1170
TGACG	1158
TATTG	1158
CCAAC	1156
TCTCA	1152
CTTTA	1147
TTATG	1140
NGGTG	1130
CTTGC	1129
GCTGG	1128
GTTGA	1123
CAATA	1121
CGGCT	1118
ACGCC	1118
AAACG	1118
TGATG	1113
CAGGT	1111
GTTTT	1111
AGACA	1110
NAGGC	1108
TTGCT	1104
CTTCT	1103
TCCCT	1098
TGGCG	1096
AAGTC	1092
CATAC	1086
CAAAA	1084
CGACT	1081
GCTTT	1081
AGATT	1080
AGAAG	1080
AAGTG	1079
ACACA	1078
ATGCA	1071
CTGCT	1070
CAATG	1067
AAAGC	1063
GCCCG	1061
TCACT	1040
GCTCT	1040
CCGCA	1033
CATTA	1028
GATGT	1017
CATCT	1016
TATGT	1013
AGTCA	1006
TAAAG	1002
CATTT	999
ATTTA	999
CGGAT	996
CGGTG	992
AGCAG	991
CTTCC	988
GCGCC	988
GCTTC	980
CTTTC	976
CGTTT	972
ATTTG	968
TACAA	965
TTATC	964
CCAGC	964
AAACT	959
CATAA	954
GGGCG	954
TTTCC	951
CGGTT	945
AACTG	943
GGGTT	937
CACAT	937
AATCT	933
GCTGA	927
GAACA	925
AAGCG	923
TTCTT	920
TTTTC	919
CAGAT	919
TAGCT	918
GGTCA	918
GAGCG	913
GCTGC	913
CATGT	912
TCTTT	911
TTTGA	911
GTTAT	911
AAAAC	909
ATGGT	904
TTGGT	904
ATTGC	902
CAAGA	898
TCAAC	890
TATTT	886
TTGCA	885
GTCAA	883
AGCTT	881
GTACG	879
AGATG	876
TGATA	875
GATTA	874
ATAAA	872
TAATG	871
GTTCA	871
CTGGT	870
TTTGG	868
ATTAA	867
CTGAT	866
GTTCT	861
TATCA	859
AATGT	858
TTTAG	856
GTTCG	856
CTTTT	855
CGGGC	852
TTATT	851
GAAGG	849
CTGCC	846
CGTCC	843
CTTTG	842
TGACC	841
AATTT	841
CATTG	840
TACTG	838
TTTTA	838
GACGC	833
TGGCA	829
AAATC	823
TTCCT	823
GAAAA	821
AGTCG	820
GTTTC	819
ACCAA	818
CATGG	818
TCCTT	817
CCATA	817
TATGG	816
GTTGG	813
CTCTT	813
ATGCT	812
CGGGA	811
GCCAT	808
TTACT	807
GGACG	805
TAAAA	804
TTACC	803
TGGTG	802
TTGAC	801
GGGGG	801
GATTT	799
CAGCG	799
ACTGA	799
ACCAG	798
TCAAA	797
CTTCG	797
CGCTG	794
ATCAG	792
AGAGC	792
CGGAG	791
TAACA	789
TGGTC	789
AAATT	787
TTTGT	787
GGCGT	786
AATCC	785
GATGA	778
TGACT	778
TCTTG	777
GCTTA	776
AAAGG	776
GCTCA	774
CGCTT	772
AGCTA	772
CTGCA	771
GCTGT	771
AATAT	769
AGCCC	766
AAGCC	765
ATACC	763
GTCAG	762
TACCC	757
AAGAG	756
CTTGG	752
AGTAA	752
CTCAT	752
TTGTT	750
CGACG	745
CGTCT	744
AACGC	744
TCTGC	743
ACCCT	741
GATAA	740
GTTTA	739
CTGTT	737
CCTGC	737
TTCCA	734
ATACG	733
TGTTC	730
TTAAA	728
TGGTA	727
TCATC	726
ACAGA	724
CTTGA	724
ATTTC	723
CGGTA	722
TTTGC	722
CGGAC	721
TCAAG	720
ATGAA	718
ATTGG	717
ATGAG	717
ATCTG	716
TGTCT	714
ATAAT	712
ATTAT	712
CTGGC	710
GACGA	707
CTTAT	706
CTGAC	705
GGCCC	705
GCTAT	704
CCTGA	703
AGGCT	703
AAAAG	700
AGACG	698
CGGGG	697
TGAGT	697
TTTAA	696
CCTTT	695
GGAAA	694
ATACA	694
GCAGA	693
TATGC	692
TATGA	691
NAACA	691
GATGC	689
CTTCA	688
GGATT	688
GATGG	685
GGCGG	685
CTATT	679
TGTAG	677
ATGCG	677
GTCCG	676
TTTAC	675
CAGCT	674
AGCGT	674
ACTTC	671
GAAAC	670
GCGTT	669
NGATA	668
GCCAG	668
ATTGA	668
CACGC	666
GATTC	666
AATCG	665
CGAAG	664
AATGG	663
GAAGC	663
AGGTG	660
GCCGC	660
AAGTT	660
GAAGT	660
ATATT	659
ATAAC	659
CTGCG	658
TTAAC	658
CTCCA	656
GATCT	656
ACATT	655
GTCCA	655
CGAAT	655
TAATC	654
ATATC	654
AGGAA	653
CAAAG	653
GCTCC	652
TGAAC	652
ATCAA	652
GACTG	649
GTTGC	649
TTGCG	640
GAGGC	639
TTAAG	636
CATAT	634
TCTGT	633
GAGCA	632
TTGAG	631
CTACA	631
CCTTG	631
TTTCG	628
TAAGC	628
ACCTG	625
TCACC	625
GAAAT	625
CTACT	624
AACAG	623
GAATC	620
GATAT	620
CCACA	618
CGTCG	618
ACTCT	617
GTGAT	616
TTCTC	615
TGAGG	614
ATGTT	613
GCTAC	613
ATAAG	611
ATCTC	610
GACGG	608
ATGGC	607
TAACG	605
ACAAA	604
GTGCT	603
CTAAA	603
AGTGA	603
GAAGA	601
TATTA	600
ACGTT	597
CGCAG	596
GCCTC	596
TCAGT	595
ACTAT	595
AGGCG	592
GCACC	591
AGCTG	589
TCTGA	585
AATAG	585
AACGT	584
TCACG	583
TATCT	583
GGATA	582
TAATA	581
TTCAG	580
CCACT	579
GCGGC	578
AGTTT	578
CCAGA	576
GACCC	575
CAAGG	574
TGTTA	572
CGCAA	572
TCTAA	571
CTGAA	571
AGACC	571
ACCTT	571
GAGAT	571
CCAAA	570
CCACG	570
AACTT	570
CCAAT	569
GACTT	568
CCAAG	567
ATGCC	567
GTGCC	565
CCTCA	564
CTTAA	563
CGAGA	560
TCCTG	560
AGTAG	559
GTTCC	558
GTATT	558
CGTGA	558
GCAGC	554
GAGTG	553
ACTTA	551
CTCCT	551
GTCAT	550
ATTCT	550
ATGAT	550
TATCC	549
ACACC	548
TAATT	548
TGCTA	547
ACTCG	546
TATCG	545
TCAGC	544
TACCG	542
GGCTT	541
AGGGT	541
GGCAA	541
TAAGG	540
GAGAA	539
AGCGG	538
TGCTC	537
GTACC	536
ATTAG	536
GTGGC	536
ACTAA	534
CTAAT	534
TTGGA	534
CGTAT	532
CTCAA	530
CATCG	530
AGTGG	529
GTATC	525
GGAGG	525
GTTAA	525
ATCCT	524
GCAAC	524
TGAGA	522
CGGAA	522
GGCGA	520
CTCCC	519
AACGG	518
CGGGT	518
CGTAC	517
GGTAA	517
GCCGA	516
CAGTT	516
TCTTC	515
GCCGT	512
CACTG	509
TCAGG	508
ACTGC	507
ACTGG	507
TCCAA	507
TAGCA	506
GTCTA	506
AAAGT	506
TGAGC	504
ACGAG	503
TGAAG	502
ACCGC	502
GGACA	502
GCGTC	501
AGTAT	500
TTCAA	499
TTTCA	497
TTGCC	496
GCCTT	495
TTCGT	492
CACCG	490
GAAAG	490
CTAAC	489
TTGAA	488
CGTTA	487
ATCCG	483
TCTCC	481
CTGAG	480
GGCGC	479
ACTTT	479
GGGTA	478
TATAA	478
AGAAT	477
AATAC	477
GACTC	476
TTAGC	475
GGTGA	475
GGAAG	475
GTAGC	474
CCATT	474
TCTTA	474
TCAGA	474
GCGAA	473
ATACT	473
GTAAA	472
ATCAT	471
NAAAC	471
ATTGT	470
AGGTT	470
AGTCC	469
GTCGG	469
GGTCT	469
GAATA	468
GTCGT	466
TAGAC	462
TGACA	461
GTGCA	460
GTGTG	460
TGTCA	459
ATTCG	459
GTCGC	458
TGGAA	457
ACGGT	457
TAGAA	456
TGTGC	455
AGAAC	452
CCCTG	451
TCTGG	450
ATCTT	450
CCTCG	449
GAGCT	448
TCGTG	448
TTCCG	444
TTGGC	443
TTAGA	442
ACCCG	442
CACTT	441
ATAGA	440
ATATG	439
ACTCC	437
CTATG	436
GTCCT	436
AGGTC	435
GCCAA	434
CAGGG	434
ACTTG	434
TAGTT	433
CTCCG	432
GTCTG	431
GAACT	429
GGGAT	429
CGTGC	429
CTCAG	427
GCACA	427
AATTG	426
AACAC	426
ATCAC	425
CTCTC	424
CGAAA	424
CCGTT	424
ACGTA	423
TGGAG	420
GGTGC	419
ACGGC	418
CTGTC	418
AGCGC	417
GCTAA	416
CCCCA	416
ACGAC	415
GCCAC	415
CCTCT	415
CATAG	415
TATTC	415
AAGAC	414
CACTC	414
ATCCC	414
TTATA	413
CGCGT	411
GAATT	410
TAGCG	410
GCAAA	410
GACCT	407
TTCGG	405
GAGTA	405
GTCTT	404
TGGCC	403
CTTAC	402
CCCTC	400
TGTCG	400
TCACA	398
ACATC	398
GTTAC	398
AGCTC	396
AGGCC	396
TACTC	396
CAAGT	393
CTCAC	393
TACTT	391
GACAT	390
TAGCC	389
ATAGT	389
GTCCC	389
TCGGC	386
CACGT	385
TGGAC	383
GGCTC	382
TAAGT	381
ACAGG	381
GCGAC	379
GACGT	379
GGACT	378
CACGA	377
GCGTA	377
GTAAC	374
TAAGA	374
AGGAG	374
ATAGC	374
CTCTA	373
CACAA	373
CCTGT	372
TGAAA	372
GTGGA	372
CCCCT	371
GAGCC	371
ACACT	370
GATCA	369
CGACA	369
CAGTG	367
TACGC	365
ATGTC	365
AGCAC	364
ACAAT	361
GTGAC	361
AGAGG	360
GCCCC	359
TTACG	358
TTCGA	358
TCATA	358
GATCG	357
TCCCA	357
GAGTC	356
CCTAC	353
ATATA	353
GCCCT	352
TAGAG	351
CCAGT	350
CCCAT	350
AGACT	350
ACCCC	350
GATAC	350
TCGTC	349
CTCGC	349
TTAGT	348
ACTGT	347
CAATT	346
TTGTG	346
ATGTG	346
ATCGA	344
CTGTA	343
GTCAC	343
GCGGG	342
CCGAA	339
TGGGT	338
AATTC	337
CCGAG	337
TACGT	337
GTAGA	336
TCTAC	335
AGTCT	334
GTAAT	333
ACGTG	332
CGCTA	330
CGTGG	330
TACAG	330
TCGGA	330
TGCGA	329
ACAGT	329
CTGGA	328
ACCTA	327
TTAGG	325
ATGAC	325
CGCGG	325
GTGCG	323
AGTTC	322
TAGGC	320
ATGTA	319
ATGGG	318
GACAG	317
TCCCC	316
GGGGA	315
TTCCC	315
GCGGT	314
GCCCA	314
GAGGT	313
TAGGG	313
GTGGT	313
TGCGC	312
CACTA	312
GGCTA	311
GTAGG	308
GGTCC	307
ACCGA	303
CGCGA	301
GGAGT	301
ATTAC	300
TCCAG	299
ATCGC	297
GACTA	297
ACACG	296
ACAGC	296
CTCTG	296
TCCAC	294
ATCGG	294
TTGGG	293
GGCAC	293
CCTTA	292
GCGGA	291
GCACT	290
GGACC	290
CCTAA	289
AGTGT	289
GTGTT	288
TTGTC	288
CCCAC	287
TTCGC	287
GGGTC	287
CGAGG	286
TGTCC	285
GTACA	285
GGAAC	284
CCTAT	283
TATAG	283
GGAGA	282
CTCGT	280
CGCGC	278
GTGAG	275
TGTGT	275
ATCTA	273
TGCGG	272
CTCGG	270
GCTAG	267
ATTCC	265
TGGGA	263
TTCAC	262
TGTGG	261
TCCTA	260
GACAA	258
GGGCA	257
TCCGT	255
GTTAG	255
GGTAC	255
CTTAG	255
GAGTT	254
TCCGA	253
CTTGT	253
CGTAA	252
TTACA	252
NCTCT	251
CTACG	250
ACCAC	250
AACTC	249
GTATA	249
TTCTA	249
NGCCA	247
TCCTC	244
ACCGT	244
TCCCG	243
ACCTC	243
AGAGT	243
TCTAG	242
ATCGT	242
GTCTC	241
TAGTG	241
GATCC	237
GGAGC	237
CCCAA	235
AGTGC	234
CTGTG	231
TACGA	230
TACAC	229
GAGAG	229
NCTAT	228
GTAAG	227
GCCTA	225
TAGTC	225
CTAAG	224
TGTGA	224
GTACT	220
CGAGT	219
NGCCG	217
GCCGG	215
GTCGA	209
ACAAG	203
GTGTC	203
NGATG	202
ACGTC	202
AGGGG	200
ATAGG	200
TAGTA	200
CCCTA	200
CTGGG	199
NACAA	199
TACTA	199
TACGG	198
CCCCG	194
CTCGA	194
NCGCA	192
CCCTT	191
ACAAC	191
GTGAA	191
AGGAC	188
CCGGA	187
CACAG	186
CCCGA	186
GTGTA	184
TATAC	183
CAGAG	183
TCCGC	182
TCGTA	181
CTATA	180
CCTGG	179
AGGGC	179
CGTGT	176
CTAGG	175
ACGGG	174
GAGAC	173
NCATT	170
GGGAA	169
CCGTA	168
GACAC	166
CCCAG	164
TCGGG	160
TTGTA	160
CCTAG	159
NCGCG	158
GGGGC	158
CACGG	157
CCGTG	157
NACAT	155
TGGGG	155
GGGCC	155
CCGGT	154
CGTAG	151
NACCT	147
NGTTA	145
NAGGT	144
GATAG	143
GTAGT	143
TGTAC	140
TCCGG	140
TGTAA	138
NGATT	131
ACCGG	129
GGAAT	128
NAGAT	125
NGTTT	123
CCCGG	120
ACTAC	120
GGGCT	118
NATCC	118
GGGAC	117
NATGC	115
CCAGG	110
AGTAC	110
NCTTG	109
CTAGA	103
NGTTC	103
GTGGG	99
TGGGC	94
CCCGT	93
NAACT	93
NGCTG	91
NATGA	89
GGGGT	87
CCCGC	85
CTAGC	82
CCGGG	80
NCATA	80
NCGAA	71
NGCCC	70
CTAGT	69
NAAAT	69
NGGAT	69
NCACC	68
TCGCN	65
NGTAT	64
NAATG	61
ACTAG	61
NAGAA	57
NCGGA	56
NGGGA	54
NCTCG	53
NGCAA	51
NAGCA	50
NATTC	50
NATTA	50
NCGGT	48
NATCA	46
NCGCC	46
NCGAG	46
NCTCA	44
NTTCC	41
NGAAT	40
NACAC	39
NGAAC	39
NAACG	38
NCAAT	37
NGGTA	36
TGCCN	36
NTACC	36
NTTTT	35
NGGTC	35
NAGAC	35
NGCAG	35
NTTGT	34
NACCG	34
NATTG	33
CNCCC	33
TNGCT	33
NGGGG	33
NTTTC	33
NTTTG	32
NCGTG	32
NGAGC	31
CACCN	31
NGCGT	31
NATCT	31
NAGCC	31
NGTCA	31
NGTGT	30
NGTCG	30
TNCCT	30
NGTGG	29
NTATG	29
NCACG	29
NAGTA	29
NCTTT	29
GNGCG	29
NGACG	29
NTTCT	29
NAAGC	28
NCCTG	28
NAATC	28
GNCCG	27
NCTTC	26
NCCCC	26
NGCTT	25
NAAGG	25
NGACA	25
NGGCG	25
NATAT	24
NTATC	24
AAACN	24
NAATA	24
NTGCT	23
NTCTG	23
NCTTA	23
NCTCC	23
CAGGN	22
NCCAT	22
NAGCG	21
NGCTC	21
NTGGA	21
NGTAG	21
NAAGA	21
NATAC	21
NTTGG	20
NATGG	20
NTCAT	20
NCAAG	20
NATAA	20
NGGTT	20
NTACA	20
NGACC	20
NTTCG	20
NCGTT	19
NGGCA	19
NTTGA	19
NCATC	19
NGGCT	19
NCTGC	19
NATGT	19
NGTCC	19
NACTT	19
NTTCA	19
NTTAT	19
NCGAC	19
ANATA	18
NTATT	18
NTCAG	18
NTCCA	18
NGACT	18
NCCCT	18
NAAAA	18
NCTGA	18
NTGAT	18
NTCTC	18
NCTGG	18
NTCCC	17
NAGGG	17
NTGTT	17
NCCTC	17
NAGTC	17
NGGGT	17
NGGGC	17
NTGAC	17
NCCCA	17
NTCGT	17
NCAAC	17
NTTGC	17
NGCTA	16
NATTT	16
NTGCG	16
NACGG	16
NCAGT	16
NTGGC	16
NAGCT	16
NGAAA	15
NCACA	15
ANACA	15
NTACG	15
NATCG	15
NTCCG	15
ANGCA	15
NCAGA	14
NTAAT	14
NTACT	14
NTATA	14
NAGTG	14
NGTCT	14
NTCCT	13
NGAGT	13
NAAAG	13
NACGA	13
NACTC	13
NACTG	13
NTGGT	13
NGGAG	13
NCACT	13
NGGCC	13
NCAGC	13
NTCAA	13
NCCTT	13
AGATN	12
NTCGC	12
NTGAA	12
NTGCC	12
NAGTT	12
NTTAC	12
NCCGC	12
NTAGC	12
NCGTC	12
NTAAG	11
NTTTA	11
NGCGA	11
NTTAG	11
NGGAA	11
NGCAC	11
NGAGA	11
NACGC	11
NCAGG	11
NGAAG	11
NCGGC	11
CNGGC	10
GNGTG	10
CNGCC	10
NGGAC	10
NCTGT	10
GGCCN	10
NTGCA	10
NTCTT	10
NGCGG	10
NTCGG	10
ANTGA	10
TNTAT	10
NCCAA	10
NCCAC	10
NCCTA	10
NCCCG	10
NAAGT	10
NCGGG	9
ANTTA	9
NTAAC	9
NTGGG	9
NTGTC	9
NCCGA	9
NTGTG	9
NCTAA	9
NAATT	9
CAAAN	9
NACGT	9
NAGAG	8
NGAGG	8
GGGTN	8
NCAAA	8
NGTGC	8
TNTCT	8
NTGTA	8
NCGTA	8
ANCAA	8
GAATN	7
GCGCN	7
NGCGC	7
NACTA	7
NGTGA	7
TCTCN	7
TGGAN	7
CNGTC	7
ACGCN	7
GNTCG	6
NTTAA	6
NCCAG	6
AACAN	6
NTAAA	6
TAAAN	6
CCGCN	6
AGCCN	6
NTCTA	6
TNAAT	5
NTCAC	5
NACAG	5
CCACN	5
NCTAC	5
NTAGA	5
TAGAN	5
CAGNC	5
NGTAC	4
NTGAG	4
NCTAG	4
TGATN	4
CAATN	4
NTCGA	4
ANCCC	4
CNAAC	4
NCCGT	4
TCTAN	4
CGAAN	3
NTAGG	3
NGTAA	3
AGCAN	3
GNTTT	3
AAAGN	3
AATGN	3
TGNCT	3
ANTCA	3
ANCCT	3
TACAN	3
AGCNA	3
TCNCT	3
AAGCN	3
ANACC	3
CACNC	3
TCATN	3
CAGCN	3
TCAAN	3
GCGAN	3
GNTCT	3
CNTTC	3
TNACC	3
NATAG	3
CCCCN	3
GCTCN	3
TNTTG	2
CTATN	2
TACNT	2
TACCN	2
NCCGG	2
GGTAN	2
TCANT	2
ACCAN	2
AGTTN	2
GCAGN	2
GAACN	2
TNGCA	2
CACAN	2
TNTTT	2
TTATN	2
CTACN	2
TNCCG	2
AAATN	2
NTAGT	2
CNACA	2
ACATN	2
TNTCC	2
TGTTN	2
AATTN	2
TNGCG	2
TNGGA	2
CNACT	2
GCTTN	2
ANCCG	2
GTCAN	2
GNGGG	2
ANCTA	2
CGGCN	2
GNGAG	2
ANGAT	2
ANATC	2
GATGN	2
GGAGN	2
TATAN	1
TANGT	1
AAANA	1
TNTCA	1
TGCGN	1
GNAAA	1
TGAGN	1
TNACG	1
TNACT	1
TNAGG	1
TNATT	1
TNCAA	1
TGAAN	1
TNCTG	1
TTTAN	1
TNGGT	1
TCTGN	1
TNGTT	1
TATCN	1
TTTCN	1
TNTCG	1
TNTGC	1
TNTTA	1
TCNGC	1
TTAAN	1
AAGAN	1
TCCCN	1
TCCAN	1
TTACN	1
TCAGN	1
TTCAN	1
TATGN	1
TTGCN	1
GCCTN	1
GCGTN	1
GCGNT	1
ACTAN	1
ACAGN	1
ACANA	1
CCNCC	1
ACNAA	1
CCTCN	1
CCGAN	1
GCCAN	1
CGACN	1
ACGTN	1
CGCAN	1
CGCNT	1
GCACN	1
ACGAN	1
GATTN	1
ACTGN	1
CACNA	1
AGANA	1
CANAA	1
GGTCN	1
CANAC	1
AATNA	1
GGNTA	1
CATCN	1
CGNGG	1
CATTN	1
GGCGN	1
CCAGN	1
GGACN	1
GCTGN	1
ACACN	1
GCTAN	1
CCCNT	1
CNGGG	1
CNAGT	1
CTAAN	1
CNTTT	1
CNTTG	1
CNTTA	1
CNTGC	1
CNTGA	1
CNTCC	1
CNAAT	1
CNGCG	1
CNGAC	1
CNCTT	1
CNCGA	1
CNCAT	1
CNATG	1
CNCAG	1
CNCAC	1
ACCTN	1
GATNC	1
GATCN	1
TAGTN	1
CGTAN	1
GANTG	1
GANGG	1
GANGA	1
GAGTN	1
GGGAN	1
GAGCN	1
GACCN	1
GACAN	1
CGTTN	1
CNAAA	1
CTTGN	1
CTTCN	1
ANGTA	1
GNGAC	1
ANCGA	1
GNGCT	1
GNTAG	1
GNTAT	1
GNTCC	1
GNTGA	1
GNTGC	1
ANCGC	1
ANCTG	1
GNTGG	1
ANGAA	1
GNTGT	1
GNTTA	1
GNGGC	1
ANTAG	1
ATACN	1
CACGN	1
ATATN	1
GTACN	1
ATCAN	1
GTTNG	1
GTATN	1
AATCN	1
GTGCN	1
GTTGN	1
GTGGN	1
ATTTN	1
AANCC	1
AGGAN	1
AGGTN	1
AGCTN	1
GNAGC	1
GNATC	1
ANAAA	1
TAATN	1
TAANC	1
GNCTG	1
GNCAG	1
AANCG	1
GNCCT	1
GNCTA	1
GNCGG	1
GNCGA	1
CAAGN	1
AANGG	1
ANATT	1
ANCAT	1
